2025-07-18 00:32:59,822 DEBUG    root            Loaded Command Group: ['gcloud', 'init']
2025-07-18 00:32:59,825 DEBUG    root            Running [gcloud.init] with arguments: []
2025-07-18 00:32:59,826 INFO     ___FILE_ONLY___ Welcome! This command will take you through the configuration of gcloud.


2025-07-18 00:32:59,827 INFO     ___FILE_ONLY___ Settings from your current configuration [default] are:

2025-07-18 00:32:59,833 INFO     ___FILE_ONLY___ core:
  account: genyoungclip@gmail.com
  disable_usage_reporting: 'False'
  project: elparadisogonzalo-project

2025-07-18 00:32:59,833 INFO     ___FILE_ONLY___ 

2025-07-18 00:33:10,787 INFO     ___FILE_ONLY___ Your current configuration has been set to: [default]


2025-07-18 00:33:10,788 INFO     ___FILE_ONLY___ You can skip diagnostics next time by using the following flag:

2025-07-18 00:33:10,788 INFO     ___FILE_ONLY___   gcloud init --skip-diagnostics


2025-07-18 00:33:10,788 INFO     ___FILE_ONLY___ Network diagnostic detects and fixes local network connection issues.

2025-07-18 00:33:10,789 INFO     ___FILE_ONLY___ Checking network connection...
2025-07-18 00:33:15,759 DEBUG    urllib3.connectionpool Starting new HTTPS connection (1): accounts.google.com:443
2025-07-18 00:33:16,449 DEBUG    urllib3.connectionpool https://accounts.google.com:443 "GET / HTTP/1.1" 302 365
2025-07-18 00:33:16,669 DEBUG    urllib3.connectionpool https://accounts.google.com:443 "GET /ServiceLogin?passive=1209600&continue=https%3A%2F%2Faccounts.google.com%2F&followup=https%3A%2F%2Faccounts.google.com%2F HTTP/1.1" 302 0
2025-07-18 00:33:16,867 DEBUG    urllib3.connectionpool https://accounts.google.com:443 "GET /InteractiveLogin?continue=https://accounts.google.com/&followup=https://accounts.google.com/&passive=1209600&ifkv=AdBytiPvf6_ajJdjefS_-sGU-eO1h5c7vrfmxUuJRgkEUTDlOpGB1b8HEkl0ciYXmH-HpCH_vRj4Lw HTTP/1.1" 302 552
2025-07-18 00:33:17,183 DEBUG    urllib3.connectionpool https://accounts.google.com:443 "GET /v3/signin/identifier?continue=https%3A%2F%2Faccounts.google.com%2F&followup=https%3A%2F%2Faccounts.google.com%2F&ifkv=AdBytiPTKXtJPHriDsPTn19uFIn3ccJynJ-WFMZlwsflFWeznfF8f34JL0VNbFYunJIRCAblYe1J&passive=1209600&flowName=WebLiteSignIn&flowEntry=ServiceLogin&dsh=S1346186141%3A1752795197002237 HTTP/1.1" 200 None
2025-07-18 00:33:17,885 DEBUG    urllib3.connectionpool Starting new HTTPS connection (1): cloudresourcemanager.googleapis.com:443
2025-07-18 00:33:18,570 DEBUG    urllib3.connectionpool https://cloudresourcemanager.googleapis.com:443 "GET /v1beta1/projects HTTP/1.1" 401 None
2025-07-18 00:33:18,577 DEBUG    urllib3.connectionpool Starting new HTTPS connection (1): www.googleapis.com:443
2025-07-18 00:33:19,156 DEBUG    urllib3.connectionpool https://www.googleapis.com:443 "GET /auth/cloud-platform HTTP/1.1" 200 14
2025-07-18 00:33:19,167 DEBUG    urllib3.connectionpool Starting new HTTPS connection (1): dl.google.com:443
2025-07-18 00:33:19,803 DEBUG    urllib3.connectionpool https://dl.google.com:443 "GET /dl/cloudsdk/channels/rapid/components-2.json HTTP/1.1" 200 239798
2025-07-18 00:33:20,644 INFO     ___FILE_ONLY___ Reachability Check passed.

2025-07-18 00:33:20,646 INFO     ___FILE_ONLY___ Network diagnostic passed (1/1 checks passed).


2025-07-18 00:33:35,874 INFO     ___FILE_ONLY___ You are logged in as: [genyoungclip@gmail.com].


2025-07-18 00:33:35,915 DEBUG    google.auth.transport.requests Making request: POST https://oauth2.googleapis.com/token
2025-07-18 00:33:35,917 DEBUG    urllib3.connectionpool Starting new HTTPS connection (1): oauth2.googleapis.com:443
2025-07-18 00:33:36,581 DEBUG    urllib3.connectionpool https://oauth2.googleapis.com:443 "POST /token HTTP/1.1" 200 None
2025-07-18 00:33:36,647 DEBUG    urllib3.connectionpool Starting new HTTPS connection (1): cloudresourcemanager.googleapis.com:443
2025-07-18 00:33:38,061 DEBUG    urllib3.connectionpool https://cloudresourcemanager.googleapis.com:443 "GET /v1/projects?alt=json&filter=lifecycleState%3AACTIVE&pageSize=201 HTTP/1.1" 200 None
2025-07-18 00:33:44,914 INFO     ___FILE_ONLY___ Your current project has been set to: [elparadisogonzalo-project].


2025-07-18 00:33:45,024 DEBUG    root            Loaded Command Group: ['gcloud', 'compute']
2025-07-18 00:33:45,045 DEBUG    root            Loaded Command Group: ['gcloud', 'compute', 'project_info']
2025-07-18 00:33:45,069 DEBUG    root            Loaded Command Group: ['gcloud', 'compute', 'project-info', 'describe']
2025-07-18 00:33:45,071 INFO     root            Executing: [gcloud compute project-info describe --quiet]
2025-07-18 00:33:45,073 DEBUG    root            Running [gcloud.compute.project-info.describe] with arguments: [--no-user-output-enabled: "false", --quiet: "True", --verbosity: "none"]
2025-07-18 00:33:45,335 DEBUG    urllib3.connectionpool Starting new HTTPS connection (1): compute.googleapis.com:443
2025-07-18 00:33:46,223 DEBUG    urllib3.connectionpool https://compute.googleapis.com:443 "GET /compute/v1/projects/elparadisogonzalo-project?alt=json HTTP/1.1" 403 None
2025-07-18 00:33:46,241 DEBUG    root            Chosen display Format:list[title="Could not fetch resource:",always-display-title]
2025-07-18 00:33:46,243 DEBUG    root            (gcloud.compute.project-info.describe) Could not fetch resource:
 - Permission denied: Consumer 'projects/elparadisogonzalo-project' has been suspended.
Traceback (most recent call last):
  File "/data/data/com.termux/files/home/google-cloud-sdk/lib/googlecloudsdk/calliope/cli.py", line 987, in Execute
    resources = calliope_command.Run(cli=self, args=args)
                ^^^^^^^^^^^^^^^^^^^^^^^^^^^^^^^^^^^^^^^^^
  File "/data/data/com.termux/files/home/google-cloud-sdk/lib/googlecloudsdk/calliope/backend.py", line 807, in Run
    resources = command_instance.Run(args)
                ^^^^^^^^^^^^^^^^^^^^^^^^^^
  File "/data/data/com.termux/files/home/google-cloud-sdk/lib/surface/compute/project_info/describe.py", line 37, in Run
    return client.MakeRequests([(client.apitools_client.projects, 'Get',
           ^^^^^^^^^^^^^^^^^^^^^^^^^^^^^^^^^^^^^^^^^^^^^^^^^^^^^^^^^^^^^
  File "/data/data/com.termux/files/home/google-cloud-sdk/lib/googlecloudsdk/api_lib/compute/client_adapter.py", line 145, in MakeRequests
    utils.RaiseToolException(
  File "/data/data/com.termux/files/home/google-cloud-sdk/lib/googlecloudsdk/api_lib/compute/utils.py", line 139, in RaiseToolException
    RaiseException(problems, calliope_exceptions.ToolException, error_message)
  File "/data/data/com.termux/files/home/google-cloud-sdk/lib/googlecloudsdk/api_lib/compute/utils.py", line 148, in RaiseException
    raise exception(
googlecloudsdk.calliope.exceptions.ToolException: Could not fetch resource:
 - Permission denied: Consumer 'projects/elparadisogonzalo-project' has been suspended.

2025-07-18 00:33:46,255 ERROR    root            (gcloud.compute.project-info.describe) Could not fetch resource:
 - Permission denied: Consumer 'projects/elparadisogonzalo-project' has been suspended.

2025-07-18 00:33:46,281 INFO     root            [compute project-info describe --quiet] has failed

2025-07-18 00:33:46,282 INFO     ___FILE_ONLY___ Not setting default zone/region (this feature makes it easier to use
[gcloud compute] by setting an appropriate default value for the
--zone and --region flag).
See https://cloud.google.com/compute/docs/gcloud-compute section on how to set
default compute region and zone manually. If you would like [gcloud init] to be
able to do this for you the next time you run it, make sure the
Compute Engine API is enabled for your project on the
https://console.developers.google.com/apis page.


2025-07-18 00:33:46,283 DEBUG    root            Not configuring default .boto file. File already exists at [/data/data/com.termux/files/home/.boto].
2025-07-18 00:33:46,284 INFO     ___FILE_ONLY___ Your Google Cloud SDK is configured and ready to use!


2025-07-18 00:33:46,284 INFO     ___FILE_ONLY___ * Commands that require authentication will use genyoungclip@gmail.com by default

2025-07-18 00:33:46,284 INFO     ___FILE_ONLY___ * Commands will reference project `elparadisogonzalo-project` by default

2025-07-18 00:33:46,284 INFO     ___FILE_ONLY___ Run `gcloud help config` to learn how to change individual settings


2025-07-18 00:33:46,285 INFO     ___FILE_ONLY___ This gcloud configuration is called [default]. You can create additional configurations if you work with multiple accounts and/or projects.

2025-07-18 00:33:46,285 INFO     ___FILE_ONLY___ Run `gcloud topic configurations` to learn more.


2025-07-18 00:33:46,285 INFO     ___FILE_ONLY___ Some things to try next:


2025-07-18 00:33:46,285 INFO     ___FILE_ONLY___ * Run `gcloud --help` to see the Cloud Platform services you can interact with. And run `gcloud help COMMAND` to get help on any gcloud command.

2025-07-18 00:33:46,285 INFO     ___FILE_ONLY___ * Run `gcloud topic --help` to learn about advanced features of the SDK like arg files and output formatting

2025-07-18 00:33:46,286 INFO     ___FILE_ONLY___ * Run `gcloud cheat-sheet` to see a roster of go-to `gcloud` commands.

2025-07-18 00:33:46,286 DEBUG    root            Chosen display Format:default
2025-07-18 00:33:46,288 INFO     root            Display format: "default"
2025-07-18 00:33:46,299 DEBUG    root            Metrics reporting process started...
