2025-07-18 00:51:18,725 DEBUG    root            Metrics collector initialized...
2025-07-18 00:51:18,730 DEBUG    root            Loaded Command Group: ['gcloud', 'components']
2025-07-18 00:51:18,749 DEBUG    root            Loaded Command Group: ['gcloud', 'components', 'list']
2025-07-18 00:51:18,756 DEBUG    root            Running [gcloud.components.list] with arguments: [--quiet: "True"]
2025-07-18 00:51:18,767 DEBUG    urllib3.connectionpool Starting new HTTPS connection (1): dl.google.com:443
2025-07-18 00:51:19,478 DEBUG    urllib3.connectionpool https://dl.google.com:443 "GET /dl/cloudsdk/channels/rapid/components-2.json HTTP/1.1" 200 239798
2025-07-18 00:51:20,282 INFO     ___FILE_ONLY___ 
Your current Google Cloud CLI version is: 464.0.0

2025-07-18 00:51:20,283 INFO     ___FILE_ONLY___ The latest available version is: 530.0.0

2025-07-18 00:51:20,283 INFO     ___FILE_ONLY___ 

2025-07-18 00:51:20,285 DEBUG    root            Chosen display Format:table[box,title="Components"](state.name:label=Status,name:label=Name,id:label=ID,size.size(zero="",min=1048576):label=Size:align=right)
2025-07-18 00:51:20,286 INFO     root            Display format: "table[box,title="Components"](state.name:label=Status,name:label=Name,id:label=ID,size.size(zero="",min=1048576):label=Size:align=right)"
2025-07-18 00:51:20,308 INFO     ___FILE_ONLY___ ┌────────────────────────────────────────────────────────────────────────────────────────────────────────────────────┐
2025-07-18 00:51:20,308 INFO     ___FILE_ONLY___ 

2025-07-18 00:51:20,308 INFO     ___FILE_ONLY___ │                                                     Components                                                     │
2025-07-18 00:51:20,308 INFO     ___FILE_ONLY___ 

2025-07-18 00:51:20,308 INFO     ___FILE_ONLY___ ├──────────────────┬──────────────────────────────────────────────────────┬──────────────────────────────┬───────────┤
2025-07-18 00:51:20,308 INFO     ___FILE_ONLY___ 

2025-07-18 00:51:20,308 INFO     ___FILE_ONLY___ │      Status      │                         Name                         │              ID              │    Size   │
2025-07-18 00:51:20,309 INFO     ___FILE_ONLY___ 

2025-07-18 00:51:20,309 INFO     ___FILE_ONLY___ ├──────────────────┼──────────────────────────────────────────────────────┼──────────────────────────────┼───────────┤
2025-07-18 00:51:20,309 INFO     ___FILE_ONLY___ 

2025-07-18 00:51:20,309 INFO     ___FILE_ONLY___ │ 
2025-07-18 00:51:20,309 INFO     ___FILE_ONLY___ Update Available
2025-07-18 00:51:20,309 INFO     ___FILE_ONLY___  
2025-07-18 00:51:20,309 INFO     ___FILE_ONLY___ │ 
2025-07-18 00:51:20,309 INFO     ___FILE_ONLY___ BigQuery Command Line Tool                          
2025-07-18 00:51:20,309 INFO     ___FILE_ONLY___  
2025-07-18 00:51:20,309 INFO     ___FILE_ONLY___ │ 
2025-07-18 00:51:20,309 INFO     ___FILE_ONLY___ bq                          
2025-07-18 00:51:20,309 INFO     ___FILE_ONLY___  
2025-07-18 00:51:20,309 INFO     ___FILE_ONLY___ │ 
2025-07-18 00:51:20,309 INFO     ___FILE_ONLY___   1.8 MiB
2025-07-18 00:51:20,309 INFO     ___FILE_ONLY___  
2025-07-18 00:51:20,309 INFO     ___FILE_ONLY___ │
2025-07-18 00:51:20,310 INFO     ___FILE_ONLY___ 

2025-07-18 00:51:20,310 INFO     ___FILE_ONLY___ │ 
2025-07-18 00:51:20,310 INFO     ___FILE_ONLY___ Update Available
2025-07-18 00:51:20,310 INFO     ___FILE_ONLY___  
2025-07-18 00:51:20,310 INFO     ___FILE_ONLY___ │ 
2025-07-18 00:51:20,310 INFO     ___FILE_ONLY___ Cloud Storage Command Line Tool                     
2025-07-18 00:51:20,310 INFO     ___FILE_ONLY___  
2025-07-18 00:51:20,310 INFO     ___FILE_ONLY___ │ 
2025-07-18 00:51:20,310 INFO     ___FILE_ONLY___ gsutil                      
2025-07-18 00:51:20,310 INFO     ___FILE_ONLY___  
2025-07-18 00:51:20,310 INFO     ___FILE_ONLY___ │ 
2025-07-18 00:51:20,310 INFO     ___FILE_ONLY___  12.4 MiB
2025-07-18 00:51:20,310 INFO     ___FILE_ONLY___  
2025-07-18 00:51:20,310 INFO     ___FILE_ONLY___ │
2025-07-18 00:51:20,310 INFO     ___FILE_ONLY___ 

2025-07-18 00:51:20,311 INFO     ___FILE_ONLY___ │ 
2025-07-18 00:51:20,311 INFO     ___FILE_ONLY___ Update Available
2025-07-18 00:51:20,311 INFO     ___FILE_ONLY___  
2025-07-18 00:51:20,311 INFO     ___FILE_ONLY___ │ 
2025-07-18 00:51:20,311 INFO     ___FILE_ONLY___ Google Cloud CLI Core Libraries                     
2025-07-18 00:51:20,311 INFO     ___FILE_ONLY___  
2025-07-18 00:51:20,311 INFO     ___FILE_ONLY___ │ 
2025-07-18 00:51:20,311 INFO     ___FILE_ONLY___ core                        
2025-07-18 00:51:20,311 INFO     ___FILE_ONLY___  
2025-07-18 00:51:20,311 INFO     ___FILE_ONLY___ │ 
2025-07-18 00:51:20,311 INFO     ___FILE_ONLY___  22.0 MiB
2025-07-18 00:51:20,311 INFO     ___FILE_ONLY___  
2025-07-18 00:51:20,311 INFO     ___FILE_ONLY___ │
2025-07-18 00:51:20,311 INFO     ___FILE_ONLY___ 

2025-07-18 00:51:20,311 INFO     ___FILE_ONLY___ │ 
2025-07-18 00:51:20,311 INFO     ___FILE_ONLY___ Not Installed   
2025-07-18 00:51:20,311 INFO     ___FILE_ONLY___  
2025-07-18 00:51:20,311 INFO     ___FILE_ONLY___ │ 
2025-07-18 00:51:20,312 INFO     ___FILE_ONLY___ App Engine Go Extensions                            
2025-07-18 00:51:20,312 INFO     ___FILE_ONLY___  
2025-07-18 00:51:20,312 INFO     ___FILE_ONLY___ │ 
2025-07-18 00:51:20,312 INFO     ___FILE_ONLY___ app-engine-go               
2025-07-18 00:51:20,312 INFO     ___FILE_ONLY___  
2025-07-18 00:51:20,312 INFO     ___FILE_ONLY___ │ 
2025-07-18 00:51:20,312 INFO     ___FILE_ONLY___   4.4 MiB
2025-07-18 00:51:20,312 INFO     ___FILE_ONLY___  
2025-07-18 00:51:20,312 INFO     ___FILE_ONLY___ │
2025-07-18 00:51:20,312 INFO     ___FILE_ONLY___ 

2025-07-18 00:51:20,312 INFO     ___FILE_ONLY___ │ 
2025-07-18 00:51:20,312 INFO     ___FILE_ONLY___ Not Installed   
2025-07-18 00:51:20,312 INFO     ___FILE_ONLY___  
2025-07-18 00:51:20,312 INFO     ___FILE_ONLY___ │ 
2025-07-18 00:51:20,312 INFO     ___FILE_ONLY___ Artifact Registry Go Module Package Helper          
2025-07-18 00:51:20,312 INFO     ___FILE_ONLY___  
2025-07-18 00:51:20,312 INFO     ___FILE_ONLY___ │ 
2025-07-18 00:51:20,312 INFO     ___FILE_ONLY___ package-go-module           
2025-07-18 00:51:20,312 INFO     ___FILE_ONLY___  
2025-07-18 00:51:20,312 INFO     ___FILE_ONLY___ │ 
2025-07-18 00:51:20,313 INFO     ___FILE_ONLY___   < 1 MiB
2025-07-18 00:51:20,313 INFO     ___FILE_ONLY___  
2025-07-18 00:51:20,313 INFO     ___FILE_ONLY___ │
2025-07-18 00:51:20,313 INFO     ___FILE_ONLY___ 

2025-07-18 00:51:20,313 INFO     ___FILE_ONLY___ │ 
2025-07-18 00:51:20,313 INFO     ___FILE_ONLY___ Not Installed   
2025-07-18 00:51:20,313 INFO     ___FILE_ONLY___  
2025-07-18 00:51:20,313 INFO     ___FILE_ONLY___ │ 
2025-07-18 00:51:20,313 INFO     ___FILE_ONLY___ Cloud Bigtable Command Line Tool                    
2025-07-18 00:51:20,313 INFO     ___FILE_ONLY___  
2025-07-18 00:51:20,313 INFO     ___FILE_ONLY___ │ 
2025-07-18 00:51:20,313 INFO     ___FILE_ONLY___ cbt                         
2025-07-18 00:51:20,313 INFO     ___FILE_ONLY___  
2025-07-18 00:51:20,313 INFO     ___FILE_ONLY___ │ 
2025-07-18 00:51:20,313 INFO     ___FILE_ONLY___  18.7 MiB
2025-07-18 00:51:20,313 INFO     ___FILE_ONLY___  
2025-07-18 00:51:20,313 INFO     ___FILE_ONLY___ │
2025-07-18 00:51:20,313 INFO     ___FILE_ONLY___ 

2025-07-18 00:51:20,313 INFO     ___FILE_ONLY___ │ 
2025-07-18 00:51:20,314 INFO     ___FILE_ONLY___ Not Installed   
2025-07-18 00:51:20,314 INFO     ___FILE_ONLY___  
2025-07-18 00:51:20,314 INFO     ___FILE_ONLY___ │ 
2025-07-18 00:51:20,314 INFO     ___FILE_ONLY___ Cloud Bigtable Emulator                             
2025-07-18 00:51:20,314 INFO     ___FILE_ONLY___  
2025-07-18 00:51:20,314 INFO     ___FILE_ONLY___ │ 
2025-07-18 00:51:20,314 INFO     ___FILE_ONLY___ bigtable                    
2025-07-18 00:51:20,314 INFO     ___FILE_ONLY___  
2025-07-18 00:51:20,314 INFO     ___FILE_ONLY___ │ 
2025-07-18 00:51:20,314 INFO     ___FILE_ONLY___   8.0 MiB
2025-07-18 00:51:20,314 INFO     ___FILE_ONLY___  
2025-07-18 00:51:20,314 INFO     ___FILE_ONLY___ │
2025-07-18 00:51:20,314 INFO     ___FILE_ONLY___ 

2025-07-18 00:51:20,314 INFO     ___FILE_ONLY___ │ 
2025-07-18 00:51:20,314 INFO     ___FILE_ONLY___ Not Installed   
2025-07-18 00:51:20,314 INFO     ___FILE_ONLY___  
2025-07-18 00:51:20,314 INFO     ___FILE_ONLY___ │ 
2025-07-18 00:51:20,314 INFO     ___FILE_ONLY___ Cloud Datastore Emulator                            
2025-07-18 00:51:20,315 INFO     ___FILE_ONLY___  
2025-07-18 00:51:20,315 INFO     ___FILE_ONLY___ │ 
2025-07-18 00:51:20,315 INFO     ___FILE_ONLY___ cloud-datastore-emulator    
2025-07-18 00:51:20,315 INFO     ___FILE_ONLY___  
2025-07-18 00:51:20,315 INFO     ___FILE_ONLY___ │ 
2025-07-18 00:51:20,315 INFO     ___FILE_ONLY___  36.2 MiB
2025-07-18 00:51:20,315 INFO     ___FILE_ONLY___  
2025-07-18 00:51:20,315 INFO     ___FILE_ONLY___ │
2025-07-18 00:51:20,315 INFO     ___FILE_ONLY___ 

2025-07-18 00:51:20,315 INFO     ___FILE_ONLY___ │ 
2025-07-18 00:51:20,315 INFO     ___FILE_ONLY___ Not Installed   
2025-07-18 00:51:20,315 INFO     ___FILE_ONLY___  
2025-07-18 00:51:20,315 INFO     ___FILE_ONLY___ │ 
2025-07-18 00:51:20,315 INFO     ___FILE_ONLY___ Cloud Firestore Emulator                            
2025-07-18 00:51:20,315 INFO     ___FILE_ONLY___  
2025-07-18 00:51:20,315 INFO     ___FILE_ONLY___ │ 
2025-07-18 00:51:20,315 INFO     ___FILE_ONLY___ cloud-firestore-emulator    
2025-07-18 00:51:20,315 INFO     ___FILE_ONLY___  
2025-07-18 00:51:20,315 INFO     ___FILE_ONLY___ │ 
2025-07-18 00:51:20,315 INFO     ___FILE_ONLY___  53.7 MiB
2025-07-18 00:51:20,316 INFO     ___FILE_ONLY___  
2025-07-18 00:51:20,316 INFO     ___FILE_ONLY___ │
2025-07-18 00:51:20,316 INFO     ___FILE_ONLY___ 

2025-07-18 00:51:20,316 INFO     ___FILE_ONLY___ │ 
2025-07-18 00:51:20,316 INFO     ___FILE_ONLY___ Not Installed   
2025-07-18 00:51:20,316 INFO     ___FILE_ONLY___  
2025-07-18 00:51:20,316 INFO     ___FILE_ONLY___ │ 
2025-07-18 00:51:20,316 INFO     ___FILE_ONLY___ Cloud Pub/Sub Emulator                              
2025-07-18 00:51:20,316 INFO     ___FILE_ONLY___  
2025-07-18 00:51:20,316 INFO     ___FILE_ONLY___ │ 
2025-07-18 00:51:20,316 INFO     ___FILE_ONLY___ pubsub-emulator             
2025-07-18 00:51:20,316 INFO     ___FILE_ONLY___  
2025-07-18 00:51:20,316 INFO     ___FILE_ONLY___ │ 
2025-07-18 00:51:20,316 INFO     ___FILE_ONLY___  62.4 MiB
2025-07-18 00:51:20,316 INFO     ___FILE_ONLY___  
2025-07-18 00:51:20,316 INFO     ___FILE_ONLY___ │
2025-07-18 00:51:20,316 INFO     ___FILE_ONLY___ 

2025-07-18 00:51:20,316 INFO     ___FILE_ONLY___ │ 
2025-07-18 00:51:20,316 INFO     ___FILE_ONLY___ Not Installed   
2025-07-18 00:51:20,317 INFO     ___FILE_ONLY___  
2025-07-18 00:51:20,317 INFO     ___FILE_ONLY___ │ 
2025-07-18 00:51:20,317 INFO     ___FILE_ONLY___ Cloud Run Proxy                                     
2025-07-18 00:51:20,317 INFO     ___FILE_ONLY___  
2025-07-18 00:51:20,317 INFO     ___FILE_ONLY___ │ 
2025-07-18 00:51:20,317 INFO     ___FILE_ONLY___ cloud-run-proxy             
2025-07-18 00:51:20,317 INFO     ___FILE_ONLY___  
2025-07-18 00:51:20,317 INFO     ___FILE_ONLY___ │ 
2025-07-18 00:51:20,317 INFO     ___FILE_ONLY___  11.3 MiB
2025-07-18 00:51:20,317 INFO     ___FILE_ONLY___  
2025-07-18 00:51:20,317 INFO     ___FILE_ONLY___ │
2025-07-18 00:51:20,317 INFO     ___FILE_ONLY___ 

2025-07-18 00:51:20,317 INFO     ___FILE_ONLY___ │ 
2025-07-18 00:51:20,317 INFO     ___FILE_ONLY___ Not Installed   
2025-07-18 00:51:20,317 INFO     ___FILE_ONLY___  
2025-07-18 00:51:20,317 INFO     ___FILE_ONLY___ │ 
2025-07-18 00:51:20,317 INFO     ___FILE_ONLY___ Cloud SQL Proxy v2                                  
2025-07-18 00:51:20,317 INFO     ___FILE_ONLY___  
2025-07-18 00:51:20,317 INFO     ___FILE_ONLY___ │ 
2025-07-18 00:51:20,318 INFO     ___FILE_ONLY___ cloud-sql-proxy             
2025-07-18 00:51:20,318 INFO     ___FILE_ONLY___  
2025-07-18 00:51:20,318 INFO     ___FILE_ONLY___ │ 
2025-07-18 00:51:20,318 INFO     ___FILE_ONLY___  14.4 MiB
2025-07-18 00:51:20,318 INFO     ___FILE_ONLY___  
2025-07-18 00:51:20,318 INFO     ___FILE_ONLY___ │
2025-07-18 00:51:20,318 INFO     ___FILE_ONLY___ 

2025-07-18 00:51:20,318 INFO     ___FILE_ONLY___ │ 
2025-07-18 00:51:20,318 INFO     ___FILE_ONLY___ Not Installed   
2025-07-18 00:51:20,318 INFO     ___FILE_ONLY___  
2025-07-18 00:51:20,318 INFO     ___FILE_ONLY___ │ 
2025-07-18 00:51:20,318 INFO     ___FILE_ONLY___ Google Container Registry's Docker credential helper
2025-07-18 00:51:20,318 INFO     ___FILE_ONLY___  
2025-07-18 00:51:20,318 INFO     ___FILE_ONLY___ │ 
2025-07-18 00:51:20,318 INFO     ___FILE_ONLY___ docker-credential-gcr       
2025-07-18 00:51:20,318 INFO     ___FILE_ONLY___  
2025-07-18 00:51:20,318 INFO     ___FILE_ONLY___ │ 
2025-07-18 00:51:20,318 INFO     ___FILE_ONLY___   2.0 MiB
2025-07-18 00:51:20,318 INFO     ___FILE_ONLY___  
2025-07-18 00:51:20,319 INFO     ___FILE_ONLY___ │
2025-07-18 00:51:20,319 INFO     ___FILE_ONLY___ 

2025-07-18 00:51:20,319 INFO     ___FILE_ONLY___ │ 
2025-07-18 00:51:20,319 INFO     ___FILE_ONLY___ Not Installed   
2025-07-18 00:51:20,319 INFO     ___FILE_ONLY___  
2025-07-18 00:51:20,319 INFO     ___FILE_ONLY___ │ 
2025-07-18 00:51:20,319 INFO     ___FILE_ONLY___ Kustomize                                           
2025-07-18 00:51:20,319 INFO     ___FILE_ONLY___  
2025-07-18 00:51:20,319 INFO     ___FILE_ONLY___ │ 
2025-07-18 00:51:20,319 INFO     ___FILE_ONLY___ kustomize                   
2025-07-18 00:51:20,319 INFO     ___FILE_ONLY___  
2025-07-18 00:51:20,319 INFO     ___FILE_ONLY___ │ 
2025-07-18 00:51:20,319 INFO     ___FILE_ONLY___   3.9 MiB
2025-07-18 00:51:20,319 INFO     ___FILE_ONLY___  
2025-07-18 00:51:20,319 INFO     ___FILE_ONLY___ │
2025-07-18 00:51:20,319 INFO     ___FILE_ONLY___ 

2025-07-18 00:51:20,319 INFO     ___FILE_ONLY___ │ 
2025-07-18 00:51:20,319 INFO     ___FILE_ONLY___ Not Installed   
2025-07-18 00:51:20,319 INFO     ___FILE_ONLY___  
2025-07-18 00:51:20,320 INFO     ___FILE_ONLY___ │ 
2025-07-18 00:51:20,320 INFO     ___FILE_ONLY___ Log Streaming                                       
2025-07-18 00:51:20,320 INFO     ___FILE_ONLY___  
2025-07-18 00:51:20,320 INFO     ___FILE_ONLY___ │ 
2025-07-18 00:51:20,320 INFO     ___FILE_ONLY___ log-streaming               
2025-07-18 00:51:20,320 INFO     ___FILE_ONLY___  
2025-07-18 00:51:20,320 INFO     ___FILE_ONLY___ │ 
2025-07-18 00:51:20,320 INFO     ___FILE_ONLY___  15.7 MiB
2025-07-18 00:51:20,320 INFO     ___FILE_ONLY___  
2025-07-18 00:51:20,320 INFO     ___FILE_ONLY___ │
2025-07-18 00:51:20,320 INFO     ___FILE_ONLY___ 

2025-07-18 00:51:20,320 INFO     ___FILE_ONLY___ │ 
2025-07-18 00:51:20,320 INFO     ___FILE_ONLY___ Not Installed   
2025-07-18 00:51:20,320 INFO     ___FILE_ONLY___  
2025-07-18 00:51:20,320 INFO     ___FILE_ONLY___ │ 
2025-07-18 00:51:20,320 INFO     ___FILE_ONLY___ Managed Flink Client                                
2025-07-18 00:51:20,320 INFO     ___FILE_ONLY___  
2025-07-18 00:51:20,320 INFO     ___FILE_ONLY___ │ 
2025-07-18 00:51:20,320 INFO     ___FILE_ONLY___ managed-flink-client        
2025-07-18 00:51:20,320 INFO     ___FILE_ONLY___  
2025-07-18 00:51:20,321 INFO     ___FILE_ONLY___ │ 
2025-07-18 00:51:20,321 INFO     ___FILE_ONLY___ 383.4 MiB
2025-07-18 00:51:20,321 INFO     ___FILE_ONLY___  
2025-07-18 00:51:20,321 INFO     ___FILE_ONLY___ │
2025-07-18 00:51:20,321 INFO     ___FILE_ONLY___ 

2025-07-18 00:51:20,321 INFO     ___FILE_ONLY___ │ 
2025-07-18 00:51:20,321 INFO     ___FILE_ONLY___ Not Installed   
2025-07-18 00:51:20,321 INFO     ___FILE_ONLY___  
2025-07-18 00:51:20,321 INFO     ___FILE_ONLY___ │ 
2025-07-18 00:51:20,321 INFO     ___FILE_ONLY___ Minikube                                            
2025-07-18 00:51:20,321 INFO     ___FILE_ONLY___  
2025-07-18 00:51:20,321 INFO     ___FILE_ONLY___ │ 
2025-07-18 00:51:20,321 INFO     ___FILE_ONLY___ minikube                    
2025-07-18 00:51:20,321 INFO     ___FILE_ONLY___  
2025-07-18 00:51:20,321 INFO     ___FILE_ONLY___ │ 
2025-07-18 00:51:20,321 INFO     ___FILE_ONLY___  44.7 MiB
2025-07-18 00:51:20,321 INFO     ___FILE_ONLY___  
2025-07-18 00:51:20,321 INFO     ___FILE_ONLY___ │
2025-07-18 00:51:20,321 INFO     ___FILE_ONLY___ 

2025-07-18 00:51:20,322 INFO     ___FILE_ONLY___ │ 
2025-07-18 00:51:20,322 INFO     ___FILE_ONLY___ Not Installed   
2025-07-18 00:51:20,322 INFO     ___FILE_ONLY___  
2025-07-18 00:51:20,322 INFO     ___FILE_ONLY___ │ 
2025-07-18 00:51:20,322 INFO     ___FILE_ONLY___ On-Demand Scanning API extraction helper            
2025-07-18 00:51:20,322 INFO     ___FILE_ONLY___  
2025-07-18 00:51:20,322 INFO     ___FILE_ONLY___ │ 
2025-07-18 00:51:20,322 INFO     ___FILE_ONLY___ local-extract               
2025-07-18 00:51:20,322 INFO     ___FILE_ONLY___  
2025-07-18 00:51:20,322 INFO     ___FILE_ONLY___ │ 
2025-07-18 00:51:20,322 INFO     ___FILE_ONLY___  29.2 MiB
2025-07-18 00:51:20,322 INFO     ___FILE_ONLY___  
2025-07-18 00:51:20,322 INFO     ___FILE_ONLY___ │
2025-07-18 00:51:20,322 INFO     ___FILE_ONLY___ 

2025-07-18 00:51:20,322 INFO     ___FILE_ONLY___ │ 
2025-07-18 00:51:20,322 INFO     ___FILE_ONLY___ Not Installed   
2025-07-18 00:51:20,322 INFO     ___FILE_ONLY___  
2025-07-18 00:51:20,322 INFO     ___FILE_ONLY___ │ 
2025-07-18 00:51:20,323 INFO     ___FILE_ONLY___ Skaffold                                            
2025-07-18 00:51:20,323 INFO     ___FILE_ONLY___  
2025-07-18 00:51:20,323 INFO     ___FILE_ONLY___ │ 
2025-07-18 00:51:20,323 INFO     ___FILE_ONLY___ skaffold                    
2025-07-18 00:51:20,323 INFO     ___FILE_ONLY___  
2025-07-18 00:51:20,323 INFO     ___FILE_ONLY___ │ 
2025-07-18 00:51:20,323 INFO     ___FILE_ONLY___  30.8 MiB
2025-07-18 00:51:20,323 INFO     ___FILE_ONLY___  
2025-07-18 00:51:20,323 INFO     ___FILE_ONLY___ │
2025-07-18 00:51:20,323 INFO     ___FILE_ONLY___ 

2025-07-18 00:51:20,323 INFO     ___FILE_ONLY___ │ 
2025-07-18 00:51:20,323 INFO     ___FILE_ONLY___ Not Installed   
2025-07-18 00:51:20,323 INFO     ___FILE_ONLY___  
2025-07-18 00:51:20,323 INFO     ___FILE_ONLY___ │ 
2025-07-18 00:51:20,323 INFO     ___FILE_ONLY___ Spanner Cli                                         
2025-07-18 00:51:20,323 INFO     ___FILE_ONLY___  
2025-07-18 00:51:20,323 INFO     ___FILE_ONLY___ │ 
2025-07-18 00:51:20,323 INFO     ___FILE_ONLY___ spanner-cli                 
2025-07-18 00:51:20,323 INFO     ___FILE_ONLY___  
2025-07-18 00:51:20,323 INFO     ___FILE_ONLY___ │ 
2025-07-18 00:51:20,324 INFO     ___FILE_ONLY___  11.5 MiB
2025-07-18 00:51:20,324 INFO     ___FILE_ONLY___  
2025-07-18 00:51:20,324 INFO     ___FILE_ONLY___ │
2025-07-18 00:51:20,324 INFO     ___FILE_ONLY___ 

2025-07-18 00:51:20,324 INFO     ___FILE_ONLY___ │ 
2025-07-18 00:51:20,324 INFO     ___FILE_ONLY___ Not Installed   
2025-07-18 00:51:20,324 INFO     ___FILE_ONLY___  
2025-07-18 00:51:20,324 INFO     ___FILE_ONLY___ │ 
2025-07-18 00:51:20,324 INFO     ___FILE_ONLY___ Terraform Tools                                     
2025-07-18 00:51:20,324 INFO     ___FILE_ONLY___  
2025-07-18 00:51:20,324 INFO     ___FILE_ONLY___ │ 
2025-07-18 00:51:20,324 INFO     ___FILE_ONLY___ terraform-tools             
2025-07-18 00:51:20,324 INFO     ___FILE_ONLY___  
2025-07-18 00:51:20,324 INFO     ___FILE_ONLY___ │ 
2025-07-18 00:51:20,324 INFO     ___FILE_ONLY___  61.6 MiB
2025-07-18 00:51:20,324 INFO     ___FILE_ONLY___  
2025-07-18 00:51:20,324 INFO     ___FILE_ONLY___ │
2025-07-18 00:51:20,324 INFO     ___FILE_ONLY___ 

2025-07-18 00:51:20,324 INFO     ___FILE_ONLY___ │ 
2025-07-18 00:51:20,325 INFO     ___FILE_ONLY___ Not Installed   
2025-07-18 00:51:20,325 INFO     ___FILE_ONLY___  
2025-07-18 00:51:20,325 INFO     ___FILE_ONLY___ │ 
2025-07-18 00:51:20,325 INFO     ___FILE_ONLY___ anthos-auth                                         
2025-07-18 00:51:20,325 INFO     ___FILE_ONLY___  
2025-07-18 00:51:20,325 INFO     ___FILE_ONLY___ │ 
2025-07-18 00:51:20,325 INFO     ___FILE_ONLY___ anthos-auth                 
2025-07-18 00:51:20,325 INFO     ___FILE_ONLY___  
2025-07-18 00:51:20,325 INFO     ___FILE_ONLY___ │ 
2025-07-18 00:51:20,325 INFO     ___FILE_ONLY___  20.4 MiB
2025-07-18 00:51:20,325 INFO     ___FILE_ONLY___  
2025-07-18 00:51:20,325 INFO     ___FILE_ONLY___ │
2025-07-18 00:51:20,325 INFO     ___FILE_ONLY___ 

2025-07-18 00:51:20,325 INFO     ___FILE_ONLY___ │ 
2025-07-18 00:51:20,325 INFO     ___FILE_ONLY___ Not Installed   
2025-07-18 00:51:20,325 INFO     ___FILE_ONLY___  
2025-07-18 00:51:20,325 INFO     ___FILE_ONLY___ │ 
2025-07-18 00:51:20,325 INFO     ___FILE_ONLY___ config-connector                                    
2025-07-18 00:51:20,325 INFO     ___FILE_ONLY___  
2025-07-18 00:51:20,326 INFO     ___FILE_ONLY___ │ 
2025-07-18 00:51:20,326 INFO     ___FILE_ONLY___ config-connector            
2025-07-18 00:51:20,326 INFO     ___FILE_ONLY___  
2025-07-18 00:51:20,326 INFO     ___FILE_ONLY___ │ 
2025-07-18 00:51:20,326 INFO     ___FILE_ONLY___  85.9 MiB
2025-07-18 00:51:20,326 INFO     ___FILE_ONLY___  
2025-07-18 00:51:20,326 INFO     ___FILE_ONLY___ │
2025-07-18 00:51:20,326 INFO     ___FILE_ONLY___ 

2025-07-18 00:51:20,326 INFO     ___FILE_ONLY___ │ 
2025-07-18 00:51:20,326 INFO     ___FILE_ONLY___ Not Installed   
2025-07-18 00:51:20,326 INFO     ___FILE_ONLY___  
2025-07-18 00:51:20,326 INFO     ___FILE_ONLY___ │ 
2025-07-18 00:51:20,326 INFO     ___FILE_ONLY___ enterprise-certificate-proxy                        
2025-07-18 00:51:20,326 INFO     ___FILE_ONLY___  
2025-07-18 00:51:20,326 INFO     ___FILE_ONLY___ │ 
2025-07-18 00:51:20,326 INFO     ___FILE_ONLY___ enterprise-certificate-proxy
2025-07-18 00:51:20,326 INFO     ___FILE_ONLY___  
2025-07-18 00:51:20,326 INFO     ___FILE_ONLY___ │ 
2025-07-18 00:51:20,326 INFO     ___FILE_ONLY___          
2025-07-18 00:51:20,327 INFO     ___FILE_ONLY___  
2025-07-18 00:51:20,327 INFO     ___FILE_ONLY___ │
2025-07-18 00:51:20,327 INFO     ___FILE_ONLY___ 

2025-07-18 00:51:20,327 INFO     ___FILE_ONLY___ │ 
2025-07-18 00:51:20,327 INFO     ___FILE_ONLY___ Not Installed   
2025-07-18 00:51:20,327 INFO     ___FILE_ONLY___  
2025-07-18 00:51:20,327 INFO     ___FILE_ONLY___ │ 
2025-07-18 00:51:20,327 INFO     ___FILE_ONLY___ gcloud Alpha Commands                               
2025-07-18 00:51:20,327 INFO     ___FILE_ONLY___  
2025-07-18 00:51:20,327 INFO     ___FILE_ONLY___ │ 
2025-07-18 00:51:20,327 INFO     ___FILE_ONLY___ alpha                       
2025-07-18 00:51:20,327 INFO     ___FILE_ONLY___  
2025-07-18 00:51:20,327 INFO     ___FILE_ONLY___ │ 
2025-07-18 00:51:20,327 INFO     ___FILE_ONLY___   < 1 MiB
2025-07-18 00:51:20,327 INFO     ___FILE_ONLY___  
2025-07-18 00:51:20,327 INFO     ___FILE_ONLY___ │
2025-07-18 00:51:20,327 INFO     ___FILE_ONLY___ 

2025-07-18 00:51:20,327 INFO     ___FILE_ONLY___ │ 
2025-07-18 00:51:20,327 INFO     ___FILE_ONLY___ Not Installed   
2025-07-18 00:51:20,327 INFO     ___FILE_ONLY___  
2025-07-18 00:51:20,328 INFO     ___FILE_ONLY___ │ 
2025-07-18 00:51:20,328 INFO     ___FILE_ONLY___ gcloud Beta Commands                                
2025-07-18 00:51:20,328 INFO     ___FILE_ONLY___  
2025-07-18 00:51:20,328 INFO     ___FILE_ONLY___ │ 
2025-07-18 00:51:20,328 INFO     ___FILE_ONLY___ beta                        
2025-07-18 00:51:20,328 INFO     ___FILE_ONLY___  
2025-07-18 00:51:20,328 INFO     ___FILE_ONLY___ │ 
2025-07-18 00:51:20,328 INFO     ___FILE_ONLY___   < 1 MiB
2025-07-18 00:51:20,328 INFO     ___FILE_ONLY___  
2025-07-18 00:51:20,328 INFO     ___FILE_ONLY___ │
2025-07-18 00:51:20,328 INFO     ___FILE_ONLY___ 

2025-07-18 00:51:20,328 INFO     ___FILE_ONLY___ │ 
2025-07-18 00:51:20,328 INFO     ___FILE_ONLY___ Not Installed   
2025-07-18 00:51:20,328 INFO     ___FILE_ONLY___  
2025-07-18 00:51:20,328 INFO     ___FILE_ONLY___ │ 
2025-07-18 00:51:20,328 INFO     ___FILE_ONLY___ gcloud app Java Extensions                          
2025-07-18 00:51:20,328 INFO     ___FILE_ONLY___  
2025-07-18 00:51:20,328 INFO     ___FILE_ONLY___ │ 
2025-07-18 00:51:20,329 INFO     ___FILE_ONLY___ app-engine-java             
2025-07-18 00:51:20,329 INFO     ___FILE_ONLY___  
2025-07-18 00:51:20,329 INFO     ___FILE_ONLY___ │ 
2025-07-18 00:51:20,329 INFO     ___FILE_ONLY___ 137.0 MiB
2025-07-18 00:51:20,329 INFO     ___FILE_ONLY___  
2025-07-18 00:51:20,329 INFO     ___FILE_ONLY___ │
2025-07-18 00:51:20,329 INFO     ___FILE_ONLY___ 

2025-07-18 00:51:20,329 INFO     ___FILE_ONLY___ │ 
2025-07-18 00:51:20,329 INFO     ___FILE_ONLY___ Not Installed   
2025-07-18 00:51:20,329 INFO     ___FILE_ONLY___  
2025-07-18 00:51:20,329 INFO     ___FILE_ONLY___ │ 
2025-07-18 00:51:20,329 INFO     ___FILE_ONLY___ gcloud app Python Extensions                        
2025-07-18 00:51:20,329 INFO     ___FILE_ONLY___  
2025-07-18 00:51:20,329 INFO     ___FILE_ONLY___ │ 
2025-07-18 00:51:20,329 INFO     ___FILE_ONLY___ app-engine-python           
2025-07-18 00:51:20,329 INFO     ___FILE_ONLY___  
2025-07-18 00:51:20,329 INFO     ___FILE_ONLY___ │ 
2025-07-18 00:51:20,329 INFO     ___FILE_ONLY___   3.8 MiB
2025-07-18 00:51:20,329 INFO     ___FILE_ONLY___  
2025-07-18 00:51:20,329 INFO     ___FILE_ONLY___ │
2025-07-18 00:51:20,330 INFO     ___FILE_ONLY___ 

2025-07-18 00:51:20,330 INFO     ___FILE_ONLY___ │ 
2025-07-18 00:51:20,330 INFO     ___FILE_ONLY___ Not Installed   
2025-07-18 00:51:20,330 INFO     ___FILE_ONLY___  
2025-07-18 00:51:20,330 INFO     ___FILE_ONLY___ │ 
2025-07-18 00:51:20,330 INFO     ___FILE_ONLY___ gcloud app Python Extensions (Extra Libraries)      
2025-07-18 00:51:20,330 INFO     ___FILE_ONLY___  
2025-07-18 00:51:20,330 INFO     ___FILE_ONLY___ │ 
2025-07-18 00:51:20,330 INFO     ___FILE_ONLY___ app-engine-python-extras    
2025-07-18 00:51:20,330 INFO     ___FILE_ONLY___  
2025-07-18 00:51:20,330 INFO     ___FILE_ONLY___ │ 
2025-07-18 00:51:20,330 INFO     ___FILE_ONLY___   < 1 MiB
2025-07-18 00:51:20,330 INFO     ___FILE_ONLY___  
2025-07-18 00:51:20,330 INFO     ___FILE_ONLY___ │
2025-07-18 00:51:20,330 INFO     ___FILE_ONLY___ 

2025-07-18 00:51:20,330 INFO     ___FILE_ONLY___ │ 
2025-07-18 00:51:20,330 INFO     ___FILE_ONLY___ Not Installed   
2025-07-18 00:51:20,330 INFO     ___FILE_ONLY___  
2025-07-18 00:51:20,330 INFO     ___FILE_ONLY___ │ 
2025-07-18 00:51:20,331 INFO     ___FILE_ONLY___ gke-gcloud-auth-plugin                              
2025-07-18 00:51:20,331 INFO     ___FILE_ONLY___  
2025-07-18 00:51:20,331 INFO     ___FILE_ONLY___ │ 
2025-07-18 00:51:20,331 INFO     ___FILE_ONLY___ gke-gcloud-auth-plugin      
2025-07-18 00:51:20,331 INFO     ___FILE_ONLY___  
2025-07-18 00:51:20,331 INFO     ___FILE_ONLY___ │ 
2025-07-18 00:51:20,331 INFO     ___FILE_ONLY___   3.2 MiB
2025-07-18 00:51:20,331 INFO     ___FILE_ONLY___  
2025-07-18 00:51:20,331 INFO     ___FILE_ONLY___ │
2025-07-18 00:51:20,331 INFO     ___FILE_ONLY___ 

2025-07-18 00:51:20,331 INFO     ___FILE_ONLY___ │ 
2025-07-18 00:51:20,331 INFO     ___FILE_ONLY___ Not Installed   
2025-07-18 00:51:20,331 INFO     ___FILE_ONLY___  
2025-07-18 00:51:20,331 INFO     ___FILE_ONLY___ │ 
2025-07-18 00:51:20,331 INFO     ___FILE_ONLY___ istioctl                                            
2025-07-18 00:51:20,331 INFO     ___FILE_ONLY___  
2025-07-18 00:51:20,331 INFO     ___FILE_ONLY___ │ 
2025-07-18 00:51:20,331 INFO     ___FILE_ONLY___ istioctl                    
2025-07-18 00:51:20,331 INFO     ___FILE_ONLY___  
2025-07-18 00:51:20,332 INFO     ___FILE_ONLY___ │ 
2025-07-18 00:51:20,332 INFO     ___FILE_ONLY___  23.5 MiB
2025-07-18 00:51:20,332 INFO     ___FILE_ONLY___  
2025-07-18 00:51:20,332 INFO     ___FILE_ONLY___ │
2025-07-18 00:51:20,332 INFO     ___FILE_ONLY___ 

2025-07-18 00:51:20,332 INFO     ___FILE_ONLY___ │ 
2025-07-18 00:51:20,332 INFO     ___FILE_ONLY___ Not Installed   
2025-07-18 00:51:20,332 INFO     ___FILE_ONLY___  
2025-07-18 00:51:20,332 INFO     ___FILE_ONLY___ │ 
2025-07-18 00:51:20,332 INFO     ___FILE_ONLY___ kpt                                                 
2025-07-18 00:51:20,332 INFO     ___FILE_ONLY___  
2025-07-18 00:51:20,332 INFO     ___FILE_ONLY___ │ 
2025-07-18 00:51:20,332 INFO     ___FILE_ONLY___ kpt                         
2025-07-18 00:51:20,332 INFO     ___FILE_ONLY___  
2025-07-18 00:51:20,332 INFO     ___FILE_ONLY___ │ 
2025-07-18 00:51:20,332 INFO     ___FILE_ONLY___  13.9 MiB
2025-07-18 00:51:20,332 INFO     ___FILE_ONLY___  
2025-07-18 00:51:20,332 INFO     ___FILE_ONLY___ │
2025-07-18 00:51:20,332 INFO     ___FILE_ONLY___ 

2025-07-18 00:51:20,333 INFO     ___FILE_ONLY___ │ 
2025-07-18 00:51:20,333 INFO     ___FILE_ONLY___ Not Installed   
2025-07-18 00:51:20,333 INFO     ___FILE_ONLY___  
2025-07-18 00:51:20,333 INFO     ___FILE_ONLY___ │ 
2025-07-18 00:51:20,333 INFO     ___FILE_ONLY___ kubectl                                             
2025-07-18 00:51:20,333 INFO     ___FILE_ONLY___  
2025-07-18 00:51:20,333 INFO     ___FILE_ONLY___ │ 
2025-07-18 00:51:20,333 INFO     ___FILE_ONLY___ kubectl                     
2025-07-18 00:51:20,333 INFO     ___FILE_ONLY___  
2025-07-18 00:51:20,333 INFO     ___FILE_ONLY___ │ 
2025-07-18 00:51:20,333 INFO     ___FILE_ONLY___   < 1 MiB
2025-07-18 00:51:20,333 INFO     ___FILE_ONLY___  
2025-07-18 00:51:20,333 INFO     ___FILE_ONLY___ │
2025-07-18 00:51:20,333 INFO     ___FILE_ONLY___ 

2025-07-18 00:51:20,333 INFO     ___FILE_ONLY___ │ 
2025-07-18 00:51:20,333 INFO     ___FILE_ONLY___ Not Installed   
2025-07-18 00:51:20,333 INFO     ___FILE_ONLY___  
2025-07-18 00:51:20,333 INFO     ___FILE_ONLY___ │ 
2025-07-18 00:51:20,333 INFO     ___FILE_ONLY___ kubectl-oidc                                        
2025-07-18 00:51:20,334 INFO     ___FILE_ONLY___  
2025-07-18 00:51:20,334 INFO     ___FILE_ONLY___ │ 
2025-07-18 00:51:20,334 INFO     ___FILE_ONLY___ kubectl-oidc                
2025-07-18 00:51:20,334 INFO     ___FILE_ONLY___  
2025-07-18 00:51:20,334 INFO     ___FILE_ONLY___ │ 
2025-07-18 00:51:20,334 INFO     ___FILE_ONLY___  20.4 MiB
2025-07-18 00:51:20,334 INFO     ___FILE_ONLY___  
2025-07-18 00:51:20,334 INFO     ___FILE_ONLY___ │
2025-07-18 00:51:20,334 INFO     ___FILE_ONLY___ 

2025-07-18 00:51:20,334 INFO     ___FILE_ONLY___ │ 
2025-07-18 00:51:20,334 INFO     ___FILE_ONLY___ Not Installed   
2025-07-18 00:51:20,334 INFO     ___FILE_ONLY___  
2025-07-18 00:51:20,334 INFO     ___FILE_ONLY___ │ 
2025-07-18 00:51:20,334 INFO     ___FILE_ONLY___ pkg                                                 
2025-07-18 00:51:20,334 INFO     ___FILE_ONLY___  
2025-07-18 00:51:20,334 INFO     ___FILE_ONLY___ │ 
2025-07-18 00:51:20,334 INFO     ___FILE_ONLY___ pkg                         
2025-07-18 00:51:20,334 INFO     ___FILE_ONLY___  
2025-07-18 00:51:20,334 INFO     ___FILE_ONLY___ │ 
2025-07-18 00:51:20,335 INFO     ___FILE_ONLY___          
2025-07-18 00:51:20,335 INFO     ___FILE_ONLY___  
2025-07-18 00:51:20,335 INFO     ___FILE_ONLY___ │
2025-07-18 00:51:20,335 INFO     ___FILE_ONLY___ 

2025-07-18 00:51:20,335 INFO     ___FILE_ONLY___ │ 
2025-07-18 00:51:20,335 INFO     ___FILE_ONLY___ Installed       
2025-07-18 00:51:20,335 INFO     ___FILE_ONLY___  
2025-07-18 00:51:20,335 INFO     ___FILE_ONLY___ │ 
2025-07-18 00:51:20,335 INFO     ___FILE_ONLY___ Google Cloud CRC32C Hash Tool                       
2025-07-18 00:51:20,335 INFO     ___FILE_ONLY___  
2025-07-18 00:51:20,335 INFO     ___FILE_ONLY___ │ 
2025-07-18 00:51:20,335 INFO     ___FILE_ONLY___ gcloud-crc32c               
2025-07-18 00:51:20,335 INFO     ___FILE_ONLY___  
2025-07-18 00:51:20,335 INFO     ___FILE_ONLY___ │ 
2025-07-18 00:51:20,335 INFO     ___FILE_ONLY___   1.4 MiB
2025-07-18 00:51:20,335 INFO     ___FILE_ONLY___  
2025-07-18 00:51:20,335 INFO     ___FILE_ONLY___ │
2025-07-18 00:51:20,335 INFO     ___FILE_ONLY___ 

2025-07-18 00:51:20,336 INFO     ___FILE_ONLY___ └──────────────────┴──────────────────────────────────────────────────────┴──────────────────────────────┴───────────┘
2025-07-18 00:51:20,336 INFO     ___FILE_ONLY___ 

2025-07-18 00:51:20,336 INFO     ___FILE_ONLY___ To install or remove components at your current SDK version [464.0.0], run:
  $ gcloud components install COMPONENT_ID
  $ gcloud components remove COMPONENT_ID

To update your SDK installation to the latest version [530.0.0], run:
  $ gcloud components update


