2025-07-18 00:40:13,520 DEBUG    root            Loaded Command Group: ['gcloud', 'auth']
2025-07-18 00:40:13,527 DEBUG    root            Loaded Command Group: ['gcloud', 'auth', 'application_default']
2025-07-18 00:40:13,536 DEBUG    root            Loaded Command Group: ['gcloud', 'auth', 'application-default', 'login']
2025-07-18 00:40:13,539 DEBUG    root            Running [gcloud.auth.application-default.login] with arguments: []
2025-07-18 00:40:13,543 DEBUG    requests_oauthlib.oauth2_session Generated new state 9x5yLiy6qq987nIgiFmtd6IAaPhuoJ.
2025-07-18 00:40:13,544 INFO     ___FILE_ONLY___ Go to the following link in your browser:

    https://accounts.google.com/o/oauth2/auth?response_type=code&client_id=764086051850-6qr4p6gpi6hn506pt8ejuq83di341hur.apps.googleusercontent.com&redirect_uri=https%3A%2F%2Fsdk.cloud.google.com%2Fapplicationdefaultauthcode.html&scope=openid+https%3A%2F%2Fwww.googleapis.com%2Fauth%2Fuserinfo.email+https%3A%2F%2Fwww.googleapis.com%2Fauth%2Fcloud-platform+https%3A%2F%2Fwww.googleapis.com%2Fauth%2Fsqlservice.login&state=9x5yLiy6qq987nIgiFmtd6IAaPhuoJ&prompt=consent&access_type=offline&code_challenge=-S2Ri0Z3yG-QTl7mKMYltRyuOgiMKwER_lFu2runIcM&code_challenge_method=S256


2025-07-18 00:41:37,563 DEBUG    requests_oauthlib.oauth2_session Requesting url https://oauth2.googleapis.com/token using method POST.
2025-07-18 00:41:37,564 DEBUG    requests_oauthlib.oauth2_session Supplying headers {b'Accept': b'application/json', b'Content-Type': b'application/x-www-form-urlencoded;charset=UTF-8', b'user-agent': b'google-cloud-sdk gcloud/458.0.0 command/gcloud.auth.application-default.login invocation-id/d5dee7c99ad546999566b4d0737a5fab environment/None environment-version/None client-os/LINUX client-os-ver/5.10.226 client-pltf-arch/arm interactive/True from-script/False python/3.12.11 term/xterm-256color (Linux 5.10.226-android12-9-00047-g4968e29b7f92-ab12786767)'} and data {'grant_type': 'authorization_code', 'client_id': '764086051850-6qr4p6gpi6hn506pt8ejuq83di341hur.apps.googleusercontent.com', 'client_secret': 'd-FL95Q19q7MQmFpd7hHD0Ty', 'code': '4/0AVMBsJjMoJ0gUPjFDvU0bswvJoUNUfc0Hp0KuLSLB2_tsu_Jzmpz2kPOLMTshJQudg4sJw', 'redirect_uri': 'https://sdk.cloud.google.com/applicationdefaultauthcode.html', 'code_verifier': 'f9825248zPFG9XC2ZXmP~d.q7Hy~QS8ZZIJAR.Yt0E8bTSY2qAFTVUrYp.ZFnVS0He7DtsgY5L5CD_F0qXxks42eu6J1Gv2A0ZxFQr5Ig1d~4A4aaUFIR2eXI7sr6WTu'}
2025-07-18 00:41:37,564 DEBUG    requests_oauthlib.oauth2_session Passing through key word arguments {'json': None, 'timeout': None, 'auth': None, 'verify': None, 'proxies': None}.
2025-07-18 00:41:37,568 DEBUG    urllib3.connectionpool Starting new HTTPS connection (1): oauth2.googleapis.com:443
2025-07-18 00:41:38,340 DEBUG    urllib3.connectionpool https://oauth2.googleapis.com:443 "POST /token HTTP/1.1" 200 None
2025-07-18 00:41:38,342 DEBUG    requests_oauthlib.oauth2_session Prepared fetch token request body grant_type=authorization_code&client_id=764086051850-6qr4p6gpi6hn506pt8ejuq83di341hur.apps.googleusercontent.com&client_secret=d-FL95Q19q7MQmFpd7hHD0Ty&code=4%2F0AVMBsJjMoJ0gUPjFDvU0bswvJoUNUfc0Hp0KuLSLB2_tsu_Jzmpz2kPOLMTshJQudg4sJw&redirect_uri=https%3A%2F%2Fsdk.cloud.google.com%2Fapplicationdefaultauthcode.html&code_verifier=f9825248zPFG9XC2ZXmP~d.q7Hy~QS8ZZIJAR.Yt0E8bTSY2qAFTVUrYp.ZFnVS0He7DtsgY5L5CD_F0qXxks42eu6J1Gv2A0ZxFQr5Ig1d~4A4aaUFIR2eXI7sr6WTu
2025-07-18 00:41:38,342 DEBUG    requests_oauthlib.oauth2_session Request to fetch token completed with status 200.
2025-07-18 00:41:38,343 DEBUG    requests_oauthlib.oauth2_session Request headers were {'user-agent': b'google-cloud-sdk gcloud/458.0.0 command/gcloud.auth.application-default.login invocation-id/d5dee7c99ad546999566b4d0737a5fab environment/None environment-version/None client-os/LINUX client-os-ver/5.10.226 client-pltf-arch/arm interactive/True from-script/False python/3.12.11 term/xterm-256color (Linux 5.10.226-android12-9-00047-g4968e29b7f92-ab12786767)', 'Accept-Encoding': 'gzip, deflate', 'Accept': b'application/json', 'Connection': 'keep-alive', 'Content-Type': b'application/x-www-form-urlencoded;charset=UTF-8', 'Content-Length': '457'}
2025-07-18 00:41:38,343 DEBUG    requests_oauthlib.oauth2_session Request body was grant_type=authorization_code&client_id=764086051850-6qr4p6gpi6hn506pt8ejuq83di341hur.apps.googleusercontent.com&client_secret=d-FL95Q19q7MQmFpd7hHD0Ty&code=4%2F0AVMBsJjMoJ0gUPjFDvU0bswvJoUNUfc0Hp0KuLSLB2_tsu_Jzmpz2kPOLMTshJQudg4sJw&redirect_uri=https%3A%2F%2Fsdk.cloud.google.com%2Fapplicationdefaultauthcode.html&code_verifier=f9825248zPFG9XC2ZXmP~d.q7Hy~QS8ZZIJAR.Yt0E8bTSY2qAFTVUrYp.ZFnVS0He7DtsgY5L5CD_F0qXxks42eu6J1Gv2A0ZxFQr5Ig1d~4A4aaUFIR2eXI7sr6WTu
2025-07-18 00:41:38,343 DEBUG    requests_oauthlib.oauth2_session Response headers were {'Expires': 'Mon, 01 Jan 1990 00:00:00 GMT', 'Pragma': 'no-cache', 'Cache-Control': 'no-cache, no-store, max-age=0, must-revalidate', 'Date': 'Thu, 17 Jul 2025 23:41:38 GMT', 'Content-Type': 'application/json; charset=utf-8', 'Vary': 'Origin, X-Origin, Referer', 'Content-Encoding': 'gzip', 'Server': 'scaffolding on HTTPServer2', 'X-XSS-Protection': '0', 'X-Frame-Options': 'SAMEORIGIN', 'X-Content-Type-Options': 'nosniff', 'Alt-Svc': 'h3=":443"; ma=2592000,h3-29=":443"; ma=2592000', 'Transfer-Encoding': 'chunked'} and content {
  "access_token": "ya29.a0AS3H6Ny85-z2Vu8h9jfAoiRqg63CggvPwQjqU_HF7a4lraqEyGG7r_wOTXoKw_FB0OK5__lX1CpF6iNiG27hI8_KEfA4vfXcdySQE6RJqu21ZB-e8m2EhPDtFS64vbmea0uclcSeU92z_nb8LVQCSF-xiFalv68UgOZL_EK7aCgYKARMSARESFQHGX2MiTF47f12NdPaq027g2H6Q_A0175",
  "expires_in": 3599,
  "refresh_token": "1//03OI4o89_u_fACgYIARAAGAMSNwF-L9Ir3p3HmV-LI6yz1cP1XJyqihMdfLGsEg2k0rfRyJfkyQ9riVnyC9cF195gdeRJ41NQHqM",
  "scope": "https://www.googleapis.com/auth/sqlservice.login openid https://www.googleapis.com/auth/userinfo.email https://www.googleapis.com/auth/cloud-platform",
  "token_type": "Bearer",
  "id_token": "eyJhbGciOiJSUzI1NiIsImtpZCI6ImYxMDMzODYwNzE2ZTNhMmFhYjM4MGYwMGRiZTM5YTcxMTQ4NDZiYTEiLCJ0eXAiOiJKV1QifQ.eyJpc3MiOiJodHRwczovL2FjY291bnRzLmdvb2dsZS5jb20iLCJhenAiOiI3NjQwODYwNTE4NTAtNnFyNHA2Z3BpNmhuNTA2cHQ4ZWp1cTgzZGkzNDFodXIuYXBwcy5nb29nbGV1c2VyY29udGVudC5jb20iLCJhdWQiOiI3NjQwODYwNTE4NTAtNnFyNHA2Z3BpNmhuNTA2cHQ4ZWp1cTgzZGkzNDFodXIuYXBwcy5nb29nbGV1c2VyY29udGVudC5jb20iLCJzdWIiOiIxMTcwNDEzNjQzNTQxMzM3NzIxMDYiLCJlbWFpbCI6ImdlbnlvdW5nY2xpcEBnbWFpbC5jb20iLCJlbWFpbF92ZXJpZmllZCI6dHJ1ZSwiYXRfaGFzaCI6IjFQZVRpVjdBRDQwVTlNQWRYVlBkWkEiLCJpYXQiOjE3NTI3OTU2OTgsImV4cCI6MTc1Mjc5OTI5OH0.QRCMApWLmK_pWbcSAcPjojtSwiy6xjgRuJzm8OkPSv2E582ziM2PV_KWfUbQ_Hsgaqtixmi2X4Ob5obePQyDMa68tKZoIK8QA8SjU30bxgFvw_OVoeDGyMqiJU4FXL0EPasJCSku1qaoydeXb8blFDu0dM-j2Z9ZXYM77oHjvjQAZD6Dd4BHnhGteBBY60GuDKqh1iC9SVuODlL0oCQddi9WYEBOW0Wq2wQOfq-gDbYKRgFL-Txj6Ag9zNcFV-J3YstacF44epcj018i_gynEQ2pwuOCm05u6nr_cits5bXxl9CNlYG76Rfn7rcbUMB5C-JRxKbRHUiKg-ddgR-FIw"
}.
2025-07-18 00:41:38,343 DEBUG    requests_oauthlib.oauth2_session Invoking 0 token response hooks.
2025-07-18 00:41:38,344 DEBUG    requests_oauthlib.oauth2_session Obtained token {'access_token': 'ya29.a0AS3H6Ny85-z2Vu8h9jfAoiRqg63CggvPwQjqU_HF7a4lraqEyGG7r_wOTXoKw_FB0OK5__lX1CpF6iNiG27hI8_KEfA4vfXcdySQE6RJqu21ZB-e8m2EhPDtFS64vbmea0uclcSeU92z_nb8LVQCSF-xiFalv68UgOZL_EK7aCgYKARMSARESFQHGX2MiTF47f12NdPaq027g2H6Q_A0175', 'expires_in': 3599, 'refresh_token': '1//03OI4o89_u_fACgYIARAAGAMSNwF-L9Ir3p3HmV-LI6yz1cP1XJyqihMdfLGsEg2k0rfRyJfkyQ9riVnyC9cF195gdeRJ41NQHqM', 'scope': ['https://www.googleapis.com/auth/sqlservice.login', 'openid', 'https://www.googleapis.com/auth/userinfo.email', 'https://www.googleapis.com/auth/cloud-platform'], 'token_type': 'Bearer', 'id_token': 'eyJhbGciOiJSUzI1NiIsImtpZCI6ImYxMDMzODYwNzE2ZTNhMmFhYjM4MGYwMGRiZTM5YTcxMTQ4NDZiYTEiLCJ0eXAiOiJKV1QifQ.eyJpc3MiOiJodHRwczovL2FjY291bnRzLmdvb2dsZS5jb20iLCJhenAiOiI3NjQwODYwNTE4NTAtNnFyNHA2Z3BpNmhuNTA2cHQ4ZWp1cTgzZGkzNDFodXIuYXBwcy5nb29nbGV1c2VyY29udGVudC5jb20iLCJhdWQiOiI3NjQwODYwNTE4NTAtNnFyNHA2Z3BpNmhuNTA2cHQ4ZWp1cTgzZGkzNDFodXIuYXBwcy5nb29nbGV1c2VyY29udGVudC5jb20iLCJzdWIiOiIxMTcwNDEzNjQzNTQxMzM3NzIxMDYiLCJlbWFpbCI6ImdlbnlvdW5nY2xpcEBnbWFpbC5jb20iLCJlbWFpbF92ZXJpZmllZCI6dHJ1ZSwiYXRfaGFzaCI6IjFQZVRpVjdBRDQwVTlNQWRYVlBkWkEiLCJpYXQiOjE3NTI3OTU2OTgsImV4cCI6MTc1Mjc5OTI5OH0.QRCMApWLmK_pWbcSAcPjojtSwiy6xjgRuJzm8OkPSv2E582ziM2PV_KWfUbQ_Hsgaqtixmi2X4Ob5obePQyDMa68tKZoIK8QA8SjU30bxgFvw_OVoeDGyMqiJU4FXL0EPasJCSku1qaoydeXb8blFDu0dM-j2Z9ZXYM77oHjvjQAZD6Dd4BHnhGteBBY60GuDKqh1iC9SVuODlL0oCQddi9WYEBOW0Wq2wQOfq-gDbYKRgFL-Txj6Ag9zNcFV-J3YstacF44epcj018i_gynEQ2pwuOCm05u6nr_cits5bXxl9CNlYG76Rfn7rcbUMB5C-JRxKbRHUiKg-ddgR-FIw', 'expires_at': 1752799297.34421}.
2025-07-18 00:41:38,352 INFO     ___FILE_ONLY___ 
Credentials saved to file: [/data/data/com.termux/files/home/.config/gcloud/application_default_credentials.json]

2025-07-18 00:41:38,353 INFO     ___FILE_ONLY___ 
These credentials will be used by any library that requests Application Default Credentials (ADC).

2025-07-18 00:41:38,370 INFO     root            Using alternate credentials from file: [/data/data/com.termux/files/home/.config/gcloud/application_default_credentials.json]
2025-07-18 00:41:38,386 DEBUG    google.auth.transport.requests Making request: POST https://oauth2.googleapis.com/token
2025-07-18 00:41:38,405 DEBUG    urllib3.connectionpool Starting new HTTPS connection (1): oauth2.googleapis.com:443
2025-07-18 00:41:39,157 DEBUG    urllib3.connectionpool https://oauth2.googleapis.com:443 "POST /token HTTP/1.1" 200 None
2025-07-18 00:41:39,173 INFO     root            Using alternate credentials from file: [/data/data/com.termux/files/home/.config/gcloud/application_default_credentials.json]
2025-07-18 00:41:39,205 DEBUG    urllib3.connectionpool Starting new HTTPS connection (1): cloudresourcemanager.googleapis.com:443
2025-07-18 00:41:40,794 DEBUG    urllib3.connectionpool https://cloudresourcemanager.googleapis.com:443 "POST /v1/projects/elparadisogonzalo-project:testIamPermissions?alt=json HTTP/1.1" 200 None
2025-07-18 00:41:40,803 INFO     ___FILE_ONLY___ 
Quota project "elparadisogonzalo-project" was added to ADC which can be used by Google client libraries for billing and quota. Note that some services may still bill the project owning the resource.

2025-07-18 00:41:40,803 DEBUG    root            Chosen display Format:none
2025-07-18 00:41:40,804 INFO     root            Display format: "none"
2025-07-18 00:41:40,821 DEBUG    root            Metrics reporting process started...
