0 verbose cli /apex/com.android.runtime/bin/linker64 /data/data/com.termux/files/usr/bin/npm
1 info using npm@11.4.2
2 info using node@v24.4.0
3 silly config load:file:/data/data/com.termux/files/usr/lib/node_modules/npm/npmrc
4 silly config load:file:/data/data/com.termux/files/home/.npmrc
5 warn Unknown user config "HEAD". This will stop working in the next major version of npm.
6 warn Unknown user config "b52c5e01b (Push all project files to main)". This will stop working in the next major version of npm.
7 silly config load:file:/data/data/com.termux/files/usr/etc/npmrc
8 verbose title npm start
9 verbose argv "start"
10 verbose logfile logs-max:10 dir:/data/data/com.termux/files/home/.npm/_logs/2025-07-18T11_20_26_824Z-
11 verbose logfile /data/data/com.termux/files/home/.npm/_logs/2025-07-18T11_20_26_824Z-debug-0.log
12 silly logfile start cleaning logs, removing 12 files
13 verbose stack Error: Missing script: "start"
13 verbose stack
13 verbose stack Did you mean one of these?
13 verbose stack   npm star # Mark your favorite packages
13 verbose stack   npm stars # View packages marked as favorites
13 verbose stack
13 verbose stack To see a list of scripts, run:
13 verbose stack   npm run
13 verbose stack     at #run (/data/data/com.termux/files/usr/lib/node_modules/npm/lib/commands/run.js:115:13)
13 verbose stack     at async RunScript.exec (/data/data/com.termux/files/usr/lib/node_modules/npm/lib/commands/run.js:44:7)
13 verbose stack     at async Npm.exec (/data/data/com.termux/files/usr/lib/node_modules/npm/lib/npm.js:208:9)
13 verbose stack     at async module.exports (/data/data/com.termux/files/usr/lib/node_modules/npm/lib/cli/entry.js:60:5)
14 error Missing script: "start"
14 error
14 error Did you mean one of these?
14 error   npm star # Mark your favorite packages
14 error   npm stars # View packages marked as favorites
14 error
14 error To see a list of scripts, run:
14 error   npm run
15 verbose cwd /data/data/com.termux/files/home
16 verbose os Linux 5.10.226-android12-9-00047-g4968e29b7f92-ab12786767
17 verbose node v24.4.0
18 verbose npm  v11.4.2
19 verbose exit 1
20 verbose code 1
21 error A complete log of this run can be found in: /data/data/com.termux/files/home/.npm/_logs/2025-07-18T11_20_26_824Z-debug-0.log
