0 verbose cli /apex/com.android.runtime/bin/linker64 /data/data/com.termux/files/usr/bin/npm
1 info using npm@11.4.2
2 info using node@v24.4.0
3 silly config load:file:/data/data/com.termux/files/usr/lib/node_modules/npm/npmrc
4 silly config load:file:/data/data/com.termux/files/home/.npmrc
5 silly config load:file:/data/data/com.termux/files/usr/etc/npmrc
6 verbose title npm install @firebase/storage
7 verbose argv "install" "@firebase/storage"
8 verbose logfile logs-max:10 dir:/data/data/com.termux/files/home/.npm/_logs/2025-07-18T00_49_50_597Z-
9 verbose logfile /data/data/com.termux/files/home/.npm/_logs/2025-07-18T00_49_50_597Z-debug-0.log
10 silly logfile start cleaning logs, removing 1 files
11 silly packumentCache heap:1174405120 maxSize:293601280 maxEntrySize:146800640
12 silly logfile done cleaning log files
13 silly idealTree buildDeps
14 silly fetch manifest @firebase/storage@^0.14.0
15 silly packumentCache full:https://registry.npmjs.org/@firebase%2fstorage cache-miss
16 http cache https://registry.npmjs.org/@firebase%2fstorage 205ms (cache hit)
17 silly packumentCache full:https://registry.npmjs.org/@firebase%2fstorage set size:14479286 disposed:false
18 silly fetch manifest @firebase/app@0.x
19 silly packumentCache full:https://registry.npmjs.org/@firebase%2fapp cache-miss
20 http cache https://registry.npmjs.org/@firebase%2fapp 65ms (cache hit)
21 silly packumentCache full:https://registry.npmjs.org/@firebase%2fapp set size:14549005 disposed:false
22 silly placeDep ROOT @firebase/storage@0.14.0 REPLACE for: elparadisogonzalo-monorepo@1.0.0 want: ^0.14.0
23 silly reify moves {}
24 silly audit bulk request {
24 silly audit   '@ampproject/remapping': [ '2.3.0' ],
24 silly audit   '@babel/code-frame': [ '7.27.1' ],
24 silly audit   '@babel/compat-data': [ '7.28.0' ],
24 silly audit   '@babel/core': [ '7.28.0' ],
24 silly audit   semver: [ '6.3.1', '7.7.2' ],
24 silly audit   '@babel/generator': [ '7.28.0' ],
24 silly audit   '@babel/helper-compilation-targets': [ '7.27.2' ],
24 silly audit   '@babel/helper-globals': [ '7.28.0' ],
24 silly audit   '@babel/helper-module-imports': [ '7.27.1' ],
24 silly audit   '@babel/helper-module-transforms': [ '7.27.3' ],
24 silly audit   '@babel/helper-plugin-utils': [ '7.27.1' ],
24 silly audit   '@babel/helper-string-parser': [ '7.27.1' ],
24 silly audit   '@babel/helper-validator-identifier': [ '7.27.1' ],
24 silly audit   '@babel/helper-validator-option': [ '7.27.1' ],
24 silly audit   '@babel/helpers': [ '7.27.6' ],
24 silly audit   '@babel/parser': [ '7.28.0' ],
24 silly audit   '@babel/plugin-transform-react-jsx-self': [ '7.27.1' ],
24 silly audit   '@babel/plugin-transform-react-jsx-source': [ '7.27.1' ],
24 silly audit   '@babel/template': [ '7.27.2' ],
24 silly audit   '@babel/traverse': [ '7.28.0' ],
24 silly audit   '@babel/types': [ '7.28.1' ],
24 silly audit   '@esbuild/android-arm64': [ '0.25.6' ],
24 silly audit   '@eslint-community/eslint-utils': [ '4.7.0' ],
24 silly audit   'eslint-visitor-keys': [ '3.4.3', '4.2.1' ],
24 silly audit   '@eslint-community/regexpp': [ '4.12.1' ],
24 silly audit   '@eslint/config-array': [ '0.21.0' ],
24 silly audit   '@eslint/config-helpers': [ '0.3.0' ],
24 silly audit   '@eslint/core': [ '0.15.1' ],
24 silly audit   '@eslint/eslintrc': [ '3.3.1' ],
24 silly audit   globals: [ '14.0.0', '13.24.0', '16.3.0' ],
24 silly audit   '@eslint/js': [ '9.31.0' ],
24 silly audit   '@eslint/object-schema': [ '2.1.6' ],
24 silly audit   '@eslint/plugin-kit': [ '0.3.3' ],
24 silly audit   '@fastify/busboy': [ '3.1.1' ],
24 silly audit   '@firebase/ai': [ '2.0.0' ],
24 silly audit   '@firebase/analytics': [ '0.10.18' ],
24 silly audit   '@firebase/analytics-compat': [ '0.2.24' ],
24 silly audit   '@firebase/analytics-types': [ '0.8.3' ],
24 silly audit   '@firebase/app': [ '0.14.0' ],
24 silly audit   '@firebase/app-check': [ '0.11.0' ],
24 silly audit   '@firebase/app-check-compat': [ '0.4.0' ],
24 silly audit   '@firebase/app-check-interop-types': [ '0.3.3' ],
24 silly audit   '@firebase/app-check-types': [ '0.5.3' ],
24 silly audit   '@firebase/app-compat': [ '0.5.0' ],
24 silly audit   '@firebase/app-types': [ '0.9.3' ],
24 silly audit   '@firebase/auth': [ '1.11.0' ],
24 silly audit   '@firebase/auth-compat': [ '0.6.0' ],
24 silly audit   '@firebase/auth-interop-types': [ '0.2.4' ],
24 silly audit   '@firebase/auth-types': [ '0.13.0' ],
24 silly audit   '@firebase/component': [ '0.7.0' ],
24 silly audit   '@firebase/data-connect': [ '0.3.11' ],
24 silly audit   '@firebase/database': [ '1.1.0' ],
24 silly audit   '@firebase/database-compat': [ '2.1.0' ],
24 silly audit   '@firebase/database-types': [ '1.0.16' ],
24 silly audit   '@firebase/firestore': [ '4.9.0' ],
24 silly audit   '@firebase/firestore-compat': [ '0.4.0' ],
24 silly audit   '@firebase/firestore-types': [ '3.0.3' ],
24 silly audit   '@grpc/grpc-js': [ '1.9.15', '1.13.4' ],
24 silly audit   '@firebase/functions': [ '0.13.0' ],
24 silly audit   '@firebase/functions-compat': [ '0.4.0' ],
24 silly audit   '@firebase/functions-types': [ '0.6.3' ],
24 silly audit   '@firebase/installations': [ '0.6.19' ],
24 silly audit   '@firebase/installations-compat': [ '0.2.19' ],
24 silly audit   '@firebase/installations-types': [ '0.5.3' ],
24 silly audit   '@firebase/logger': [ '0.5.0' ],
24 silly audit   '@firebase/messaging': [ '0.12.23' ],
24 silly audit   '@firebase/messaging-compat': [ '0.2.23' ],
24 silly audit   '@firebase/messaging-interop-types': [ '0.2.3' ],
24 silly audit   '@firebase/performance': [ '0.7.8' ],
24 silly audit   '@firebase/performance-compat': [ '0.2.21' ],
24 silly audit   '@firebase/performance-types': [ '0.2.3' ],
24 silly audit   '@firebase/remote-config': [ '0.6.6' ],
24 silly audit   '@firebase/remote-config-compat': [ '0.2.19' ],
24 silly audit   '@firebase/remote-config-types': [ '0.4.0' ],
24 silly audit   '@firebase/storage-compat': [ '0.4.0' ],
24 silly audit   '@firebase/storage-types': [ '0.8.3' ],
24 silly audit   '@firebase/util': [ '1.13.0' ],
24 silly audit   '@firebase/webchannel-wrapper': [ '1.0.4' ],
24 silly audit   '@google-cloud/firestore': [ '7.11.3' ],
24 silly audit   '@google-cloud/paginator': [ '5.0.2' ],
24 silly audit   '@google-cloud/projectify': [ '4.0.0' ],
24 silly audit   '@google-cloud/promisify': [ '4.0.0' ],
24 silly audit   '@google-cloud/storage': [ '7.16.0' ],
24 silly audit   uuid: [ '8.3.2', '9.0.1', '11.1.0' ],
24 silly audit   '@grpc/proto-loader': [ '0.7.15' ],
24 silly audit   '@humanfs/core': [ '0.19.1' ],
24 silly audit   '@humanfs/node': [ '0.16.6' ],
24 silly audit   '@humanwhocodes/retry': [ '0.3.1', '0.4.3' ],
24 silly audit   '@humanwhocodes/module-importer': [ '1.0.1' ],
24 silly audit   '@jridgewell/gen-mapping': [ '0.3.12' ],
24 silly audit   '@jridgewell/resolve-uri': [ '3.1.2' ],
24 silly audit   '@jridgewell/sourcemap-codec': [ '1.5.4' ],
24 silly audit   '@jridgewell/trace-mapping': [ '0.3.29' ],
24 silly audit   '@js-sdsl/ordered-map': [ '4.4.2' ],
24 silly audit   '@lezer/common': [ '1.2.3' ],
24 silly audit   '@lezer/lr': [ '1.4.2' ],
24 silly audit   '@mischnic/json-sourcemap': [ '0.1.1' ],
24 silly audit   '@opentelemetry/api': [ '1.9.0' ],
24 silly audit   '@parcel/bundler-default': [ '2.15.4' ],
24 silly audit   '@parcel/cache': [ '2.15.4' ],
24 silly audit   '@parcel/codeframe': [ '2.15.4' ],
24 silly audit   '@parcel/compressor-raw': [ '2.15.4' ],
24 silly audit   '@parcel/config-default': [ '2.15.4' ],
24 silly audit   '@parcel/core': [ '2.15.4' ],
24 silly audit   '@parcel/diagnostic': [ '2.15.4' ],
24 silly audit   '@parcel/error-overlay': [ '2.15.4' ],
24 silly audit   '@parcel/events': [ '2.15.4' ],
24 silly audit   '@parcel/feature-flags': [ '2.15.4' ],
24 silly audit   '@parcel/fs': [ '2.15.4' ],
24 silly audit   '@parcel/graph': [ '3.5.4' ],
24 silly audit   '@parcel/logger': [ '2.15.4' ],
24 silly audit   '@parcel/markdown-ansi': [ '2.15.4' ],
24 silly audit   '@parcel/namer-default': [ '2.15.4' ],
24 silly audit   '@parcel/node-resolver-core': [ '3.6.4' ],
24 silly audit   '@parcel/optimizer-css': [ '2.15.4' ],
24 silly audit   '@parcel/optimizer-html': [ '2.15.4' ],
24 silly audit   '@parcel/optimizer-image': [ '2.15.4' ],
24 silly audit   '@parcel/optimizer-svg': [ '2.15.4' ],
24 silly audit   '@parcel/optimizer-swc': [ '2.15.4' ],
24 silly audit   '@parcel/package-manager': [ '2.15.4' ],
24 silly audit   '@parcel/packager-css': [ '2.15.4' ],
24 silly audit   '@parcel/packager-html': [ '2.15.4' ],
24 silly audit   '@parcel/packager-js': [ '2.15.4' ],
24 silly audit   '@parcel/packager-raw': [ '2.15.4' ],
24 silly audit   '@parcel/packager-svg': [ '2.15.4' ],
24 silly audit   '@parcel/packager-wasm': [ '2.15.4' ],
24 silly audit   '@parcel/plugin': [ '2.15.4' ],
24 silly audit   '@parcel/profiler': [ '2.15.4' ],
24 silly audit   '@parcel/reporter-cli': [ '2.15.4' ],
24 silly audit   '@parcel/reporter-dev-server': [ '2.15.4' ],
24 silly audit   '@parcel/reporter-tracer': [ '2.15.4' ],
24 silly audit   '@parcel/resolver-default': [ '2.15.4' ],
24 silly audit   '@parcel/runtime-browser-hmr': [ '2.15.4' ],
24 silly audit   '@parcel/runtime-js': [ '2.15.4' ],
24 silly audit   '@parcel/runtime-rsc': [ '2.15.4' ],
24 silly audit   '@parcel/runtime-service-worker': [ '2.15.4' ],
24 silly audit   '@parcel/rust': [ '2.15.4' ],
24 silly audit   '@parcel/source-map': [ '2.1.1' ],
24 silly audit   'detect-libc': [ '1.0.3', '2.0.4' ],
24 silly audit   '@parcel/transformer-babel': [ '2.15.4' ],
24 silly audit   '@parcel/transformer-css': [ '2.15.4' ],
24 silly audit   '@parcel/transformer-html': [ '2.15.4' ],
24 silly audit   '@parcel/transformer-image': [ '2.15.4' ],
24 silly audit   '@parcel/transformer-js': [ '2.15.4' ],
24 silly audit   '@parcel/transformer-json': [ '2.15.4' ],
24 silly audit   '@parcel/transformer-node': [ '2.15.4' ],
24 silly audit   '@parcel/transformer-postcss': [ '2.15.4' ],
24 silly audit   '@parcel/transformer-posthtml': [ '2.15.4' ],
24 silly audit   '@parcel/transformer-raw': [ '2.15.4' ],
24 silly audit   '@parcel/transformer-react-refresh-wrap': [ '2.15.4' ],
24 silly audit   'react-refresh': [ '0.16.0', '0.17.0' ],
24 silly audit   '@parcel/transformer-svg': [ '2.15.4' ],
24 silly audit   '@parcel/types': [ '2.15.4' ],
24 silly audit   '@parcel/types-internal': [ '2.15.4' ],
24 silly audit   '@parcel/utils': [ '2.15.4' ],
24 silly audit   '@parcel/watcher': [ '2.5.1' ],
24 silly audit   '@parcel/watcher-android-arm64': [ '2.5.1' ],
24 silly audit   '@parcel/workers': [ '2.15.4' ],
24 silly audit   '@protobufjs/aspromise': [ '1.1.2' ],
24 silly audit   '@protobufjs/base64': [ '1.1.2' ],
24 silly audit   '@protobufjs/codegen': [ '2.0.4' ],
24 silly audit   '@protobufjs/eventemitter': [ '1.1.0' ],
24 silly audit   '@protobufjs/fetch': [ '1.1.0' ],
24 silly audit   '@protobufjs/float': [ '1.0.2' ],
24 silly audit   '@protobufjs/inquire': [ '1.1.0' ],
24 silly audit   '@protobufjs/path': [ '1.1.2' ],
24 silly audit   '@protobufjs/pool': [ '1.1.0' ],
24 silly audit   '@protobufjs/utf8': [ '1.1.0' ],
24 silly audit   '@rolldown/pluginutils': [ '1.0.0-beta.19' ],
24 silly audit   '@rollup/rollup-android-arm64': [ '4.45.0' ],
24 silly audit   '@swc/core': [ '1.12.14' ],
24 silly audit   '@swc/counter': [ '0.1.3' ],
24 silly audit   '@swc/helpers': [ '0.5.17' ],
24 silly audit   '@swc/types': [ '0.1.23' ],
24 silly audit   '@tootallnate/once': [ '2.0.0' ],
24 silly audit   '@types/babel__core': [ '7.20.5' ],
24 silly audit   '@types/babel__generator': [ '7.27.0' ],
24 silly audit   '@types/babel__template': [ '7.4.4' ],
24 silly audit   '@types/babel__traverse': [ '7.20.7' ],
24 silly audit   '@types/body-parser': [ '1.19.6' ],
24 silly audit   '@types/caseless': [ '0.12.5' ],
24 silly audit   '@types/connect': [ '3.4.38' ],
24 silly audit   '@types/estree': [ '1.0.8' ],
24 silly audit   '@types/express': [ '4.17.23' ],
24 silly audit   '@types/express-serve-static-core': [ '4.19.6' ],
24 silly audit   '@types/http-errors': [ '2.0.5' ],
24 silly audit   '@types/json-schema': [ '7.0.15' ],
24 silly audit   '@types/jsonwebtoken': [ '9.0.10' ],
24 silly audit   '@types/long': [ '4.0.2' ],
24 silly audit   '@types/mime': [ '1.3.5' ],
24 silly audit   '@types/ms': [ '2.1.0' ],
24 silly audit   '@types/node': [ '22.16.4' ],
24 silly audit   '@types/qs': [ '6.14.0' ],
24 silly audit   '@types/range-parser': [ '1.2.7' ],
24 silly audit   '@types/react': [ '19.1.8' ],
24 silly audit   '@types/react-dom': [ '19.1.6' ],
24 silly audit   '@types/request': [ '2.48.12' ],
24 silly audit   '@types/send': [ '0.17.5' ],
24 silly audit   '@types/serve-static': [ '1.15.8' ],
24 silly audit   '@types/tough-cookie': [ '4.0.5' ],
24 silly audit   '@vitejs/plugin-react': [ '4.6.0' ],
24 silly audit   'abort-controller': [ '3.0.0' ],
24 silly audit   acorn: [ '8.15.0' ],
24 silly audit   'acorn-jsx': [ '5.3.2' ],
24 silly audit   'agent-base': [ '7.1.4', '6.0.2' ],
24 silly audit   ajv: [ '6.12.6' ],
24 silly audit   'ansi-regex': [ '5.0.1' ],
24 silly audit   'ansi-styles': [ '4.3.0' ],
24 silly audit   argparse: [ '2.0.1' ],
24 silly audit   arrify: [ '2.0.1' ],
24 silly audit   'async-retry': [ '1.3.3' ],
24 silly audit   asynckit: [ '0.4.0' ],
24 silly audit   'balanced-match': [ '1.0.2' ],
24 silly audit   'base-x': [ '3.0.11' ],
24 silly audit   'base64-js': [ '1.5.1' ],
24 silly audit   'bignumber.js': [ '9.3.1' ],
24 silly audit   'brace-expansion': [ '1.1.12' ],
24 silly audit   braces: [ '3.0.3' ],
24 silly audit   browserslist: [ '4.25.1' ],
24 silly audit   'buffer-equal-constant-time': [ '1.0.1' ],
24 silly audit   'call-bind-apply-helpers': [ '1.0.2' ],
24 silly audit   callsites: [ '3.1.0' ],
24 silly audit   'caniuse-lite': [ '1.0.30001727' ],
24 silly audit   chalk: [ '4.1.2' ],
24 silly audit   'chrome-trace-event': [ '1.0.4' ],
24 silly audit   cliui: [ '8.0.1' ],
24 silly audit   clone: [ '2.1.2' ],
24 silly audit   'color-convert': [ '2.0.1' ],
24 silly audit   'color-name': [ '1.1.4' ],
24 silly audit   'combined-stream': [ '1.0.8' ],
24 silly audit   commander: [ '12.1.0' ],
24 silly audit   'concat-map': [ '0.0.1' ],
24 silly audit   'convert-source-map': [ '2.0.0' ],
24 silly audit   'cross-spawn': [ '7.0.6' ],
24 silly audit   csstype: [ '3.1.3' ],
24 silly audit   debug: [ '4.4.1' ],
24 silly audit   'deep-is': [ '0.1.4' ],
24 silly audit   'delayed-stream': [ '1.0.0' ],
24 silly audit   dotenv: [ '16.6.1' ],
24 silly audit   'dotenv-expand': [ '11.0.7' ],
24 silly audit   'dunder-proto': [ '1.0.1' ],
24 silly audit   duplexify: [ '4.1.3' ],
24 silly audit   'ecdsa-sig-formatter': [ '1.0.11' ],
24 silly audit   'electron-to-chromium': [ '1.5.183' ],
24 silly audit   'emoji-regex': [ '8.0.0' ],
24 silly audit   'end-of-stream': [ '1.4.5' ],
24 silly audit   'es-define-property': [ '1.0.1' ],
24 silly audit   'es-errors': [ '1.3.0' ],
24 silly audit   'es-object-atoms': [ '1.1.1' ],
24 silly audit   'es-set-tostringtag': [ '2.1.0' ],
24 silly audit   esbuild: [ '0.25.6' ],
24 silly audit   escalade: [ '3.2.0' ],
24 silly audit   'escape-string-regexp': [ '4.0.0' ],
24 silly audit   eslint: [ '9.31.0' ],
24 silly audit   'eslint-plugin-react-hooks': [ '5.2.0' ],
24 silly audit   'eslint-plugin-react-refresh': [ '0.4.20' ],
24 silly audit   'eslint-scope': [ '8.4.0' ],
24 silly audit   espree: [ '10.4.0' ],
24 silly audit   esquery: [ '1.6.0' ],
24 silly audit   esrecurse: [ '4.3.0' ],
24 silly audit   estraverse: [ '5.3.0' ],
24 silly audit   esutils: [ '2.0.3' ],
24 silly audit   'event-target-shim': [ '5.0.1' ],
24 silly audit   extend: [ '3.0.2' ],
24 silly audit   'farmhash-modern': [ '1.1.0' ],
24 silly audit   'fast-deep-equal': [ '3.1.3' ],
24 silly audit   'fast-json-stable-stringify': [ '2.1.0' ],
24 silly audit   'fast-levenshtein': [ '2.0.6' ],
24 silly audit   'fast-xml-parser': [ '4.5.3' ],
24 silly audit   'faye-websocket': [ '0.11.4' ],
24 silly audit   fdir: [ '6.4.6' ],
24 silly audit   'file-entry-cache': [ '8.0.0' ],
24 silly audit   'fill-range': [ '7.1.1' ],
24 silly audit   'find-up': [ '5.0.0' ],
24 silly audit   firebase: [ '12.0.0' ],
24 silly audit   'firebase-admin': [ '13.4.0' ],
24 silly audit   'flat-cache': [ '4.0.1' ],
24 silly audit   flatted: [ '3.3.3' ],
24 silly audit   'form-data': [ '2.5.4' ],
24 silly audit   'function-bind': [ '1.1.2' ],
24 silly audit   'functional-red-black-tree': [ '1.0.1' ],
24 silly audit   gaxios: [ '6.7.1' ],
24 silly audit   'gcp-metadata': [ '6.1.1' ],
24 silly audit   gensync: [ '1.0.0-beta.2' ],
24 silly audit   'get-caller-file': [ '2.0.5' ],
24 silly audit   'get-intrinsic': [ '1.3.0' ],
24 silly audit   'get-port': [ '4.2.0' ],
24 silly audit   'get-proto': [ '1.0.1' ],
24 silly audit   'glob-parent': [ '6.0.2' ],
24 silly audit   'google-auth-library': [ '9.15.1' ],
24 silly audit   'google-gax': [ '4.6.1' ],
24 silly audit   'google-logging-utils': [ '0.0.2' ],
24 silly audit   gopd: [ '1.2.0' ],
24 silly audit   gtoken: [ '7.1.0' ],
24 silly audit   'has-flag': [ '4.0.0' ],
24 silly audit   'has-own': [ '1.0.1' ],
24 silly audit   'has-symbols': [ '1.1.0' ],
24 silly audit   'has-tostringtag': [ '1.0.2' ],
24 silly audit   hasown: [ '2.0.2' ],
24 silly audit   'html-entities': [ '2.6.0' ],
24 silly audit   'http-parser-js': [ '0.5.10' ],
24 silly audit   'http-proxy-agent': [ '5.0.0' ],
24 silly audit   'https-proxy-agent': [ '7.0.6', '5.0.1' ],
24 silly audit   idb: [ '7.1.1' ],
24 silly audit   ignore: [ '5.3.2' ],
24 silly audit   'import-fresh': [ '3.3.1' ],
24 silly audit   imurmurhash: [ '0.1.4' ],
24 silly audit   inherits: [ '2.0.4' ],
24 silly audit   'is-extglob': [ '2.1.1' ],
24 silly audit   'is-fullwidth-code-point': [ '3.0.0' ],
24 silly audit   'is-glob': [ '4.0.3' ],
24 silly audit   'is-number': [ '7.0.0' ],
24 silly audit   'is-stream': [ '2.0.1' ],
24 silly audit   isexe: [ '2.0.0' ],
24 silly audit   jose: [ '4.15.9' ],
24 silly audit   'js-tokens': [ '4.0.0' ],
24 silly audit   'js-yaml': [ '4.1.0' ],
24 silly audit   jsesc: [ '3.1.0' ],
24 silly audit   'json-bigint': [ '1.0.0' ],
24 silly audit   'json-buffer': [ '3.0.1' ],
24 silly audit   'json-schema-traverse': [ '0.4.1' ],
24 silly audit   'json-stable-stringify-without-jsonify': [ '1.0.1' ],
24 silly audit   json5: [ '2.2.3' ],
24 silly audit   jsonwebtoken: [ '9.0.2' ],
24 silly audit   jwa: [ '1.4.2', '2.0.1' ],
24 silly audit   jws: [ '3.2.2', '4.0.0' ],
24 silly audit   'jwks-rsa': [ '3.2.0' ],
24 silly audit   keyv: [ '4.5.4' ],
24 silly audit   levn: [ '0.4.1' ],
24 silly audit   lightningcss: [ '1.30.1' ],
24 silly audit   limiter: [ '1.1.5' ],
24 silly audit   lmdb: [ '2.8.5' ],
24 silly audit   'node-addon-api': [ '6.1.0', '7.1.1' ],
24 silly audit   'locate-path': [ '6.0.0' ],
24 silly audit   'lodash.camelcase': [ '4.3.0' ],
24 silly audit   'lodash.clonedeep': [ '4.5.0' ],
24 silly audit   'lodash.includes': [ '4.3.0' ],
24 silly audit   'lodash.isboolean': [ '3.0.3' ],
24 silly audit   'lodash.isinteger': [ '4.0.4' ],
24 silly audit   'lodash.isnumber': [ '3.0.3' ],
24 silly audit   'lodash.isplainobject': [ '4.0.6' ],
24 silly audit   'lodash.isstring': [ '4.0.1' ],
24 silly audit   'lodash.merge': [ '4.6.2' ],
24 silly audit   'lodash.once': [ '4.1.1' ],
24 silly audit   long: [ '5.3.2' ],
24 silly audit   'lru-cache': [ '5.1.1', '6.0.0' ],
24 silly audit   'lru-memoizer': [ '2.3.0' ],
24 silly audit   yallist: [ '4.0.0', '3.1.1' ],
24 silly audit   'math-intrinsics': [ '1.1.0' ],
24 silly audit   micromatch: [ '4.0.8' ],
24 silly audit   picomatch: [ '2.3.1', '4.0.2' ],
24 silly audit   mime: [ '3.0.0' ],
24 silly audit   'mime-db': [ '1.52.0' ],
24 silly audit   'mime-types': [ '2.1.35' ],
24 silly audit   minimatch: [ '3.1.2' ],
24 silly audit   ms: [ '2.1.3' ],
24 silly audit   msgpackr: [ '1.11.4' ],
24 silly audit   nanoid: [ '3.3.11' ],
24 silly audit   'natural-compare': [ '1.4.0' ],
24 silly audit   'node-fetch': [ '2.7.0' ],
24 silly audit   'node-forge': [ '1.3.1' ],
24 silly audit   'node-gyp-build-optional-packages': [ '5.1.1' ],
24 silly audit   'node-releases': [ '2.0.19' ],
24 silly audit   nullthrows: [ '1.1.1' ],
24 silly audit   'object-hash': [ '3.0.0' ],
24 silly audit   once: [ '1.4.0' ],
24 silly audit   optionator: [ '0.9.4' ],
24 silly audit   'ordered-binary': [ '1.6.0' ],
24 silly audit   'p-limit': [ '3.1.0' ],
24 silly audit   'p-locate': [ '5.0.0' ],
24 silly audit   parcel: [ '2.15.4' ],
24 silly audit   'parent-module': [ '1.0.1' ],
24 silly audit   'path-exists': [ '4.0.0' ],
24 silly audit   'path-key': [ '3.1.1' ],
24 silly audit   picocolors: [ '1.1.1' ],
24 silly audit   postcss: [ '8.5.6' ],
24 silly audit   'postcss-value-parser': [ '4.2.0' ],
24 silly audit   'prelude-ls': [ '1.2.1' ],
24 silly audit   'proto3-json-serializer': [ '2.0.2' ],
24 silly audit   protobufjs: [ '7.5.3' ],
24 silly audit   punycode: [ '2.3.1' ],
24 silly audit   react: [ '19.1.0' ],
24 silly audit   'react-dom': [ '19.1.0' ],
24 silly audit   'readable-stream': [ '3.6.2' ],
24 silly audit   'regenerator-runtime': [ '0.14.1' ],
24 silly audit   'require-directory': [ '2.1.1' ],
24 silly audit   'resolve-from': [ '4.0.0' ],
24 silly audit   retry: [ '0.13.1' ],
24 silly audit   'retry-request': [ '7.0.2' ],
24 silly audit   rollup: [ '4.45.0' ],
24 silly audit   'safe-buffer': [ '5.2.1' ],
24 silly audit   scheduler: [ '0.26.0' ],
24 silly audit   'shebang-command': [ '2.0.0' ],
24 silly audit   'shebang-regex': [ '3.0.0' ],
24 silly audit   'source-map-js': [ '1.2.1' ],
24 silly audit   'stream-events': [ '1.0.5' ],
24 silly audit   'stream-shift': [ '1.0.3' ],
24 silly audit   string_decoder: [ '1.3.0' ],
24 silly audit   'string-width': [ '4.2.3' ],
24 silly audit   'strip-ansi': [ '6.0.1' ],
24 silly audit   'strip-json-comments': [ '3.1.1' ],
24 silly audit   strnum: [ '1.1.2' ],
24 silly audit   stubs: [ '3.0.0' ],
24 silly audit   'supports-color': [ '7.2.0' ],
24 silly audit   'teeny-request': [ '9.0.0' ],
24 silly audit   'term-size': [ '2.2.1' ],
24 silly audit   tinyglobby: [ '0.2.14' ],
24 silly audit   'to-regex-range': [ '5.0.1' ],
24 silly audit   tr46: [ '0.0.3' ],
24 silly audit   tslib: [ '2.8.1' ],
24 silly audit   'type-check': [ '0.4.0' ],
24 silly audit   'type-fest': [ '0.20.2' ],
24 silly audit   'undici-types': [ '6.21.0' ],
24 silly audit   'update-browserslist-db': [ '1.1.3' ],
24 silly audit   'uri-js': [ '4.4.1' ],
24 silly audit   'util-deprecate': [ '1.0.2' ],
24 silly audit   'utility-types': [ '3.11.0' ],
24 silly audit   vite: [ '7.0.4' ],
24 silly audit   'weak-lru-cache': [ '1.2.2' ],
24 silly audit   'web-vitals': [ '4.2.4' ],
24 silly audit   'webidl-conversions': [ '3.0.1' ],
24 silly audit   'websocket-driver': [ '0.7.4' ],
24 silly audit   'websocket-extensions': [ '0.1.4' ],
24 silly audit   'whatwg-url': [ '5.0.0' ],
24 silly audit   which: [ '2.0.2' ],
24 silly audit   'word-wrap': [ '1.2.5' ],
24 silly audit   'wrap-ansi': [ '7.0.0' ],
24 silly audit   wrappy: [ '1.0.2' ],
24 silly audit   y18n: [ '5.0.8' ],
24 silly audit   yargs: [ '17.7.2' ],
24 silly audit   'yargs-parser': [ '21.1.1' ],
24 silly audit   'yocto-queue': [ '0.1.0' ],
24 silly audit   frontend: [ '0.0.0' ],
24 silly audit   '@firebase/storage': [ '0.14.0' ]
24 silly audit }
25 http fetch POST 200 https://registry.npmjs.org/-/npm/v1/security/advisories/bulk 1196ms
26 silly audit report {}
27 verbose cwd /data/data/com.termux/files/home
28 verbose os Linux 5.10.226-android12-9-00047-g4968e29b7f92-ab12786767
29 verbose node v24.4.0
30 verbose npm  v11.4.2
31 verbose exit 0
32 info ok
