0 verbose cli /apex/com.android.runtime/bin/linker64 /data/data/com.termux/files/usr/bin/npm
1 info using npm@11.4.2
2 info using node@v24.4.0
3 silly config load:file:/data/data/com.termux/files/usr/lib/node_modules/npm/npmrc
4 silly config load:file:/data/data/com.termux/files/home/.npmrc
5 silly config load:file:/data/data/com.termux/files/usr/etc/npmrc
6 verbose title npm install firebase
7 verbose argv "install" "firebase"
8 verbose logfile logs-max:10 dir:/data/data/com.termux/files/home/.npm/_logs/2025-07-18T00_41_03_129Z-
9 verbose logfile /data/data/com.termux/files/home/.npm/_logs/2025-07-18T00_41_03_129Z-debug-0.log
10 silly logfile start cleaning logs, removing 1 files
11 silly packumentCache heap:1174405120 maxSize:293601280 maxEntrySize:146800640
12 silly logfile done cleaning log files
13 silly idealTree buildDeps
14 silly fetch manifest firebase@*
15 silly packumentCache full:https://registry.npmjs.org/firebase cache-miss
16 http fetch GET 200 https://registry.npmjs.org/firebase 3430ms (cache miss)
17 silly packumentCache full:https://registry.npmjs.org/firebase set size:undefined disposed:false
18 silly placeDep ROOT firebase@12.0.0 OK for: elparadisogonzalo-monorepo@1.0.0 want: *
19 silly fetch manifest @firebase/ai@2.0.0
20 silly packumentCache full:https://registry.npmjs.org/@firebase%2fai cache-miss
21 silly fetch manifest @firebase/app@0.14.0
22 silly packumentCache full:https://registry.npmjs.org/@firebase%2fapp cache-miss
23 silly fetch manifest @firebase/auth@1.11.0
24 silly packumentCache full:https://registry.npmjs.org/@firebase%2fauth cache-miss
25 silly fetch manifest @firebase/storage@0.14.0
26 silly packumentCache full:https://registry.npmjs.org/@firebase%2fstorage cache-miss
27 silly fetch manifest @firebase/analytics@0.10.18
28 silly packumentCache full:https://registry.npmjs.org/@firebase%2fanalytics cache-miss
29 silly fetch manifest @firebase/app-check@0.11.0
30 silly packumentCache full:https://registry.npmjs.org/@firebase%2fapp-check cache-miss
31 silly fetch manifest @firebase/firestore@4.9.0
32 silly packumentCache full:https://registry.npmjs.org/@firebase%2ffirestore cache-miss
33 http fetch GET 200 https://registry.npmjs.org/@firebase%2fai 2417ms (cache miss)
34 silly packumentCache full:https://registry.npmjs.org/@firebase%2fai set size:undefined disposed:false
35 silly fetch manifest @firebase/functions@0.13.0
36 silly packumentCache full:https://registry.npmjs.org/@firebase%2ffunctions cache-miss
37 http fetch GET 200 https://registry.npmjs.org/@firebase%2fapp 11613ms (cache miss)
38 silly packumentCache full:https://registry.npmjs.org/@firebase%2fapp set size:undefined disposed:false
39 silly fetch manifest @firebase/messaging@0.12.23
40 silly packumentCache full:https://registry.npmjs.org/@firebase%2fmessaging cache-miss
41 http fetch GET 200 https://registry.npmjs.org/@firebase%2fapp-check 12151ms (cache miss)
42 silly packumentCache full:https://registry.npmjs.org/@firebase%2fapp-check set size:undefined disposed:false
43 silly fetch manifest @firebase/app-compat@0.5.0
44 silly packumentCache full:https://registry.npmjs.org/@firebase%2fapp-compat cache-miss
45 http fetch GET 200 https://registry.npmjs.org/@firebase%2fanalytics 13380ms (cache miss)
46 silly packumentCache full:https://registry.npmjs.org/@firebase%2fanalytics set size:undefined disposed:false
47 silly fetch manifest @firebase/auth-compat@0.6.0
48 silly packumentCache full:https://registry.npmjs.org/@firebase%2fauth-compat cache-miss
49 http fetch GET 200 https://registry.npmjs.org/@firebase%2ffunctions 12553ms (cache miss)
50 silly packumentCache full:https://registry.npmjs.org/@firebase%2ffunctions set size:undefined disposed:false
51 silly fetch manifest @firebase/performance@0.7.8
52 silly packumentCache full:https://registry.npmjs.org/@firebase%2fperformance cache-miss
53 http fetch GET 200 https://registry.npmjs.org/@firebase%2fmessaging 4421ms (cache miss)
54 silly packumentCache full:https://registry.npmjs.org/@firebase%2fmessaging set size:undefined disposed:false
55 silly fetch manifest @firebase/data-connect@0.3.11
56 silly packumentCache full:https://registry.npmjs.org/@firebase%2fdata-connect cache-miss
57 http fetch GET 200 https://registry.npmjs.org/@firebase%2fstorage 16502ms (cache miss)
58 silly packumentCache full:https://registry.npmjs.org/@firebase%2fstorage set size:undefined disposed:false
59 silly fetch manifest @firebase/installations@0.6.19
60 silly packumentCache full:https://registry.npmjs.org/@firebase%2finstallations cache-miss
61 http fetch GET 200 https://registry.npmjs.org/@firebase%2fauth 17412ms (cache miss)
62 silly packumentCache full:https://registry.npmjs.org/@firebase%2fauth set size:undefined disposed:false
63 silly fetch manifest @firebase/remote-config@0.6.6
64 silly packumentCache full:https://registry.npmjs.org/@firebase%2fremote-config cache-miss
65 http fetch GET 200 https://registry.npmjs.org/@firebase%2fapp-compat 5952ms (cache miss)
66 silly packumentCache full:https://registry.npmjs.org/@firebase%2fapp-compat set size:undefined disposed:false
67 silly fetch manifest @firebase/storage-compat@0.4.0
68 silly packumentCache full:https://registry.npmjs.org/@firebase%2fstorage-compat cache-miss
69 http fetch GET 200 https://registry.npmjs.org/@firebase%2fdata-connect 2076ms (cache miss)
70 silly packumentCache full:https://registry.npmjs.org/@firebase%2fdata-connect set size:undefined disposed:false
71 silly fetch manifest @firebase/analytics-compat@0.2.24
72 silly packumentCache full:https://registry.npmjs.org/@firebase%2fanalytics-compat cache-miss
73 http fetch GET 200 https://registry.npmjs.org/@firebase%2fauth-compat 5347ms (cache miss)
74 silly packumentCache full:https://registry.npmjs.org/@firebase%2fauth-compat set size:undefined disposed:false
75 silly fetch manifest @firebase/app-check-compat@0.4.0
76 silly packumentCache full:https://registry.npmjs.org/@firebase%2fapp-check-compat cache-miss
77 http fetch GET 200 https://registry.npmjs.org/@firebase%2fperformance 5910ms (cache miss)
78 silly packumentCache full:https://registry.npmjs.org/@firebase%2fperformance set size:undefined disposed:false
79 silly fetch manifest @firebase/firestore-compat@0.4.0
80 silly packumentCache full:https://registry.npmjs.org/@firebase%2ffirestore-compat cache-miss
81 http fetch GET 200 https://registry.npmjs.org/@firebase%2fanalytics-compat 2894ms (cache miss)
82 silly packumentCache full:https://registry.npmjs.org/@firebase%2fanalytics-compat set size:undefined disposed:false
83 silly fetch manifest @firebase/functions-compat@0.4.0
84 silly packumentCache full:https://registry.npmjs.org/@firebase%2ffunctions-compat cache-miss
85 http fetch GET 200 https://registry.npmjs.org/@firebase%2ffirestore 22185ms (cache miss)
86 silly packumentCache full:https://registry.npmjs.org/@firebase%2ffirestore set size:undefined disposed:false
87 silly fetch manifest @firebase/messaging-compat@0.2.23
88 silly packumentCache full:https://registry.npmjs.org/@firebase%2fmessaging-compat cache-miss
89 http fetch GET 200 https://registry.npmjs.org/@firebase%2ffirestore-compat 2476ms (cache miss)
90 silly packumentCache full:https://registry.npmjs.org/@firebase%2ffirestore-compat set size:undefined disposed:false
91 silly fetch manifest @firebase/performance-compat@0.2.21
92 silly packumentCache full:https://registry.npmjs.org/@firebase%2fperformance-compat cache-miss
93 http fetch GET 200 https://registry.npmjs.org/@firebase%2ffunctions-compat 2590ms (cache miss)
94 silly packumentCache full:https://registry.npmjs.org/@firebase%2ffunctions-compat set size:undefined disposed:false
95 silly fetch manifest @firebase/installations-compat@0.2.19
96 silly packumentCache full:https://registry.npmjs.org/@firebase%2finstallations-compat cache-miss
97 http fetch GET 200 https://registry.npmjs.org/@firebase%2fstorage-compat 6144ms (cache miss)
98 silly packumentCache full:https://registry.npmjs.org/@firebase%2fstorage-compat set size:undefined disposed:false
99 silly fetch manifest @firebase/remote-config-compat@0.2.19
100 silly packumentCache full:https://registry.npmjs.org/@firebase%2fremote-config-compat cache-miss
101 http fetch GET 200 https://registry.npmjs.org/@firebase%2fapp-check-compat 5666ms (cache miss)
102 silly packumentCache full:https://registry.npmjs.org/@firebase%2fapp-check-compat set size:undefined disposed:false
103 http fetch GET 200 https://registry.npmjs.org/@firebase%2fperformance-compat 2033ms (cache miss)
104 silly packumentCache full:https://registry.npmjs.org/@firebase%2fperformance-compat set size:undefined disposed:false
105 http fetch GET 200 https://registry.npmjs.org/@firebase%2fmessaging-compat 3600ms (cache miss)
106 silly packumentCache full:https://registry.npmjs.org/@firebase%2fmessaging-compat set size:undefined disposed:false
107 http fetch GET 200 https://registry.npmjs.org/@firebase%2finstallations-compat 3020ms (cache miss)
108 silly packumentCache full:https://registry.npmjs.org/@firebase%2finstallations-compat set size:undefined disposed:false
109 http fetch GET 200 https://registry.npmjs.org/@firebase%2fremote-config-compat 3313ms (cache miss)
110 silly packumentCache full:https://registry.npmjs.org/@firebase%2fremote-config-compat set size:undefined disposed:false
111 http fetch GET 200 https://registry.npmjs.org/@firebase%2finstallations 11405ms (cache miss)
112 silly packumentCache full:https://registry.npmjs.org/@firebase%2finstallations set size:undefined disposed:false
113 http fetch GET 200 https://registry.npmjs.org/@firebase%2fremote-config 10736ms (cache miss)
114 silly packumentCache full:https://registry.npmjs.org/@firebase%2fremote-config set size:undefined disposed:false
115 silly fetch manifest @firebase/app-types@0.9.3
116 silly packumentCache full:https://registry.npmjs.org/@firebase%2fapp-types cache-miss
117 http fetch GET 200 https://registry.npmjs.org/@firebase%2fapp-types 779ms (cache revalidated)
118 silly packumentCache full:https://registry.npmjs.org/@firebase%2fapp-types set size:8351380 disposed:false
119 silly fetch manifest @react-native-async-storage/async-storage@^1.18.1
120 silly packumentCache full:https://registry.npmjs.org/@react-native-async-storage%2fasync-storage cache-miss
121 http fetch GET 200 https://registry.npmjs.org/@react-native-async-storage%2fasync-storage 715ms (cache miss)
122 silly packumentCache full:https://registry.npmjs.org/@react-native-async-storage%2fasync-storage set size:undefined disposed:false
123 silly fetch manifest react-native@^0.0.0-0 || >=0.60 <1.0
124 silly packumentCache full:https://registry.npmjs.org/react-native cache-miss
125 http fetch GET 200 https://registry.npmjs.org/react-native 2106ms (cache miss)
126 silly packumentCache full:https://registry.npmjs.org/react-native set size:undefined disposed:false
127 silly fetch manifest @types/react@^19.1.0
128 silly packumentCache full:https://registry.npmjs.org/@types%2freact cache-miss
129 http fetch GET 200 https://registry.npmjs.org/@types%2freact 802ms (cache miss)
130 silly packumentCache full:https://registry.npmjs.org/@types%2freact set size:undefined disposed:false
131 silly fetch manifest react@^19.1.0
132 silly packumentCache full:https://registry.npmjs.org/react cache-miss
133 http fetch GET 200 https://registry.npmjs.org/react 179ms (cache revalidated)
134 silly packumentCache full:https://registry.npmjs.org/react set size:5869458 disposed:false
135 silly placeDep ROOT @firebase/ai@2.0.0 OK for: firebase@12.0.0 want: 2.0.0
136 silly placeDep ROOT @firebase/app@0.14.0 OK for: @firebase/ai@2.0.0 want: 0.x
137 silly placeDep ROOT @firebase/analytics@0.10.18 OK for: firebase@12.0.0 want: 0.10.18
138 silly placeDep ROOT @firebase/analytics-compat@0.2.24 OK for: firebase@12.0.0 want: 0.2.24
139 silly placeDep ROOT @firebase/app-compat@0.5.0 OK for: @firebase/analytics-compat@0.2.24 want: 0.x
140 silly placeDep ROOT @firebase/app-check@0.11.0 OK for: firebase@12.0.0 want: 0.11.0
141 silly placeDep ROOT @firebase/app-check-compat@0.4.0 OK for: firebase@12.0.0 want: 0.4.0
142 silly placeDep ROOT @firebase/auth@1.11.0 OK for: firebase@12.0.0 want: 1.11.0
143 silly placeDep ROOT @firebase/auth-compat@0.6.0 OK for: firebase@12.0.0 want: 0.6.0
144 silly placeDep ROOT @firebase/data-connect@0.3.11 OK for: firebase@12.0.0 want: 0.3.11
145 silly placeDep ROOT @firebase/firestore@4.9.0 OK for: firebase@12.0.0 want: 4.9.0
146 silly placeDep ROOT @firebase/firestore-compat@0.4.0 OK for: firebase@12.0.0 want: 0.4.0
147 silly placeDep ROOT @firebase/functions@0.13.0 OK for: firebase@12.0.0 want: 0.13.0
148 silly placeDep ROOT @firebase/functions-compat@0.4.0 OK for: firebase@12.0.0 want: 0.4.0
149 silly placeDep ROOT @firebase/installations@0.6.19 OK for: firebase@12.0.0 want: 0.6.19
150 silly placeDep ROOT @firebase/installations-compat@0.2.19 OK for: firebase@12.0.0 want: 0.2.19
151 silly placeDep ROOT @firebase/messaging@0.12.23 OK for: firebase@12.0.0 want: 0.12.23
152 silly placeDep ROOT @firebase/messaging-compat@0.2.23 OK for: firebase@12.0.0 want: 0.2.23
153 silly placeDep ROOT @firebase/performance@0.7.8 OK for: firebase@12.0.0 want: 0.7.8
154 silly placeDep ROOT @firebase/performance-compat@0.2.21 OK for: firebase@12.0.0 want: 0.2.21
155 silly placeDep ROOT @firebase/remote-config@0.6.6 OK for: firebase@12.0.0 want: 0.6.6
156 silly placeDep ROOT @firebase/remote-config-compat@0.2.19 OK for: firebase@12.0.0 want: 0.2.19
157 silly placeDep ROOT @firebase/storage@0.14.0 OK for: firebase@12.0.0 want: 0.14.0
158 silly placeDep ROOT @firebase/storage-compat@0.4.0 OK for: firebase@12.0.0 want: 0.4.0
159 silly fetch manifest idb@7.1.1
160 silly packumentCache full:https://registry.npmjs.org/idb cache-miss
161 silly fetch manifest @firebase/analytics-types@0.8.3
162 silly packumentCache full:https://registry.npmjs.org/@firebase%2fanalytics-types cache-miss
163 silly fetch manifest @firebase/app-check-types@0.5.3
164 silly packumentCache full:https://registry.npmjs.org/@firebase%2fapp-check-types cache-miss
165 silly fetch manifest @firebase/auth-types@0.13.0
166 silly packumentCache full:https://registry.npmjs.org/@firebase%2fauth-types cache-miss
167 silly fetch manifest @grpc/grpc-js@~1.9.0
168 silly packumentCache full:https://registry.npmjs.org/@grpc%2fgrpc-js cache-miss
169 silly fetch manifest @firebase/webchannel-wrapper@1.0.4
170 silly packumentCache full:https://registry.npmjs.org/@firebase%2fwebchannel-wrapper cache-miss
171 silly fetch manifest @firebase/firestore-types@3.0.3
172 silly packumentCache full:https://registry.npmjs.org/@firebase%2ffirestore-types cache-miss
173 http fetch GET 200 https://registry.npmjs.org/@grpc%2fgrpc-js 780ms (cache revalidated)
174 silly packumentCache full:https://registry.npmjs.org/@grpc%2fgrpc-js set size:644100 disposed:false
175 silly fetch manifest @firebase/messaging-interop-types@0.2.3
176 silly packumentCache full:https://registry.npmjs.org/@firebase%2fmessaging-interop-types cache-miss
177 http fetch GET 200 https://registry.npmjs.org/@firebase%2fapp-check-types 1880ms (cache miss)
178 silly packumentCache full:https://registry.npmjs.org/@firebase%2fapp-check-types set size:undefined disposed:false
179 silly fetch manifest @firebase/functions-types@0.6.3
180 silly packumentCache full:https://registry.npmjs.org/@firebase%2ffunctions-types cache-miss
181 http fetch GET 200 https://registry.npmjs.org/idb 4894ms (cache miss)
182 silly packumentCache full:https://registry.npmjs.org/idb set size:undefined disposed:false
183 silly fetch manifest @firebase/installations-types@0.5.3
184 silly packumentCache full:https://registry.npmjs.org/@firebase%2finstallations-types cache-miss
185 http fetch GET 200 https://registry.npmjs.org/@firebase%2fmessaging-interop-types 5091ms (cache miss)
186 silly packumentCache full:https://registry.npmjs.org/@firebase%2fmessaging-interop-types set size:undefined disposed:false
187 silly fetch manifest web-vitals@^4.2.4
188 silly packumentCache full:https://registry.npmjs.org/web-vitals cache-miss
189 http fetch GET 200 https://registry.npmjs.org/web-vitals 733ms (cache miss)
190 silly packumentCache full:https://registry.npmjs.org/web-vitals set size:undefined disposed:false
191 silly fetch manifest @firebase/performance-types@0.2.3
192 silly packumentCache full:https://registry.npmjs.org/@firebase%2fperformance-types cache-miss
193 http fetch GET 200 https://registry.npmjs.org/@firebase%2ffirestore-types 6753ms (cache miss)
194 silly packumentCache full:https://registry.npmjs.org/@firebase%2ffirestore-types set size:undefined disposed:false
195 silly fetch manifest @firebase/remote-config-types@0.4.0
196 silly packumentCache full:https://registry.npmjs.org/@firebase%2fremote-config-types cache-miss
197 http fetch GET 200 https://registry.npmjs.org/@firebase%2fwebchannel-wrapper 6989ms (cache miss)
198 silly packumentCache full:https://registry.npmjs.org/@firebase%2fwebchannel-wrapper set size:undefined disposed:false
199 silly fetch manifest @firebase/storage-types@0.8.3
200 silly packumentCache full:https://registry.npmjs.org/@firebase%2fstorage-types cache-miss
201 http fetch GET 200 https://registry.npmjs.org/@firebase%2ffunctions-types 6282ms (cache miss)
202 silly packumentCache full:https://registry.npmjs.org/@firebase%2ffunctions-types set size:undefined disposed:false
203 http fetch GET 200 https://registry.npmjs.org/@firebase%2fanalytics-types 8676ms (cache miss)
204 silly packumentCache full:https://registry.npmjs.org/@firebase%2fanalytics-types set size:undefined disposed:false
205 http fetch GET 200 https://registry.npmjs.org/@firebase%2fauth-types 10226ms (cache miss)
206 silly packumentCache full:https://registry.npmjs.org/@firebase%2fauth-types set size:undefined disposed:false
207 http fetch GET 200 https://registry.npmjs.org/@firebase%2finstallations-types 5914ms (cache miss)
208 silly packumentCache full:https://registry.npmjs.org/@firebase%2finstallations-types set size:undefined disposed:false
209 http fetch GET 200 https://registry.npmjs.org/@firebase%2fremote-config-types 4153ms (cache miss)
210 silly packumentCache full:https://registry.npmjs.org/@firebase%2fremote-config-types set size:undefined disposed:false
211 http fetch GET 200 https://registry.npmjs.org/@firebase%2fstorage-types 4902ms (cache miss)
212 silly packumentCache full:https://registry.npmjs.org/@firebase%2fstorage-types set size:undefined disposed:false
213 http fetch GET 200 https://registry.npmjs.org/@firebase%2fperformance-types 6351ms (cache miss)
214 silly packumentCache full:https://registry.npmjs.org/@firebase%2fperformance-types set size:undefined disposed:false
215 silly placeDep ROOT @firebase/analytics-types@0.8.3 OK for: @firebase/analytics-compat@0.2.24 want: 0.8.3
216 silly placeDep ROOT idb@7.1.1 OK for: @firebase/app@0.14.0 want: 7.1.1
217 silly placeDep ROOT @firebase/app-check-types@0.5.3 OK for: @firebase/app-check-compat@0.4.0 want: 0.5.3
218 silly fetch manifest @firebase/app-types@0.x
219 silly packumentCache full:https://registry.npmjs.org/@firebase%2fapp-types cache-miss
220 http cache https://registry.npmjs.org/@firebase%2fapp-types 50ms (cache hit)
221 silly packumentCache full:https://registry.npmjs.org/@firebase%2fapp-types set size:8351380 disposed:false
222 silly fetch manifest @firebase/util@1.13.0
223 silly packumentCache full:https://registry.npmjs.org/@firebase%2futil cache-miss
224 http fetch GET 200 https://registry.npmjs.org/@firebase%2futil 728ms (cache revalidated)
225 silly packumentCache full:https://registry.npmjs.org/@firebase%2futil set size:12741937 disposed:false
226 silly placeDep ROOT @firebase/auth-types@0.13.0 OK for: @firebase/auth-compat@0.6.0 want: 0.13.0
227 silly placeDep ROOT @firebase/webchannel-wrapper@1.0.4 OK for: @firebase/firestore@4.9.0 want: 1.0.4
228 silly placeDep node_modules/@firebase/firestore @grpc/grpc-js@1.9.15 OK for: @firebase/firestore@4.9.0 want: ~1.9.0
229 silly placeDep ROOT @firebase/firestore-types@3.0.3 OK for: @firebase/firestore-compat@0.4.0 want: 3.0.3
230 silly placeDep ROOT @firebase/messaging-interop-types@0.2.3 OK for: @firebase/functions@0.13.0 want: 0.2.3
231 silly placeDep ROOT @firebase/functions-types@0.6.3 OK for: @firebase/functions-compat@0.4.0 want: 0.6.3
232 silly placeDep ROOT @firebase/installations-types@0.5.3 OK for: @firebase/installations-compat@0.2.19 want: 0.5.3
233 silly placeDep ROOT web-vitals@4.2.4 OK for: @firebase/performance@0.7.8 want: ^4.2.4
234 silly placeDep ROOT @firebase/performance-types@0.2.3 OK for: @firebase/performance-compat@0.2.21 want: 0.2.3
235 silly placeDep ROOT @firebase/remote-config-types@0.4.0 OK for: @firebase/remote-config-compat@0.2.19 want: 0.4.0
236 silly placeDep ROOT @firebase/storage-types@0.8.3 OK for: @firebase/storage-compat@0.4.0 want: 0.8.3
237 silly reify moves {}
238 silly audit bulk request {
238 silly audit   '@ampproject/remapping': [ '2.3.0' ],
238 silly audit   '@babel/code-frame': [ '7.27.1' ],
238 silly audit   '@babel/compat-data': [ '7.28.0' ],
238 silly audit   '@babel/core': [ '7.28.0' ],
238 silly audit   semver: [ '6.3.1', '7.7.2' ],
238 silly audit   '@babel/generator': [ '7.28.0' ],
238 silly audit   '@babel/helper-compilation-targets': [ '7.27.2' ],
238 silly audit   '@babel/helper-globals': [ '7.28.0' ],
238 silly audit   '@babel/helper-module-imports': [ '7.27.1' ],
238 silly audit   '@babel/helper-module-transforms': [ '7.27.3' ],
238 silly audit   '@babel/helper-plugin-utils': [ '7.27.1' ],
238 silly audit   '@babel/helper-string-parser': [ '7.27.1' ],
238 silly audit   '@babel/helper-validator-identifier': [ '7.27.1' ],
238 silly audit   '@babel/helper-validator-option': [ '7.27.1' ],
238 silly audit   '@babel/helpers': [ '7.27.6' ],
238 silly audit   '@babel/parser': [ '7.28.0' ],
238 silly audit   '@babel/plugin-transform-react-jsx-self': [ '7.27.1' ],
238 silly audit   '@babel/plugin-transform-react-jsx-source': [ '7.27.1' ],
238 silly audit   '@babel/template': [ '7.27.2' ],
238 silly audit   '@babel/traverse': [ '7.28.0' ],
238 silly audit   '@babel/types': [ '7.28.1' ],
238 silly audit   '@esbuild/android-arm64': [ '0.25.6' ],
238 silly audit   '@eslint-community/eslint-utils': [ '4.7.0' ],
238 silly audit   'eslint-visitor-keys': [ '3.4.3', '4.2.1' ],
238 silly audit   '@eslint-community/regexpp': [ '4.12.1' ],
238 silly audit   '@eslint/config-array': [ '0.21.0' ],
238 silly audit   '@eslint/config-helpers': [ '0.3.0' ],
238 silly audit   '@eslint/core': [ '0.15.1' ],
238 silly audit   '@eslint/eslintrc': [ '3.3.1' ],
238 silly audit   globals: [ '14.0.0', '13.24.0', '16.3.0' ],
238 silly audit   '@eslint/js': [ '9.31.0' ],
238 silly audit   '@eslint/object-schema': [ '2.1.6' ],
238 silly audit   '@eslint/plugin-kit': [ '0.3.3' ],
238 silly audit   '@fastify/busboy': [ '3.1.1' ],
238 silly audit   '@firebase/app-check-interop-types': [ '0.3.3' ],
238 silly audit   '@firebase/app-types': [ '0.9.3' ],
238 silly audit   '@firebase/auth-interop-types': [ '0.2.4' ],
238 silly audit   '@firebase/component': [ '0.7.0' ],
238 silly audit   '@firebase/database': [ '1.1.0' ],
238 silly audit   '@firebase/database-compat': [ '2.1.0' ],
238 silly audit   '@firebase/database-types': [ '1.0.16' ],
238 silly audit   '@firebase/logger': [ '0.5.0' ],
238 silly audit   '@firebase/util': [ '1.13.0' ],
238 silly audit   '@google-cloud/firestore': [ '7.11.3' ],
238 silly audit   '@google-cloud/paginator': [ '5.0.2' ],
238 silly audit   '@google-cloud/projectify': [ '4.0.0' ],
238 silly audit   '@google-cloud/promisify': [ '4.0.0' ],
238 silly audit   '@google-cloud/storage': [ '7.16.0' ],
238 silly audit   uuid: [ '8.3.2', '9.0.1', '11.1.0' ],
238 silly audit   '@grpc/grpc-js': [ '1.13.4', '1.9.15' ],
238 silly audit   '@grpc/proto-loader': [ '0.7.15' ],
238 silly audit   '@humanfs/core': [ '0.19.1' ],
238 silly audit   '@humanfs/node': [ '0.16.6' ],
238 silly audit   '@humanwhocodes/retry': [ '0.3.1', '0.4.3' ],
238 silly audit   '@humanwhocodes/module-importer': [ '1.0.1' ],
238 silly audit   '@jridgewell/gen-mapping': [ '0.3.12' ],
238 silly audit   '@jridgewell/resolve-uri': [ '3.1.2' ],
238 silly audit   '@jridgewell/sourcemap-codec': [ '1.5.4' ],
238 silly audit   '@jridgewell/trace-mapping': [ '0.3.29' ],
238 silly audit   '@js-sdsl/ordered-map': [ '4.4.2' ],
238 silly audit   '@lezer/common': [ '1.2.3' ],
238 silly audit   '@lezer/lr': [ '1.4.2' ],
238 silly audit   '@mischnic/json-sourcemap': [ '0.1.1' ],
238 silly audit   '@opentelemetry/api': [ '1.9.0' ],
238 silly audit   '@parcel/bundler-default': [ '2.15.4' ],
238 silly audit   '@parcel/cache': [ '2.15.4' ],
238 silly audit   '@parcel/codeframe': [ '2.15.4' ],
238 silly audit   '@parcel/compressor-raw': [ '2.15.4' ],
238 silly audit   '@parcel/config-default': [ '2.15.4' ],
238 silly audit   '@parcel/core': [ '2.15.4' ],
238 silly audit   '@parcel/diagnostic': [ '2.15.4' ],
238 silly audit   '@parcel/error-overlay': [ '2.15.4' ],
238 silly audit   '@parcel/events': [ '2.15.4' ],
238 silly audit   '@parcel/feature-flags': [ '2.15.4' ],
238 silly audit   '@parcel/fs': [ '2.15.4' ],
238 silly audit   '@parcel/graph': [ '3.5.4' ],
238 silly audit   '@parcel/logger': [ '2.15.4' ],
238 silly audit   '@parcel/markdown-ansi': [ '2.15.4' ],
238 silly audit   '@parcel/namer-default': [ '2.15.4' ],
238 silly audit   '@parcel/node-resolver-core': [ '3.6.4' ],
238 silly audit   '@parcel/optimizer-css': [ '2.15.4' ],
238 silly audit   '@parcel/optimizer-html': [ '2.15.4' ],
238 silly audit   '@parcel/optimizer-image': [ '2.15.4' ],
238 silly audit   '@parcel/optimizer-svg': [ '2.15.4' ],
238 silly audit   '@parcel/optimizer-swc': [ '2.15.4' ],
238 silly audit   '@parcel/package-manager': [ '2.15.4' ],
238 silly audit   '@parcel/packager-css': [ '2.15.4' ],
238 silly audit   '@parcel/packager-html': [ '2.15.4' ],
238 silly audit   '@parcel/packager-js': [ '2.15.4' ],
238 silly audit   '@parcel/packager-raw': [ '2.15.4' ],
238 silly audit   '@parcel/packager-svg': [ '2.15.4' ],
238 silly audit   '@parcel/packager-wasm': [ '2.15.4' ],
238 silly audit   '@parcel/plugin': [ '2.15.4' ],
238 silly audit   '@parcel/profiler': [ '2.15.4' ],
238 silly audit   '@parcel/reporter-cli': [ '2.15.4' ],
238 silly audit   '@parcel/reporter-dev-server': [ '2.15.4' ],
238 silly audit   '@parcel/reporter-tracer': [ '2.15.4' ],
238 silly audit   '@parcel/resolver-default': [ '2.15.4' ],
238 silly audit   '@parcel/runtime-browser-hmr': [ '2.15.4' ],
238 silly audit   '@parcel/runtime-js': [ '2.15.4' ],
238 silly audit   '@parcel/runtime-rsc': [ '2.15.4' ],
238 silly audit   '@parcel/runtime-service-worker': [ '2.15.4' ],
238 silly audit   '@parcel/rust': [ '2.15.4' ],
238 silly audit   '@parcel/source-map': [ '2.1.1' ],
238 silly audit   'detect-libc': [ '1.0.3', '2.0.4' ],
238 silly audit   '@parcel/transformer-babel': [ '2.15.4' ],
238 silly audit   '@parcel/transformer-css': [ '2.15.4' ],
238 silly audit   '@parcel/transformer-html': [ '2.15.4' ],
238 silly audit   '@parcel/transformer-image': [ '2.15.4' ],
238 silly audit   '@parcel/transformer-js': [ '2.15.4' ],
238 silly audit   '@parcel/transformer-json': [ '2.15.4' ],
238 silly audit   '@parcel/transformer-node': [ '2.15.4' ],
238 silly audit   '@parcel/transformer-postcss': [ '2.15.4' ],
238 silly audit   '@parcel/transformer-posthtml': [ '2.15.4' ],
238 silly audit   '@parcel/transformer-raw': [ '2.15.4' ],
238 silly audit   '@parcel/transformer-react-refresh-wrap': [ '2.15.4' ],
238 silly audit   'react-refresh': [ '0.16.0', '0.17.0' ],
238 silly audit   '@parcel/transformer-svg': [ '2.15.4' ],
238 silly audit   '@parcel/types': [ '2.15.4' ],
238 silly audit   '@parcel/types-internal': [ '2.15.4' ],
238 silly audit   '@parcel/utils': [ '2.15.4' ],
238 silly audit   '@parcel/watcher': [ '2.5.1' ],
238 silly audit   '@parcel/watcher-android-arm64': [ '2.5.1' ],
238 silly audit   '@parcel/workers': [ '2.15.4' ],
238 silly audit   '@protobufjs/aspromise': [ '1.1.2' ],
238 silly audit   '@protobufjs/base64': [ '1.1.2' ],
238 silly audit   '@protobufjs/codegen': [ '2.0.4' ],
238 silly audit   '@protobufjs/eventemitter': [ '1.1.0' ],
238 silly audit   '@protobufjs/fetch': [ '1.1.0' ],
238 silly audit   '@protobufjs/float': [ '1.0.2' ],
238 silly audit   '@protobufjs/inquire': [ '1.1.0' ],
238 silly audit   '@protobufjs/path': [ '1.1.2' ],
238 silly audit   '@protobufjs/pool': [ '1.1.0' ],
238 silly audit   '@protobufjs/utf8': [ '1.1.0' ],
238 silly audit   '@rolldown/pluginutils': [ '1.0.0-beta.19' ],
238 silly audit   '@rollup/rollup-android-arm64': [ '4.45.0' ],
238 silly audit   '@swc/core': [ '1.12.14' ],
238 silly audit   '@swc/counter': [ '0.1.3' ],
238 silly audit   '@swc/helpers': [ '0.5.17' ],
238 silly audit   '@swc/types': [ '0.1.23' ],
238 silly audit   '@tootallnate/once': [ '2.0.0' ],
238 silly audit   '@types/babel__core': [ '7.20.5' ],
238 silly audit   '@types/babel__generator': [ '7.27.0' ],
238 silly audit   '@types/babel__template': [ '7.4.4' ],
238 silly audit   '@types/babel__traverse': [ '7.20.7' ],
238 silly audit   '@types/body-parser': [ '1.19.6' ],
238 silly audit   '@types/caseless': [ '0.12.5' ],
238 silly audit   '@types/connect': [ '3.4.38' ],
238 silly audit   '@types/estree': [ '1.0.8' ],
238 silly audit   '@types/express': [ '4.17.23' ],
238 silly audit   '@types/express-serve-static-core': [ '4.19.6' ],
238 silly audit   '@types/http-errors': [ '2.0.5' ],
238 silly audit   '@types/json-schema': [ '7.0.15' ],
238 silly audit   '@types/jsonwebtoken': [ '9.0.10' ],
238 silly audit   '@types/long': [ '4.0.2' ],
238 silly audit   '@types/mime': [ '1.3.5' ],
238 silly audit   '@types/ms': [ '2.1.0' ],
238 silly audit   '@types/node': [ '22.16.4' ],
238 silly audit   '@types/qs': [ '6.14.0' ],
238 silly audit   '@types/range-parser': [ '1.2.7' ],
238 silly audit   '@types/react': [ '19.1.8' ],
238 silly audit   '@types/react-dom': [ '19.1.6' ],
238 silly audit   '@types/request': [ '2.48.12' ],
238 silly audit   '@types/send': [ '0.17.5' ],
238 silly audit   '@types/serve-static': [ '1.15.8' ],
238 silly audit   '@types/tough-cookie': [ '4.0.5' ],
238 silly audit   '@vitejs/plugin-react': [ '4.6.0' ],
238 silly audit   'abort-controller': [ '3.0.0' ],
238 silly audit   acorn: [ '8.15.0' ],
238 silly audit   'acorn-jsx': [ '5.3.2' ],
238 silly audit   'agent-base': [ '7.1.4', '6.0.2' ],
238 silly audit   ajv: [ '6.12.6' ],
238 silly audit   'ansi-regex': [ '5.0.1' ],
238 silly audit   'ansi-styles': [ '4.3.0' ],
238 silly audit   argparse: [ '2.0.1' ],
238 silly audit   arrify: [ '2.0.1' ],
238 silly audit   'async-retry': [ '1.3.3' ],
238 silly audit   asynckit: [ '0.4.0' ],
238 silly audit   'balanced-match': [ '1.0.2' ],
238 silly audit   'base-x': [ '3.0.11' ],
238 silly audit   'base64-js': [ '1.5.1' ],
238 silly audit   'bignumber.js': [ '9.3.1' ],
238 silly audit   'brace-expansion': [ '1.1.12' ],
238 silly audit   braces: [ '3.0.3' ],
238 silly audit   browserslist: [ '4.25.1' ],
238 silly audit   'buffer-equal-constant-time': [ '1.0.1' ],
238 silly audit   'call-bind-apply-helpers': [ '1.0.2' ],
238 silly audit   callsites: [ '3.1.0' ],
238 silly audit   'caniuse-lite': [ '1.0.30001727' ],
238 silly audit   chalk: [ '4.1.2' ],
238 silly audit   'chrome-trace-event': [ '1.0.4' ],
238 silly audit   cliui: [ '8.0.1' ],
238 silly audit   clone: [ '2.1.2' ],
238 silly audit   'color-convert': [ '2.0.1' ],
238 silly audit   'color-name': [ '1.1.4' ],
238 silly audit   'combined-stream': [ '1.0.8' ],
238 silly audit   commander: [ '12.1.0' ],
238 silly audit   'concat-map': [ '0.0.1' ],
238 silly audit   'convert-source-map': [ '2.0.0' ],
238 silly audit   'cross-spawn': [ '7.0.6' ],
238 silly audit   csstype: [ '3.1.3' ],
238 silly audit   debug: [ '4.4.1' ],
238 silly audit   'deep-is': [ '0.1.4' ],
238 silly audit   'delayed-stream': [ '1.0.0' ],
238 silly audit   dotenv: [ '16.6.1' ],
238 silly audit   'dotenv-expand': [ '11.0.7' ],
238 silly audit   'dunder-proto': [ '1.0.1' ],
238 silly audit   duplexify: [ '4.1.3' ],
238 silly audit   'ecdsa-sig-formatter': [ '1.0.11' ],
238 silly audit   'electron-to-chromium': [ '1.5.183' ],
238 silly audit   'emoji-regex': [ '8.0.0' ],
238 silly audit   'end-of-stream': [ '1.4.5' ],
238 silly audit   'es-define-property': [ '1.0.1' ],
238 silly audit   'es-errors': [ '1.3.0' ],
238 silly audit   'es-object-atoms': [ '1.1.1' ],
238 silly audit   'es-set-tostringtag': [ '2.1.0' ],
238 silly audit   esbuild: [ '0.25.6' ],
238 silly audit   escalade: [ '3.2.0' ],
238 silly audit   'escape-string-regexp': [ '4.0.0' ],
238 silly audit   eslint: [ '9.31.0' ],
238 silly audit   'eslint-plugin-react-hooks': [ '5.2.0' ],
238 silly audit   'eslint-plugin-react-refresh': [ '0.4.20' ],
238 silly audit   'eslint-scope': [ '8.4.0' ],
238 silly audit   espree: [ '10.4.0' ],
238 silly audit   esquery: [ '1.6.0' ],
238 silly audit   esrecurse: [ '4.3.0' ],
238 silly audit   estraverse: [ '5.3.0' ],
238 silly audit   esutils: [ '2.0.3' ],
238 silly audit   'event-target-shim': [ '5.0.1' ],
238 silly audit   extend: [ '3.0.2' ],
238 silly audit   'farmhash-modern': [ '1.1.0' ],
238 silly audit   'fast-deep-equal': [ '3.1.3' ],
238 silly audit   'fast-json-stable-stringify': [ '2.1.0' ],
238 silly audit   'fast-levenshtein': [ '2.0.6' ],
238 silly audit   'fast-xml-parser': [ '4.5.3' ],
238 silly audit   'faye-websocket': [ '0.11.4' ],
238 silly audit   fdir: [ '6.4.6' ],
238 silly audit   'file-entry-cache': [ '8.0.0' ],
238 silly audit   'fill-range': [ '7.1.1' ],
238 silly audit   'find-up': [ '5.0.0' ],
238 silly audit   'firebase-admin': [ '13.4.0' ],
238 silly audit   'flat-cache': [ '4.0.1' ],
238 silly audit   flatted: [ '3.3.3' ],
238 silly audit   'form-data': [ '2.5.4' ],
238 silly audit   'function-bind': [ '1.1.2' ],
238 silly audit   'functional-red-black-tree': [ '1.0.1' ],
238 silly audit   gaxios: [ '6.7.1' ],
238 silly audit   'gcp-metadata': [ '6.1.1' ],
238 silly audit   gensync: [ '1.0.0-beta.2' ],
238 silly audit   'get-caller-file': [ '2.0.5' ],
238 silly audit   'get-intrinsic': [ '1.3.0' ],
238 silly audit   'get-port': [ '4.2.0' ],
238 silly audit   'get-proto': [ '1.0.1' ],
238 silly audit   'glob-parent': [ '6.0.2' ],
238 silly audit   'google-auth-library': [ '9.15.1' ],
238 silly audit   'google-gax': [ '4.6.1' ],
238 silly audit   'google-logging-utils': [ '0.0.2' ],
238 silly audit   gopd: [ '1.2.0' ],
238 silly audit   gtoken: [ '7.1.0' ],
238 silly audit   'has-flag': [ '4.0.0' ],
238 silly audit   'has-own': [ '1.0.1' ],
238 silly audit   'has-symbols': [ '1.1.0' ],
238 silly audit   'has-tostringtag': [ '1.0.2' ],
238 silly audit   hasown: [ '2.0.2' ],
238 silly audit   'html-entities': [ '2.6.0' ],
238 silly audit   'http-parser-js': [ '0.5.10' ],
238 silly audit   'http-proxy-agent': [ '5.0.0' ],
238 silly audit   'https-proxy-agent': [ '7.0.6', '5.0.1' ],
238 silly audit   ignore: [ '5.3.2' ],
238 silly audit   'import-fresh': [ '3.3.1' ],
238 silly audit   imurmurhash: [ '0.1.4' ],
238 silly audit   inherits: [ '2.0.4' ],
238 silly audit   'is-extglob': [ '2.1.1' ],
238 silly audit   'is-fullwidth-code-point': [ '3.0.0' ],
238 silly audit   'is-glob': [ '4.0.3' ],
238 silly audit   'is-number': [ '7.0.0' ],
238 silly audit   'is-stream': [ '2.0.1' ],
238 silly audit   isexe: [ '2.0.0' ],
238 silly audit   jose: [ '4.15.9' ],
238 silly audit   'js-tokens': [ '4.0.0' ],
238 silly audit   'js-yaml': [ '4.1.0' ],
238 silly audit   jsesc: [ '3.1.0' ],
238 silly audit   'json-bigint': [ '1.0.0' ],
238 silly audit   'json-buffer': [ '3.0.1' ],
238 silly audit   'json-schema-traverse': [ '0.4.1' ],
238 silly audit   'json-stable-stringify-without-jsonify': [ '1.0.1' ],
238 silly audit   json5: [ '2.2.3' ],
238 silly audit   jsonwebtoken: [ '9.0.2' ],
238 silly audit   jwa: [ '1.4.2', '2.0.1' ],
238 silly audit   jws: [ '3.2.2', '4.0.0' ],
238 silly audit   'jwks-rsa': [ '3.2.0' ],
238 silly audit   keyv: [ '4.5.4' ],
238 silly audit   levn: [ '0.4.1' ],
238 silly audit   lightningcss: [ '1.30.1' ],
238 silly audit   limiter: [ '1.1.5' ],
238 silly audit   lmdb: [ '2.8.5' ],
238 silly audit   'node-addon-api': [ '6.1.0', '7.1.1' ],
238 silly audit   'locate-path': [ '6.0.0' ],
238 silly audit   'lodash.camelcase': [ '4.3.0' ],
238 silly audit   'lodash.clonedeep': [ '4.5.0' ],
238 silly audit   'lodash.includes': [ '4.3.0' ],
238 silly audit   'lodash.isboolean': [ '3.0.3' ],
238 silly audit   'lodash.isinteger': [ '4.0.4' ],
238 silly audit   'lodash.isnumber': [ '3.0.3' ],
238 silly audit   'lodash.isplainobject': [ '4.0.6' ],
238 silly audit   'lodash.isstring': [ '4.0.1' ],
238 silly audit   'lodash.merge': [ '4.6.2' ],
238 silly audit   'lodash.once': [ '4.1.1' ],
238 silly audit   long: [ '5.3.2' ],
238 silly audit   'lru-cache': [ '5.1.1', '6.0.0' ],
238 silly audit   'lru-memoizer': [ '2.3.0' ],
238 silly audit   yallist: [ '4.0.0', '3.1.1' ],
238 silly audit   'math-intrinsics': [ '1.1.0' ],
238 silly audit   micromatch: [ '4.0.8' ],
238 silly audit   picomatch: [ '2.3.1', '4.0.2' ],
238 silly audit   mime: [ '3.0.0' ],
238 silly audit   'mime-db': [ '1.52.0' ],
238 silly audit   'mime-types': [ '2.1.35' ],
238 silly audit   minimatch: [ '3.1.2' ],
238 silly audit   ms: [ '2.1.3' ],
238 silly audit   msgpackr: [ '1.11.4' ],
238 silly audit   nanoid: [ '3.3.11' ],
238 silly audit   'natural-compare': [ '1.4.0' ],
238 silly audit   'node-fetch': [ '2.7.0' ],
238 silly audit   'node-forge': [ '1.3.1' ],
238 silly audit   'node-gyp-build-optional-packages': [ '5.1.1' ],
238 silly audit   'node-releases': [ '2.0.19' ],
238 silly audit   nullthrows: [ '1.1.1' ],
238 silly audit   'object-hash': [ '3.0.0' ],
238 silly audit   once: [ '1.4.0' ],
238 silly audit   optionator: [ '0.9.4' ],
238 silly audit   'ordered-binary': [ '1.6.0' ],
238 silly audit   'p-limit': [ '3.1.0' ],
238 silly audit   'p-locate': [ '5.0.0' ],
238 silly audit   parcel: [ '2.15.4' ],
238 silly audit   'parent-module': [ '1.0.1' ],
238 silly audit   'path-exists': [ '4.0.0' ],
238 silly audit   'path-key': [ '3.1.1' ],
238 silly audit   picocolors: [ '1.1.1' ],
238 silly audit   postcss: [ '8.5.6' ],
238 silly audit   'postcss-value-parser': [ '4.2.0' ],
238 silly audit   'prelude-ls': [ '1.2.1' ],
238 silly audit   'proto3-json-serializer': [ '2.0.2' ],
238 silly audit   protobufjs: [ '7.5.3' ],
238 silly audit   punycode: [ '2.3.1' ],
238 silly audit   react: [ '19.1.0' ],
238 silly audit   'react-dom': [ '19.1.0' ],
238 silly audit   'readable-stream': [ '3.6.2' ],
238 silly audit   'regenerator-runtime': [ '0.14.1' ],
238 silly audit   'require-directory': [ '2.1.1' ],
238 silly audit   'resolve-from': [ '4.0.0' ],
238 silly audit   retry: [ '0.13.1' ],
238 silly audit   'retry-request': [ '7.0.2' ],
238 silly audit   rollup: [ '4.45.0' ],
238 silly audit   'safe-buffer': [ '5.2.1' ],
238 silly audit   scheduler: [ '0.26.0' ],
238 silly audit   'shebang-command': [ '2.0.0' ],
238 silly audit   'shebang-regex': [ '3.0.0' ],
238 silly audit   'source-map-js': [ '1.2.1' ],
238 silly audit   'stream-events': [ '1.0.5' ],
238 silly audit   'stream-shift': [ '1.0.3' ],
238 silly audit   string_decoder: [ '1.3.0' ],
238 silly audit   'string-width': [ '4.2.3' ],
238 silly audit   'strip-ansi': [ '6.0.1' ],
238 silly audit   'strip-json-comments': [ '3.1.1' ],
238 silly audit   strnum: [ '1.1.2' ],
238 silly audit   stubs: [ '3.0.0' ],
238 silly audit   'supports-color': [ '7.2.0' ],
238 silly audit   'teeny-request': [ '9.0.0' ],
238 silly audit   'term-size': [ '2.2.1' ],
238 silly audit   tinyglobby: [ '0.2.14' ],
238 silly audit   'to-regex-range': [ '5.0.1' ],
238 silly audit   tr46: [ '0.0.3' ],
238 silly audit   tslib: [ '2.8.1' ],
238 silly audit   'type-check': [ '0.4.0' ],
238 silly audit   'type-fest': [ '0.20.2' ],
238 silly audit   'undici-types': [ '6.21.0' ],
238 silly audit   'update-browserslist-db': [ '1.1.3' ],
238 silly audit   'uri-js': [ '4.4.1' ],
238 silly audit   'util-deprecate': [ '1.0.2' ],
238 silly audit   'utility-types': [ '3.11.0' ],
238 silly audit   vite: [ '7.0.4' ],
238 silly audit   'weak-lru-cache': [ '1.2.2' ],
238 silly audit   'webidl-conversions': [ '3.0.1' ],
238 silly audit   'websocket-driver': [ '0.7.4' ],
238 silly audit   'websocket-extensions': [ '0.1.4' ],
238 silly audit   'whatwg-url': [ '5.0.0' ],
238 silly audit   which: [ '2.0.2' ],
238 silly audit   'word-wrap': [ '1.2.5' ],
238 silly audit   'wrap-ansi': [ '7.0.0' ],
238 silly audit   wrappy: [ '1.0.2' ],
238 silly audit   y18n: [ '5.0.8' ],
238 silly audit   yargs: [ '17.7.2' ],
238 silly audit   'yargs-parser': [ '21.1.1' ],
238 silly audit   'yocto-queue': [ '0.1.0' ],
238 silly audit   frontend: [ '0.0.0' ],
238 silly audit   firebase: [ '12.0.0' ],
238 silly audit   '@firebase/ai': [ '2.0.0' ],
238 silly audit   '@firebase/app': [ '0.14.0' ],
238 silly audit   '@firebase/analytics': [ '0.10.18' ],
238 silly audit   '@firebase/analytics-compat': [ '0.2.24' ],
238 silly audit   '@firebase/app-compat': [ '0.5.0' ],
238 silly audit   '@firebase/app-check': [ '0.11.0' ],
238 silly audit   '@firebase/app-check-compat': [ '0.4.0' ],
238 silly audit   '@firebase/auth': [ '1.11.0' ],
238 silly audit   '@firebase/auth-compat': [ '0.6.0' ],
238 silly audit   '@firebase/data-connect': [ '0.3.11' ],
238 silly audit   '@firebase/firestore': [ '4.9.0' ],
238 silly audit   '@firebase/firestore-compat': [ '0.4.0' ],
238 silly audit   '@firebase/functions': [ '0.13.0' ],
238 silly audit   '@firebase/functions-compat': [ '0.4.0' ],
238 silly audit   '@firebase/installations': [ '0.6.19' ],
238 silly audit   '@firebase/installations-compat': [ '0.2.19' ],
238 silly audit   '@firebase/messaging': [ '0.12.23' ],
238 silly audit   '@firebase/messaging-compat': [ '0.2.23' ],
238 silly audit   '@firebase/performance': [ '0.7.8' ],
238 silly audit   '@firebase/performance-compat': [ '0.2.21' ],
238 silly audit   '@firebase/remote-config': [ '0.6.6' ],
238 silly audit   '@firebase/remote-config-compat': [ '0.2.19' ],
238 silly audit   '@firebase/storage': [ '0.14.0' ],
238 silly audit   '@firebase/storage-compat': [ '0.4.0' ],
238 silly audit   '@firebase/analytics-types': [ '0.8.3' ],
238 silly audit   idb: [ '7.1.1' ],
238 silly audit   '@firebase/app-check-types': [ '0.5.3' ],
238 silly audit   '@firebase/auth-types': [ '0.13.0' ],
238 silly audit   '@firebase/webchannel-wrapper': [ '1.0.4' ],
238 silly audit   '@firebase/firestore-types': [ '3.0.3' ],
238 silly audit   '@firebase/messaging-interop-types': [ '0.2.3' ],
238 silly audit   '@firebase/functions-types': [ '0.6.3' ],
238 silly audit   '@firebase/installations-types': [ '0.5.3' ],
238 silly audit   'web-vitals': [ '4.2.4' ],
238 silly audit   '@firebase/performance-types': [ '0.2.3' ],
238 silly audit   '@firebase/remote-config-types': [ '0.4.0' ],
238 silly audit   '@firebase/storage-types': [ '0.8.3' ]
238 silly audit }
239 http cache @firebase/storage-types@https://registry.npmjs.org/@firebase/storage-types/-/storage-types-0.8.3.tgz 0ms (cache hit)
240 http cache @firebase/remote-config-types@https://registry.npmjs.org/@firebase/remote-config-types/-/remote-config-types-0.4.0.tgz 0ms (cache hit)
241 http cache @firebase/performance-types@https://registry.npmjs.org/@firebase/performance-types/-/performance-types-0.2.3.tgz 0ms (cache hit)
242 http cache web-vitals@https://registry.npmjs.org/web-vitals/-/web-vitals-4.2.4.tgz 0ms (cache hit)
243 http cache @firebase/functions-types@https://registry.npmjs.org/@firebase/functions-types/-/functions-types-0.6.3.tgz 0ms (cache hit)
244 http cache @firebase/installations-types@https://registry.npmjs.org/@firebase/installations-types/-/installations-types-0.5.3.tgz 0ms (cache hit)
245 http cache @firebase/messaging-interop-types@https://registry.npmjs.org/@firebase/messaging-interop-types/-/messaging-interop-types-0.2.3.tgz 0ms (cache hit)
246 http cache @firebase/firestore-types@https://registry.npmjs.org/@firebase/firestore-types/-/firestore-types-3.0.3.tgz 0ms (cache hit)
247 http cache @firebase/webchannel-wrapper@https://registry.npmjs.org/@firebase/webchannel-wrapper/-/webchannel-wrapper-1.0.4.tgz 0ms (cache hit)
248 http cache @firebase/auth-types@https://registry.npmjs.org/@firebase/auth-types/-/auth-types-0.13.0.tgz 0ms (cache hit)
249 http cache @firebase/app-check-types@https://registry.npmjs.org/@firebase/app-check-types/-/app-check-types-0.5.3.tgz 0ms (cache hit)
250 http cache idb@https://registry.npmjs.org/idb/-/idb-7.1.1.tgz 0ms (cache hit)
251 http cache @firebase/storage-compat@https://registry.npmjs.org/@firebase/storage-compat/-/storage-compat-0.4.0.tgz 0ms (cache hit)
252 http cache @firebase/analytics-types@https://registry.npmjs.org/@firebase/analytics-types/-/analytics-types-0.8.3.tgz 0ms (cache hit)
253 http cache @firebase/storage@https://registry.npmjs.org/@firebase/storage/-/storage-0.14.0.tgz 0ms (cache hit)
254 http cache @firebase/remote-config-compat@https://registry.npmjs.org/@firebase/remote-config-compat/-/remote-config-compat-0.2.19.tgz 0ms (cache hit)
255 http cache @firebase/remote-config@https://registry.npmjs.org/@firebase/remote-config/-/remote-config-0.6.6.tgz 0ms (cache hit)
256 http cache @firebase/performance-compat@https://registry.npmjs.org/@firebase/performance-compat/-/performance-compat-0.2.21.tgz 1ms (cache hit)
257 http cache @firebase/performance@https://registry.npmjs.org/@firebase/performance/-/performance-0.7.8.tgz 0ms (cache hit)
258 http cache @firebase/messaging-compat@https://registry.npmjs.org/@firebase/messaging-compat/-/messaging-compat-0.2.23.tgz 0ms (cache hit)
259 http cache @firebase/messaging@https://registry.npmjs.org/@firebase/messaging/-/messaging-0.12.23.tgz 0ms (cache hit)
260 http cache @firebase/installations-compat@https://registry.npmjs.org/@firebase/installations-compat/-/installations-compat-0.2.19.tgz 0ms (cache hit)
261 http cache @firebase/installations@https://registry.npmjs.org/@firebase/installations/-/installations-0.6.19.tgz 0ms (cache hit)
262 http cache @firebase/functions-compat@https://registry.npmjs.org/@firebase/functions-compat/-/functions-compat-0.4.0.tgz 0ms (cache hit)
263 http cache @firebase/functions@https://registry.npmjs.org/@firebase/functions/-/functions-0.13.0.tgz 0ms (cache hit)
264 http cache @firebase/firestore-compat@https://registry.npmjs.org/@firebase/firestore-compat/-/firestore-compat-0.4.0.tgz 0ms (cache hit)
265 http cache @firebase/firestore@https://registry.npmjs.org/@firebase/firestore/-/firestore-4.9.0.tgz 0ms (cache hit)
266 http cache @firebase/data-connect@https://registry.npmjs.org/@firebase/data-connect/-/data-connect-0.3.11.tgz 0ms (cache hit)
267 http cache @firebase/auth-compat@https://registry.npmjs.org/@firebase/auth-compat/-/auth-compat-0.6.0.tgz 0ms (cache hit)
268 http cache @firebase/auth@https://registry.npmjs.org/@firebase/auth/-/auth-1.11.0.tgz 0ms (cache hit)
269 http cache @firebase/app-check-compat@https://registry.npmjs.org/@firebase/app-check-compat/-/app-check-compat-0.4.0.tgz 0ms (cache hit)
270 http cache @firebase/app-check@https://registry.npmjs.org/@firebase/app-check/-/app-check-0.11.0.tgz 0ms (cache hit)
271 http cache @firebase/app-compat@https://registry.npmjs.org/@firebase/app-compat/-/app-compat-0.5.0.tgz 0ms (cache hit)
272 http cache @firebase/analytics-compat@https://registry.npmjs.org/@firebase/analytics-compat/-/analytics-compat-0.2.24.tgz 0ms (cache hit)
273 http cache @firebase/analytics@https://registry.npmjs.org/@firebase/analytics/-/analytics-0.10.18.tgz 0ms (cache hit)
274 http cache @firebase/app@https://registry.npmjs.org/@firebase/app/-/app-0.14.0.tgz 0ms (cache hit)
275 http cache @firebase/ai@https://registry.npmjs.org/@firebase/ai/-/ai-2.0.0.tgz 0ms (cache hit)
276 http cache firebase@https://registry.npmjs.org/firebase/-/firebase-12.0.0.tgz 0ms (cache hit)
277 http cache @grpc/grpc-js@https://registry.npmjs.org/@grpc/grpc-js/-/grpc-js-1.9.15.tgz 0ms (cache hit)
278 silly tarball no local data for @firebase/remote-config-types@https://registry.npmjs.org/@firebase/remote-config-types/-/remote-config-types-0.4.0.tgz. Extracting by manifest.
279 silly tarball no local data for web-vitals@https://registry.npmjs.org/web-vitals/-/web-vitals-4.2.4.tgz. Extracting by manifest.
280 silly tarball no local data for @firebase/performance-types@https://registry.npmjs.org/@firebase/performance-types/-/performance-types-0.2.3.tgz. Extracting by manifest.
281 silly tarball no local data for @firebase/functions-types@https://registry.npmjs.org/@firebase/functions-types/-/functions-types-0.6.3.tgz. Extracting by manifest.
282 silly tarball no local data for @firebase/storage-types@https://registry.npmjs.org/@firebase/storage-types/-/storage-types-0.8.3.tgz. Extracting by manifest.
283 silly tarball no local data for @firebase/firestore-types@https://registry.npmjs.org/@firebase/firestore-types/-/firestore-types-3.0.3.tgz. Extracting by manifest.
284 silly tarball no local data for @firebase/messaging-interop-types@https://registry.npmjs.org/@firebase/messaging-interop-types/-/messaging-interop-types-0.2.3.tgz. Extracting by manifest.
285 silly tarball no local data for @firebase/installations-types@https://registry.npmjs.org/@firebase/installations-types/-/installations-types-0.5.3.tgz. Extracting by manifest.
286 silly tarball no local data for @firebase/webchannel-wrapper@https://registry.npmjs.org/@firebase/webchannel-wrapper/-/webchannel-wrapper-1.0.4.tgz. Extracting by manifest.
287 silly tarball no local data for @firebase/auth-types@https://registry.npmjs.org/@firebase/auth-types/-/auth-types-0.13.0.tgz. Extracting by manifest.
288 silly tarball no local data for idb@https://registry.npmjs.org/idb/-/idb-7.1.1.tgz. Extracting by manifest.
289 silly tarball no local data for @firebase/storage-compat@https://registry.npmjs.org/@firebase/storage-compat/-/storage-compat-0.4.0.tgz. Extracting by manifest.
290 silly tarball no local data for @firebase/app-check-types@https://registry.npmjs.org/@firebase/app-check-types/-/app-check-types-0.5.3.tgz. Extracting by manifest.
291 silly tarball no local data for @firebase/storage@https://registry.npmjs.org/@firebase/storage/-/storage-0.14.0.tgz. Extracting by manifest.
292 silly tarball no local data for @firebase/analytics-types@https://registry.npmjs.org/@firebase/analytics-types/-/analytics-types-0.8.3.tgz. Extracting by manifest.
293 silly tarball no local data for @firebase/remote-config-compat@https://registry.npmjs.org/@firebase/remote-config-compat/-/remote-config-compat-0.2.19.tgz. Extracting by manifest.
294 silly tarball no local data for @firebase/remote-config@https://registry.npmjs.org/@firebase/remote-config/-/remote-config-0.6.6.tgz. Extracting by manifest.
295 silly tarball no local data for @firebase/performance-compat@https://registry.npmjs.org/@firebase/performance-compat/-/performance-compat-0.2.21.tgz. Extracting by manifest.
296 silly tarball no local data for @firebase/messaging-compat@https://registry.npmjs.org/@firebase/messaging-compat/-/messaging-compat-0.2.23.tgz. Extracting by manifest.
297 silly tarball no local data for @firebase/performance@https://registry.npmjs.org/@firebase/performance/-/performance-0.7.8.tgz. Extracting by manifest.
298 silly tarball no local data for @firebase/messaging@https://registry.npmjs.org/@firebase/messaging/-/messaging-0.12.23.tgz. Extracting by manifest.
299 silly tarball no local data for @firebase/installations@https://registry.npmjs.org/@firebase/installations/-/installations-0.6.19.tgz. Extracting by manifest.
300 silly tarball no local data for @firebase/installations-compat@https://registry.npmjs.org/@firebase/installations-compat/-/installations-compat-0.2.19.tgz. Extracting by manifest.
301 silly tarball no local data for @firebase/functions-compat@https://registry.npmjs.org/@firebase/functions-compat/-/functions-compat-0.4.0.tgz. Extracting by manifest.
302 silly tarball no local data for @firebase/firestore-compat@https://registry.npmjs.org/@firebase/firestore-compat/-/firestore-compat-0.4.0.tgz. Extracting by manifest.
303 silly tarball no local data for @firebase/functions@https://registry.npmjs.org/@firebase/functions/-/functions-0.13.0.tgz. Extracting by manifest.
304 silly tarball no local data for @firebase/firestore@https://registry.npmjs.org/@firebase/firestore/-/firestore-4.9.0.tgz. Extracting by manifest.
305 silly tarball no local data for @firebase/auth-compat@https://registry.npmjs.org/@firebase/auth-compat/-/auth-compat-0.6.0.tgz. Extracting by manifest.
306 silly tarball no local data for @firebase/auth@https://registry.npmjs.org/@firebase/auth/-/auth-1.11.0.tgz. Extracting by manifest.
307 silly tarball no local data for @firebase/data-connect@https://registry.npmjs.org/@firebase/data-connect/-/data-connect-0.3.11.tgz. Extracting by manifest.
308 silly tarball no local data for @firebase/app-check-compat@https://registry.npmjs.org/@firebase/app-check-compat/-/app-check-compat-0.4.0.tgz. Extracting by manifest.
309 silly tarball no local data for @firebase/app-check@https://registry.npmjs.org/@firebase/app-check/-/app-check-0.11.0.tgz. Extracting by manifest.
310 silly tarball no local data for @firebase/analytics-compat@https://registry.npmjs.org/@firebase/analytics-compat/-/analytics-compat-0.2.24.tgz. Extracting by manifest.
311 silly tarball no local data for @firebase/app-compat@https://registry.npmjs.org/@firebase/app-compat/-/app-compat-0.5.0.tgz. Extracting by manifest.
312 silly tarball no local data for @firebase/analytics@https://registry.npmjs.org/@firebase/analytics/-/analytics-0.10.18.tgz. Extracting by manifest.
313 silly tarball no local data for @firebase/app@https://registry.npmjs.org/@firebase/app/-/app-0.14.0.tgz. Extracting by manifest.
314 silly tarball no local data for @grpc/grpc-js@https://registry.npmjs.org/@grpc/grpc-js/-/grpc-js-1.9.15.tgz. Extracting by manifest.
315 silly tarball no local data for @firebase/ai@https://registry.npmjs.org/@firebase/ai/-/ai-2.0.0.tgz. Extracting by manifest.
316 silly tarball no local data for firebase@https://registry.npmjs.org/firebase/-/firebase-12.0.0.tgz. Extracting by manifest.
317 http fetch GET 200 https://registry.npmjs.org/web-vitals/-/web-vitals-4.2.4.tgz 332ms (cache miss)
318 http fetch GET 200 https://registry.npmjs.org/@firebase/performance-types/-/performance-types-0.2.3.tgz 342ms (cache miss)
319 http fetch GET 200 https://registry.npmjs.org/@firebase/functions-types/-/functions-types-0.6.3.tgz 372ms (cache miss)
320 http fetch GET 200 https://registry.npmjs.org/@firebase/storage-types/-/storage-types-0.8.3.tgz 372ms (cache miss)
321 http fetch GET 200 https://registry.npmjs.org/@firebase/firestore-types/-/firestore-types-3.0.3.tgz 371ms (cache miss)
322 http fetch POST 200 https://registry.npmjs.org/-/npm/v1/security/advisories/bulk 522ms
323 silly audit report {}
324 http fetch GET 200 https://registry.npmjs.org/@firebase/installations-types/-/installations-types-0.5.3.tgz 624ms (cache miss)
325 http fetch GET 200 https://registry.npmjs.org/@firebase/analytics-types/-/analytics-types-0.8.3.tgz 623ms (cache miss)
326 http fetch GET 200 https://registry.npmjs.org/@firebase/performance-compat/-/performance-compat-0.2.21.tgz 673ms (cache miss)
327 http fetch GET 200 https://registry.npmjs.org/@firebase/remote-config-compat/-/remote-config-compat-0.2.19.tgz 674ms (cache miss)
328 http fetch GET 200 https://registry.npmjs.org/@firebase/messaging-compat/-/messaging-compat-0.2.23.tgz 692ms (cache miss)
329 http fetch GET 200 https://registry.npmjs.org/@firebase/messaging-interop-types/-/messaging-interop-types-0.2.3.tgz 717ms (cache miss)
330 http fetch GET 200 https://registry.npmjs.org/idb/-/idb-7.1.1.tgz 720ms (cache miss)
331 http fetch GET 200 https://registry.npmjs.org/@firebase/storage-compat/-/storage-compat-0.4.0.tgz 768ms (cache miss)
332 http fetch GET 200 https://registry.npmjs.org/@firebase/remote-config/-/remote-config-0.6.6.tgz 792ms (cache miss)
333 http fetch GET 200 https://registry.npmjs.org/@firebase/app-check-types/-/app-check-types-0.5.3.tgz 804ms (cache miss)
334 http fetch GET 200 https://registry.npmjs.org/@firebase/webchannel-wrapper/-/webchannel-wrapper-1.0.4.tgz 823ms (cache miss)
335 http fetch GET 200 https://registry.npmjs.org/@firebase/remote-config-types/-/remote-config-types-0.4.0.tgz 1060ms (cache miss)
336 http fetch GET 200 https://registry.npmjs.org/@firebase/functions-compat/-/functions-compat-0.4.0.tgz 1044ms (cache miss)
337 http fetch GET 200 https://registry.npmjs.org/@firebase/performance/-/performance-0.7.8.tgz 1082ms (cache miss)
338 http fetch GET 200 https://registry.npmjs.org/@firebase/firestore-compat/-/firestore-compat-0.4.0.tgz 1180ms (cache miss)
339 http fetch GET 200 https://registry.npmjs.org/@firebase/app-check-compat/-/app-check-compat-0.4.0.tgz 1181ms (cache miss)
340 http fetch GET 200 https://registry.npmjs.org/@firebase/functions/-/functions-0.13.0.tgz 1192ms (cache miss)
341 http fetch GET 200 https://registry.npmjs.org/@firebase/storage/-/storage-0.14.0.tgz 1270ms (cache miss)
342 http fetch GET 200 https://registry.npmjs.org/@firebase/messaging/-/messaging-0.12.23.tgz 1356ms (cache miss)
343 http fetch GET 200 https://registry.npmjs.org/@firebase/installations/-/installations-0.6.19.tgz 1587ms (cache miss)
344 http fetch GET 200 https://registry.npmjs.org/@firebase/auth-types/-/auth-types-0.13.0.tgz 1698ms (cache miss)
345 http fetch GET 200 https://registry.npmjs.org/@firebase/analytics-compat/-/analytics-compat-0.2.24.tgz 1682ms (cache miss)
346 http fetch GET 200 https://registry.npmjs.org/@firebase/data-connect/-/data-connect-0.3.11.tgz 1899ms (cache miss)
347 http fetch GET 200 https://registry.npmjs.org/@firebase/analytics/-/analytics-0.10.18.tgz 1901ms (cache miss)
348 http fetch GET 200 https://registry.npmjs.org/@firebase/auth-compat/-/auth-compat-0.6.0.tgz 2096ms (cache miss)
349 http fetch GET 200 https://registry.npmjs.org/@firebase/app-check/-/app-check-0.11.0.tgz 2195ms (cache miss)
350 http fetch GET 200 https://registry.npmjs.org/@firebase/ai/-/ai-2.0.0.tgz 2466ms (cache miss)
351 http fetch GET 200 https://registry.npmjs.org/@firebase/installations-compat/-/installations-compat-0.2.19.tgz 2673ms (cache miss)
352 http fetch GET 200 https://registry.npmjs.org/@firebase/app-compat/-/app-compat-0.5.0.tgz 2806ms (cache miss)
353 http fetch GET 200 https://registry.npmjs.org/@firebase/app/-/app-0.14.0.tgz 2806ms (cache miss)
354 http fetch GET 200 https://registry.npmjs.org/@grpc/grpc-js/-/grpc-js-1.9.15.tgz 2937ms (cache miss)
355 http fetch GET 200 https://registry.npmjs.org/@firebase/auth/-/auth-1.11.0.tgz 6829ms (cache miss)
356 http fetch GET 200 https://registry.npmjs.org/@firebase/firestore/-/firestore-4.9.0.tgz 7410ms (cache miss)
357 http fetch GET 200 https://registry.npmjs.org/firebase/-/firebase-12.0.0.tgz 10476ms (cache miss)
358 silly ADD node_modules/@firebase/storage-types
359 silly ADD node_modules/@firebase/remote-config-types
360 silly ADD node_modules/@firebase/performance-types
361 silly ADD node_modules/web-vitals
362 silly ADD node_modules/@firebase/installations-types
363 silly ADD node_modules/@firebase/functions-types
364 silly ADD node_modules/@firebase/messaging-interop-types
365 silly ADD node_modules/@firebase/firestore-types
366 silly ADD node_modules/@firebase/webchannel-wrapper
367 silly ADD node_modules/@firebase/auth-types
368 silly ADD node_modules/@firebase/app-check-types
369 silly ADD node_modules/idb
370 silly ADD node_modules/@firebase/analytics-types
371 silly ADD node_modules/@firebase/storage-compat
372 silly ADD node_modules/@firebase/storage
373 silly ADD node_modules/@firebase/remote-config-compat
374 silly ADD node_modules/@firebase/remote-config
375 silly ADD node_modules/@firebase/performance-compat
376 silly ADD node_modules/@firebase/performance
377 silly ADD node_modules/@firebase/messaging-compat
378 silly ADD node_modules/@firebase/messaging
379 silly ADD node_modules/@firebase/installations-compat
380 silly ADD node_modules/@firebase/installations
381 silly ADD node_modules/@firebase/functions-compat
382 silly ADD node_modules/@firebase/functions
383 silly ADD node_modules/@firebase/firestore-compat
384 silly ADD node_modules/@firebase/firestore
385 silly ADD node_modules/@firebase/firestore/node_modules/@grpc/grpc-js
386 silly ADD node_modules/@firebase/data-connect
387 silly ADD node_modules/@firebase/auth-compat
388 silly ADD node_modules/@firebase/auth
389 silly ADD node_modules/@firebase/app-check-compat
390 silly ADD node_modules/@firebase/app-check
391 silly ADD node_modules/@firebase/app-compat
392 silly ADD node_modules/@firebase/analytics-compat
393 silly ADD node_modules/@firebase/analytics
394 silly ADD node_modules/@firebase/app
395 silly ADD node_modules/@firebase/ai
396 silly ADD node_modules/firebase
397 verbose cwd /data/data/com.termux/files/home
398 verbose os Linux 5.10.226-android12-9-00047-g4968e29b7f92-ab12786767
399 verbose node v24.4.0
400 verbose npm  v11.4.2
401 verbose exit 0
402 info ok
