0 verbose cli /data/data/com.termux/files/usr/bin/node /data/data/com.termux/files/usr/lib/node_modules/npm/bin/npm-cli.js
1 info using npm@11.3.0
2 info using node@v24.2.0
3 silly config load:file:/data/data/com.termux/files/usr/lib/node_modules/npm/npmrc
4 silly config load:file:/data/data/com.termux/files/home/.npmrc
5 silly config load:file:/data/data/com.termux/files/usr/etc/npmrc
6 verbose title npm exec hardhat compile --force
7 verbose argv "exec" "--" "hardhat" "compile" "--force"
8 verbose logfile logs-max:10 dir:/data/data/com.termux/files/home/.npm/_logs/2025-07-10T07_57_31_510Z-
9 verbose logfile /data/data/com.termux/files/home/.npm/_logs/2025-07-10T07_57_31_510Z-debug-0.log
10 silly logfile done cleaning log files
11 silly packumentCache heap:1174405120 maxSize:293601280 maxEntrySize:146800640
12 http fetch GET https://registry.npmjs.org/hardhat attempt 1 failed with ECONNRESET
13 http fetch GET https://registry.npmjs.org/hardhat attempt 2 failed with ECONNRESET
14 http fetch GET https://registry.npmjs.org/hardhat attempt 3 failed with ECONNRESET
15 verbose type system
16 verbose stack FetchError: request to https://registry.npmjs.org/hardhat failed, reason: Client network socket disconnected before secure TLS connection was established
16 verbose stack     at ClientRequest.<anonymous> (/data/data/com.termux/files/usr/lib/node_modules/npm/node_modules/minipass-fetch/lib/index.js:130:14)
16 verbose stack     at ClientRequest.emit (node:events:507:28)
16 verbose stack     at emitErrorEvent (node:_http_client:104:11)
16 verbose stack     at _destroy (node:_http_client:898:9)
16 verbose stack     at onSocketNT (node:_http_client:918:5)
16 verbose stack     at process.processTicksAndRejections (node:internal/process/task_queues:91:21)
17 error code ECONNRESET
18 error errno ECONNRESET
19 error network request to https://registry.npmjs.org/hardhat failed, reason: Client network socket disconnected before secure TLS connection was established
20 error network This is a problem related to network connectivity.
20 error network In most cases you are behind a proxy or have bad network settings.
20 error network
20 error network If you are behind a proxy, please make sure that the
20 error network 'proxy' config is set properly.  See: 'npm help config'
21 verbose cwd /data/data/com.termux/files/home
22 verbose os Linux 5.10.226-android12-9-00047-g4968e29b7f92-ab12786767
23 verbose node v24.2.0
24 verbose npm  v11.3.0
25 verbose exit 1
26 verbose code 1
27 error A complete log of this run can be found in: /data/data/com.termux/files/home/.npm/_logs/2025-07-10T07_57_31_510Z-debug-0.log
