0 verbose cli /apex/com.android.runtime/bin/linker64 /data/data/com.termux/files/usr/bin/npm
1 info using npm@11.4.2
2 info using node@v24.3.0
3 silly config load:file:/data/data/com.termux/files/usr/lib/node_modules/npm/npmrc
4 silly config load:file:/data/data/com.termux/files/home/frontend/.npmrc
5 silly config load:file:/data/data/com.termux/files/home/.npmrc
6 silly config load:file:/data/data/com.termux/files/usr/etc/npmrc
7 verbose title npm install
8 verbose argv "install"
9 verbose logfile logs-max:10 dir:/data/data/com.termux/files/home/.npm/_logs/2025-07-10T19_04_02_170Z-
10 verbose logfile /data/data/com.termux/files/home/.npm/_logs/2025-07-10T19_04_02_170Z-debug-0.log
11 silly logfile done cleaning log files
12 silly packumentCache heap:1174405120 maxSize:293601280 maxEntrySize:146800640
13 verbose stack JSONParseError: Unexpected token "<" (0x3C), "<<<<<<< HE"... is not valid JSON while parsing '<<<<<<< HEAD
13 verbose stack {
13 verbose stack   "name": "frontend",
13 verbose stack   "'
13 verbose stack     at /data/data/com.termux/files/usr/lib/node_modules/npm/node_modules/read-package-json-fast/lib/index.js:7:61
13 verbose stack     at async #initTree (/data/data/com.termux/files/usr/lib/node_modules/npm/node_modules/@npmcli/arborist/lib/arborist/build-ideal-tree.js:269:21)
13 verbose stack     at async Arborist.buildIdealTree (/data/data/com.termux/files/usr/lib/node_modules/npm/node_modules/@npmcli/arborist/lib/arborist/build-ideal-tree.js:179:7)
13 verbose stack     at async Promise.all (index 1)
13 verbose stack     at async Arborist.reify (/data/data/com.termux/files/usr/lib/node_modules/npm/node_modules/@npmcli/arborist/lib/arborist/reify.js:131:5)
13 verbose stack     at async Install.exec (/data/data/com.termux/files/usr/lib/node_modules/npm/lib/commands/install.js:161:5)
13 verbose stack     at async Npm.exec (/data/data/com.termux/files/usr/lib/node_modules/npm/lib/npm.js:208:9)
13 verbose stack     at async module.exports (/data/data/com.termux/files/usr/lib/node_modules/npm/lib/cli/entry.js:60:5)
14 error code EJSONPARSE
15 error path /data/data/com.termux/files/home/frontend/package.json
16 error Merge conflict detected in your package.json.
16 error
16 error Please resolve the package.json conflict and retry.
17 silly unfinished npm timer reify 1752174243301
18 silly unfinished npm timer reify:loadTrees 1752174243304
19 silly unfinished npm timer idealTree:init 1752174243306
20 verbose cwd /data/data/com.termux/files/home/frontend
21 verbose os Linux 5.10.226-android12-9-00047-g4968e29b7f92-ab12786767
22 verbose node v24.3.0
23 verbose npm  v11.4.2
24 verbose exit 1
25 verbose code 1
26 error A complete log of this run can be found in: /data/data/com.termux/files/home/.npm/_logs/2025-07-10T19_04_02_170Z-debug-0.log
