0 verbose cli /apex/com.android.runtime/bin/linker64 /data/data/com.termux/files/usr/bin/npm
1 info using npm@11.4.2
2 info using node@v24.4.0
3 silly config load:file:/data/data/com.termux/files/usr/lib/node_modules/npm/npmrc
4 silly config load:file:/data/data/com.termux/files/home/.npmrc
5 silly config load:file:/data/data/com.termux/files/usr/etc/npmrc
6 verbose title npm init
7 verbose argv "init" "--yes"
8 verbose logfile logs-max:10 dir:/data/data/com.termux/files/home/.npm/_logs/2025-07-17T22_13_51_411Z-
9 verbose logfile /data/data/com.termux/files/home/.npm/_logs/2025-07-17T22_13_51_411Z-debug-0.log
10 silly logfile done cleaning log files
11 silly package data {
11 silly package data   private: true,
11 silly package data   name: 'elparadisogonzalo-monorepo',
11 silly package data   version: '1.0.0',
11 silly package data   workspaces: [ 'packages/*' ],
11 silly package data   scripts: {
11 silly package data     build: 'yarn workspaces run build',
11 silly package data     dev: 'yarn workspaces run dev',
11 silly package data     test: 'yarn workspaces run test'
11 silly package data   },
11 silly package data   description: '',
11 silly package data   main: 'index.js',
11 silly package data   dependencies: {
11 silly package data     acorn: '^8.15.0',
11 silly package data     'acorn-jsx': '^5.3.2',
11 silly package data     ajv: '^6.12.6',
11 silly package data     'ansi-styles': '^4.3.0',
11 silly package data     argparse: '^2.0.1',
11 silly package data     'balanced-match': '^1.0.2',
11 silly package data     'base-x': '^3.0.11',
11 silly package data     'brace-expansion': '^1.1.12',
11 silly package data     braces: '^3.0.3',
11 silly package data     browserslist: '^4.25.1',
11 silly package data     callsites: '^3.1.0',
11 silly package data     'caniuse-lite': '^1.0.30001727',
11 silly package data     chalk: '^4.1.2',
11 silly package data     'chrome-trace-event': '^1.0.4',
11 silly package data     clone: '^2.1.2',
11 silly package data     'color-convert': '^2.0.1',
11 silly package data     'color-name': '^1.1.4',
11 silly package data     commander: '^12.1.0',
11 silly package data     'concat-map': '^0.0.1',
11 silly package data     'convert-source-map': '^2.0.0',
11 silly package data     'cross-spawn': '^7.0.6',
11 silly package data     csstype: '^3.1.3',
11 silly package data     debug: '^4.4.1',
11 silly package data     'deep-is': '^0.1.4',
11 silly package data     'detect-libc': '^2.0.4',
11 silly package data     dotenv: '^16.6.1',
11 silly package data     'dotenv-expand': '^11.0.7',
11 silly package data     'electron-to-chromium': '^1.5.183',
11 silly package data     esbuild: '^0.25.6',
11 silly package data     escalade: '^3.2.0',
11 silly package data     'escape-string-regexp': '^4.0.0',
11 silly package data     eslint: '^9.31.0',
11 silly package data     'eslint-plugin-react-hooks': '^5.2.0',
11 silly package data     'eslint-plugin-react-refresh': '^0.4.20',
11 silly package data     'eslint-scope': '^8.4.0',
11 silly package data     'eslint-visitor-keys': '^4.2.1',
11 silly package data     espree: '^10.4.0',
11 silly package data     esquery: '^1.6.0',
11 silly package data     esrecurse: '^4.3.0',
11 silly package data     estraverse: '^5.3.0',
11 silly package data     esutils: '^2.0.3',
11 silly package data     'fast-deep-equal': '^3.1.3',
11 silly package data     'fast-json-stable-stringify': '^2.1.0',
11 silly package data     'fast-levenshtein': '^2.0.6',
11 silly package data     fdir: '^6.4.6',
11 silly package data     'file-entry-cache': '^8.0.0',
11 silly package data     'fill-range': '^7.1.1',
11 silly package data     'find-up': '^5.0.0',
11 silly package data     'flat-cache': '^4.0.1',
11 silly package data     flatted: '^3.3.3',
11 silly package data     frontend: '^0.0.0',
11 silly package data     gensync: '^1.0.0-beta.2',
11 silly package data     'get-port': '^4.2.0',
11 silly package data     'glob-parent': '^6.0.2',
11 silly package data     globals: '^16.3.0',
11 silly package data     'has-flag': '^4.0.0',
11 silly package data     ignore: '^5.3.2',
11 silly package data     'import-fresh': '^3.3.1',
11 silly package data     imurmurhash: '^0.1.4',
11 silly package data     'is-extglob': '^2.1.1',
11 silly package data     'is-glob': '^4.0.3',
11 silly package data     'is-number': '^7.0.0',
11 silly package data     isexe: '^2.0.0',
11 silly package data     'js-tokens': '^4.0.0',
11 silly package data     'js-yaml': '^4.1.0',
11 silly package data     jsesc: '^3.1.0',
11 silly package data     'json-buffer': '^3.0.1',
11 silly package data     'json-schema-traverse': '^0.4.1',
11 silly package data     'json-stable-stringify-without-jsonify': '^1.0.1',
11 silly package data     json5: '^2.2.3',
11 silly package data     keyv: '^4.5.4',
11 silly package data     levn: '^0.4.1',
11 silly package data     lightningcss: '^1.30.1',
11 silly package data     lmdb: '^2.8.5',
11 silly package data     'locate-path': '^6.0.0',
11 silly package data     'lodash.merge': '^4.6.2',
11 silly package data     'lru-cache': '^5.1.1',
11 silly package data     micromatch: '^4.0.8',
11 silly package data     minimatch: '^3.1.2',
11 silly package data     ms: '^2.1.3',
11 silly package data     msgpackr: '^1.11.4',
11 silly package data     nanoid: '^3.3.11',
11 silly package data     'natural-compare': '^1.4.0',
11 silly package data     'node-addon-api': '^7.1.1',
11 silly package data     'node-gyp-build-optional-packages': '^5.1.1',
11 silly package data     'node-releases': '^2.0.19',
11 silly package data     nullthrows: '^1.1.1',
11 silly package data     optionator: '^0.9.4',
11 silly package data     'ordered-binary': '^1.6.0',
11 silly package data     'p-limit': '^3.1.0',
11 silly package data     'p-locate': '^5.0.0',
11 silly package data     parcel: '^2.15.4',
11 silly package data     'parent-module': '^1.0.1',
11 silly package data     'path-exists': '^4.0.0',
11 silly package data     'path-key': '^3.1.1',
11 silly package data     picocolors: '^1.1.1',
11 silly package data     picomatch: '^4.0.2',
11 silly package data     postcss: '^8.5.6',
11 silly package data     'postcss-value-parser': '^4.2.0',
11 silly package data     'prelude-ls': '^1.2.1',
11 silly package data     punycode: '^2.3.1',
11 silly package data     'react-refresh': '^0.17.0',
11 silly package data     'regenerator-runtime': '^0.14.1',
11 silly package data     'resolve-from': '^4.0.0',
11 silly package data     rollup: '^4.45.0',
11 silly package data     'safe-buffer': '^5.2.1',
11 silly package data     semver: '^7.7.2',
11 silly package data     'shebang-command': '^2.0.0',
11 silly package data     'shebang-regex': '^3.0.0',
11 silly package data     'source-map-js': '^1.2.1',
11 silly package data     'strip-json-comments': '^3.1.1',
11 silly package data     'supports-color': '^7.2.0',
11 silly package data     'term-size': '^2.2.1',
11 silly package data     tinyglobby: '^0.2.14',
11 silly package data     'to-regex-range': '^5.0.1',
11 silly package data     tslib: '^2.8.1',
11 silly package data     'type-check': '^0.4.0',
11 silly package data     'type-fest': '^0.20.2',
11 silly package data     'update-browserslist-db': '^1.1.3',
11 silly package data     'uri-js': '^4.4.1',
11 silly package data     'utility-types': '^3.11.0',
11 silly package data     vite: '^7.0.4',
11 silly package data     'weak-lru-cache': '^1.2.2',
11 silly package data     which: '^2.0.2',
11 silly package data     'word-wrap': '^1.2.5',
11 silly package data     yallist: '^3.1.1',
11 silly package data     'yocto-queue': '^0.1.0'
11 silly package data   },
11 silly package data   devDependencies: {},
11 silly package data   repository: {
11 silly package data     type: 'git',
11 silly package data     url: 'git+https://github.com/koagonzalo11/elparadisogonzalo-monorepo.git'
11 silly package data   },
11 silly package data   keywords: [],
11 silly package data   author: '',
11 silly package data   license: 'ISC',
11 silly package data   type: 'commonjs',
11 silly package data   bugs: {
11 silly package data     url: 'https://github.com/koagonzalo11/elparadisogonzalo-monorepo/issues'
11 silly package data   },
11 silly package data   homepage: 'https://github.com/koagonzalo11/elparadisogonzalo-monorepo#readme',
11 silly package data   Symbol(newline): '\n',
11 silly package data   Symbol(indent): '  '
11 silly package data }
12 verbose cwd /data/data/com.termux/files/home
13 verbose os Linux 5.10.226-android12-9-00047-g4968e29b7f92-ab12786767
14 verbose node v24.4.0
15 verbose npm  v11.4.2
16 verbose exit 0
17 info ok
