0 verbose cli /data/data/com.termux/files/usr/bin/node /data/data/com.termux/files/usr/lib/node_modules/npm/bin/npm-cli.js
1 info using npm@11.3.0
2 info using node@v24.2.0
3 silly config load:file:/data/data/com.termux/files/usr/lib/node_modules/npm/npmrc
4 silly config load:file:/data/data/com.termux/files/home/.npmrc
5 silly config load:file:/data/data/com.termux/files/usr/etc/npmrc
6 verbose title npm exec hardhat clean
7 verbose argv "exec" "--" "hardhat" "clean"
8 verbose logfile logs-max:10 dir:/data/data/com.termux/files/home/.npm/_logs/2025-07-10T07_56_50_777Z-
9 verbose logfile /data/data/com.termux/files/home/.npm/_logs/2025-07-10T07_56_50_777Z-debug-0.log
10 silly logfile done cleaning log files
11 silly packumentCache heap:1174405120 maxSize:293601280 maxEntrySize:146800640
12 verbose type system
13 verbose stack FetchError: Invalid response body while trying to fetch https://registry.npmjs.org/hardhat: read ETIMEDOUT
13 verbose stack     at /data/data/com.termux/files/usr/lib/node_modules/npm/node_modules/minipass-fetch/lib/body.js:170:15
13 verbose stack     at process.processTicksAndRejections (node:internal/process/task_queues:105:5)
13 verbose stack     at async Response.json (/data/data/com.termux/files/usr/lib/node_modules/npm/node_modules/minipass-fetch/lib/body.js:75:17)
13 verbose stack     at async RegistryFetcher.packument (/data/data/com.termux/files/usr/lib/node_modules/npm/node_modules/pacote/lib/registry.js:98:25)
13 verbose stack     at async RegistryFetcher.manifest (/data/data/com.termux/files/usr/lib/node_modules/npm/node_modules/pacote/lib/registry.js:128:23)
13 verbose stack     at async getManifest (/data/data/com.termux/files/usr/lib/node_modules/npm/node_modules/libnpmexec/lib/index.js:28:22)
13 verbose stack     at async missingFromTree (/data/data/com.termux/files/usr/lib/node_modules/npm/node_modules/libnpmexec/lib/index.js:63:22)
13 verbose stack     at async /data/data/com.termux/files/usr/lib/node_modules/npm/node_modules/libnpmexec/lib/index.js:185:32
13 verbose stack     at async Promise.all (index 0)
13 verbose stack     at async exec (/data/data/com.termux/files/usr/lib/node_modules/npm/node_modules/libnpmexec/lib/index.js:183:3)
14 error code ETIMEDOUT
15 error syscall read
16 error errno ETIMEDOUT
17 error network Invalid response body while trying to fetch https://registry.npmjs.org/hardhat: read ETIMEDOUT
18 error network This is a problem related to network connectivity.
18 error network In most cases you are behind a proxy or have bad network settings.
18 error network
18 error network If you are behind a proxy, please make sure that the
18 error network 'proxy' config is set properly.  See: 'npm help config'
19 verbose cwd /data/data/com.termux/files/home
20 verbose os Linux 5.10.226-android12-9-00047-g4968e29b7f92-ab12786767
21 verbose node v24.2.0
22 verbose npm  v11.3.0
23 verbose exit 1
24 verbose code 1
25 error A complete log of this run can be found in: /data/data/com.termux/files/home/.npm/_logs/2025-07-10T07_56_50_777Z-debug-0.log
