2025-07-17 21:59:43,087 DEBUG    root            Loaded Command Group: ['gcloud', 'init']
2025-07-17 21:59:43,090 DEBUG    root            Running [gcloud.init] with arguments: []
2025-07-17 21:59:43,091 INFO     ___FILE_ONLY___ Welcome! This command will take you through the configuration of gcloud.


2025-07-17 21:59:43,092 INFO     ___FILE_ONLY___ Your current configuration has been set to: [default]


2025-07-17 21:59:43,092 INFO     ___FILE_ONLY___ You can skip diagnostics next time by using the following flag:

2025-07-17 21:59:43,093 INFO     ___FILE_ONLY___   gcloud init --skip-diagnostics


2025-07-17 21:59:43,093 INFO     ___FILE_ONLY___ Network diagnostic detects and fixes local network connection issues.

2025-07-17 21:59:43,094 INFO     ___FILE_ONLY___ Checking network connection...
2025-07-17 22:00:54,845 DEBUG    urllib3.connectionpool Starting new HTTPS connection (1): accounts.google.com:443
2025-07-17 22:00:56,126 DEBUG    urllib3.connectionpool https://accounts.google.com:443 "GET / HTTP/1.1" 302 365
2025-07-17 22:00:56,369 DEBUG    urllib3.connectionpool https://accounts.google.com:443 "GET /ServiceLogin?passive=1209600&continue=https%3A%2F%2Faccounts.google.com%2F&followup=https%3A%2F%2Faccounts.google.com%2F HTTP/1.1" 302 0
2025-07-17 22:00:58,072 DEBUG    urllib3.connectionpool https://accounts.google.com:443 "GET /InteractiveLogin?continue=https://accounts.google.com/&followup=https://accounts.google.com/&passive=1209600&ifkv=AdBytiN5aS3TMKDVxZr_zYOby1cipJmv6AuojM3eCRLY72fWiIPSXhbi77DNBadTRGYjfVnnAvEY4w HTTP/1.1" 302 553
2025-07-17 22:00:58,273 DEBUG    urllib3.connectionpool https://accounts.google.com:443 "GET /v3/signin/identifier?continue=https%3A%2F%2Faccounts.google.com%2F&followup=https%3A%2F%2Faccounts.google.com%2F&ifkv=AdBytiPiJn_HWXUqmSZkxYvjIcIyZNn-8hQAhDaE45omkfZ9GT2eAFf7tc-gJ8lMyEvA3P2aJ_3etQ&passive=1209600&flowName=WebLiteSignIn&flowEntry=ServiceLogin&dsh=S506081830%3A1752786057701305 HTTP/1.1" 200 None
2025-07-17 22:00:58,796 DEBUG    urllib3.connectionpool Starting new HTTPS connection (1): cloudresourcemanager.googleapis.com:443
2025-07-17 22:01:00,273 DEBUG    urllib3.connectionpool https://cloudresourcemanager.googleapis.com:443 "GET /v1beta1/projects HTTP/1.1" 401 None
2025-07-17 22:01:00,278 DEBUG    urllib3.connectionpool Starting new HTTPS connection (1): www.googleapis.com:443
2025-07-17 22:01:00,762 DEBUG    urllib3.connectionpool https://www.googleapis.com:443 "GET /auth/cloud-platform HTTP/1.1" 200 14
2025-07-17 22:01:00,767 DEBUG    urllib3.connectionpool Starting new HTTPS connection (1): dl.google.com:443
2025-07-17 22:01:01,217 DEBUG    urllib3.connectionpool https://dl.google.com:443 "GET /dl/cloudsdk/channels/rapid/components-2.json HTTP/1.1" 200 239798
2025-07-17 22:01:01,899 INFO     ___FILE_ONLY___ Reachability Check passed.

2025-07-17 22:01:01,899 INFO     ___FILE_ONLY___ Network diagnostic passed (1/1 checks passed).


2025-07-17 22:01:16,056 DEBUG    root            Loaded Command Group: ['gcloud', 'auth']
2025-07-17 22:01:16,093 DEBUG    root            Loaded Command Group: ['gcloud', 'auth', 'login']
2025-07-17 22:01:16,096 INFO     root            Executing: [gcloud auth login --force --brief]
2025-07-17 22:01:16,103 DEBUG    root            Running [gcloud.auth.login] with arguments: [--brief: "True", --force: "True"]
2025-07-17 22:01:16,109 DEBUG    requests_oauthlib.oauth2_session Generated new state SezWKwpczUzrqNoMzUdeOL9dZDplYw.
2025-07-17 22:01:16,109 INFO     ___FILE_ONLY___ Go to the following link in your browser:

    https://accounts.google.com/o/oauth2/auth?response_type=code&client_id=32555940559.apps.googleusercontent.com&redirect_uri=https%3A%2F%2Fsdk.cloud.google.com%2Fauthcode.html&scope=openid+https%3A%2F%2Fwww.googleapis.com%2Fauth%2Fuserinfo.email+https%3A%2F%2Fwww.googleapis.com%2Fauth%2Fcloud-platform+https%3A%2F%2Fwww.googleapis.com%2Fauth%2Fappengine.admin+https%3A%2F%2Fwww.googleapis.com%2Fauth%2Fsqlservice.login+https%3A%2F%2Fwww.googleapis.com%2Fauth%2Fcompute+https%3A%2F%2Fwww.googleapis.com%2Fauth%2Faccounts.reauth&state=SezWKwpczUzrqNoMzUdeOL9dZDplYw&prompt=consent&access_type=offline&code_challenge=Xe_nFmL1DywOUJuZ_Rn4xrvwwc6XwcU7mGEe-alawrc&code_challenge_method=S256


2025-07-17 22:02:21,442 DEBUG    requests_oauthlib.oauth2_session Requesting url https://oauth2.googleapis.com/token using method POST.
2025-07-17 22:02:21,442 DEBUG    requests_oauthlib.oauth2_session Supplying headers {b'Accept': b'application/json', b'Content-Type': b'application/x-www-form-urlencoded;charset=UTF-8', b'user-agent': b'google-cloud-sdk gcloud/458.0.0 command/gcloud.auth.login invocation-id/7bddc07958aa46cc8eaa5ee9aa5b4638 environment/None environment-version/None client-os/LINUX client-os-ver/5.10.226 client-pltf-arch/arm interactive/True from-script/False python/3.12.11 term/xterm-256color (Linux 5.10.226-android12-9-00047-g4968e29b7f92-ab12786767)'} and data {'grant_type': 'authorization_code', 'client_id': '32555940559.apps.googleusercontent.com', 'client_secret': 'ZmssLNjJy2998hD4CTg2ejr2', 'code': '4/0AVMBsJhyVzzSOaBlkT3jgV090H_LLid7yrLXcXgUtJBgV-Ph-9Qb9YYZ6LAr3yGPUMFo_w', 'redirect_uri': 'https://sdk.cloud.google.com/authcode.html', 'code_verifier': 'g-X56wSdsLR2.A_U46xjKOnu6TW3Rp2CrDcH6pqs8ctqR2ZP5tzGolW4tHstIPc5LLo04C9ZA7jfFMafRgDI464ZAS906s2cjo_KBq7Bm2-C.xK~~FXySYdzdaamrq1p'}
2025-07-17 22:02:21,442 DEBUG    requests_oauthlib.oauth2_session Passing through key word arguments {'json': None, 'timeout': None, 'auth': None, 'verify': None, 'proxies': None}.
2025-07-17 22:02:21,444 DEBUG    urllib3.connectionpool Starting new HTTPS connection (1): oauth2.googleapis.com:443
2025-07-17 22:02:22,483 DEBUG    urllib3.connectionpool https://oauth2.googleapis.com:443 "POST /token HTTP/1.1" 200 None
2025-07-17 22:02:22,485 DEBUG    requests_oauthlib.oauth2_session Prepared fetch token request body grant_type=authorization_code&client_id=32555940559.apps.googleusercontent.com&client_secret=ZmssLNjJy2998hD4CTg2ejr2&code=4%2F0AVMBsJhyVzzSOaBlkT3jgV090H_LLid7yrLXcXgUtJBgV-Ph-9Qb9YYZ6LAr3yGPUMFo_w&redirect_uri=https%3A%2F%2Fsdk.cloud.google.com%2Fauthcode.html&code_verifier=g-X56wSdsLR2.A_U46xjKOnu6TW3Rp2CrDcH6pqs8ctqR2ZP5tzGolW4tHstIPc5LLo04C9ZA7jfFMafRgDI464ZAS906s2cjo_KBq7Bm2-C.xK~~FXySYdzdaamrq1p
2025-07-17 22:02:22,485 DEBUG    requests_oauthlib.oauth2_session Request to fetch token completed with status 200.
2025-07-17 22:02:22,486 DEBUG    requests_oauthlib.oauth2_session Request headers were {'user-agent': b'google-cloud-sdk gcloud/458.0.0 command/gcloud.auth.login invocation-id/7bddc07958aa46cc8eaa5ee9aa5b4638 environment/None environment-version/None client-os/LINUX client-os-ver/5.10.226 client-pltf-arch/arm interactive/True from-script/False python/3.12.11 term/xterm-256color (Linux 5.10.226-android12-9-00047-g4968e29b7f92-ab12786767)', 'Accept-Encoding': 'gzip, deflate', 'Accept': b'application/json', 'Connection': 'keep-alive', 'Content-Type': b'application/x-www-form-urlencoded;charset=UTF-8', 'Content-Length': '405'}
2025-07-17 22:02:22,486 DEBUG    requests_oauthlib.oauth2_session Request body was grant_type=authorization_code&client_id=32555940559.apps.googleusercontent.com&client_secret=ZmssLNjJy2998hD4CTg2ejr2&code=4%2F0AVMBsJhyVzzSOaBlkT3jgV090H_LLid7yrLXcXgUtJBgV-Ph-9Qb9YYZ6LAr3yGPUMFo_w&redirect_uri=https%3A%2F%2Fsdk.cloud.google.com%2Fauthcode.html&code_verifier=g-X56wSdsLR2.A_U46xjKOnu6TW3Rp2CrDcH6pqs8ctqR2ZP5tzGolW4tHstIPc5LLo04C9ZA7jfFMafRgDI464ZAS906s2cjo_KBq7Bm2-C.xK~~FXySYdzdaamrq1p
2025-07-17 22:02:22,486 DEBUG    requests_oauthlib.oauth2_session Response headers were {'Pragma': 'no-cache', 'Cache-Control': 'no-cache, no-store, max-age=0, must-revalidate', 'Date': 'Thu, 17 Jul 2025 21:02:22 GMT', 'Expires': 'Mon, 01 Jan 1990 00:00:00 GMT', 'Content-Type': 'application/json; charset=utf-8', 'Vary': 'Origin, X-Origin, Referer', 'Content-Encoding': 'gzip', 'Server': 'scaffolding on HTTPServer2', 'X-XSS-Protection': '0', 'X-Frame-Options': 'SAMEORIGIN', 'X-Content-Type-Options': 'nosniff', 'Alt-Svc': 'h3=":443"; ma=2592000,h3-29=":443"; ma=2592000', 'Transfer-Encoding': 'chunked'} and content {
  "access_token": "ya29.a0AS3H6NylEJfva1FN2BI8U6lIfULOcO8ViDDKJCN7Sa9TBx89duPYKnp2XJgf_CpujMJY2jRCu5djmLS2TIpSL_6AiWqlKg0sr_w9Aqo0I8vYaVy2c0KjJbOJ8qGZcLWMi7NLjMIdVGHVt9HXJZuza22SHu1O6XuR8ME4cQEqbR7i9gaCgYKAVkSAQ8SFQHGX2Mi1yeAjZasHNNOv71NF7vtFQ0181",
  "expires_in": 3599,
  "refresh_token": "1//01zKwFhJDUi4hCgYIARAAGAESNwF-L9IrKFB_aqzy8rJe6hwTdYx5mBx9NEIhU_vGFn-WfKj6LbtYACOfoyhs2CnUPhAWwVoxv14",
  "scope": "https://www.googleapis.com/auth/compute https://www.googleapis.com/auth/appengine.admin https://www.googleapis.com/auth/sqlservice.login https://www.googleapis.com/auth/userinfo.email https://www.googleapis.com/auth/cloud-platform openid https://www.googleapis.com/auth/accounts.reauth",
  "token_type": "Bearer",
  "id_token": "eyJhbGciOiJSUzI1NiIsImtpZCI6ImYxMDMzODYwNzE2ZTNhMmFhYjM4MGYwMGRiZTM5YTcxMTQ4NDZiYTEiLCJ0eXAiOiJKV1QifQ.eyJpc3MiOiJodHRwczovL2FjY291bnRzLmdvb2dsZS5jb20iLCJhenAiOiIzMjU1NTk0MDU1OS5hcHBzLmdvb2dsZXVzZXJjb250ZW50LmNvbSIsImF1ZCI6IjMyNTU1OTQwNTU5LmFwcHMuZ29vZ2xldXNlcmNvbnRlbnQuY29tIiwic3ViIjoiMTE3MDQxMzY0MzU0MTMzNzcyMTA2IiwiZW1haWwiOiJnZW55b3VuZ2NsaXBAZ21haWwuY29tIiwiZW1haWxfdmVyaWZpZWQiOnRydWUsImF0X2hhc2giOiJvRGZOeHpCRnNJX0ozeXlEQTVJU29RIiwiaWF0IjoxNzUyNzg2MTQyLCJleHAiOjE3NTI3ODk3NDJ9.ofcNso56eVvLGWPRwLfEitCQtI_LkgOGkOSKSfuNM5WXnLxocfpjfqpB22hyZPA9ohp3r89Hj4flJK_An2l0PM7SEmYdc6iGuAruw4bwX-7q3swSTpvaMkim6hD1qbI_XZemB0WSxMSIjgpSFnfMA4taet-eLrpQot-vY_j6m_4n19czU8dUV7LCs5uniYiShQ02cvlpTaw6y-uk5zAUffVnKeVHLapVyYZldEEaKbru-DdWjqZe5puXhcCSzMkDJNfTSTxqpZxRmskDCCdm1IJjT7wrBjb36l-4bTvGQHLkJubDDFLsK2LLsFes42vY-4_oa0ifZuaUisMp8ymh8A"
}.
2025-07-17 22:02:22,487 DEBUG    requests_oauthlib.oauth2_session Invoking 0 token response hooks.
2025-07-17 22:02:22,487 DEBUG    requests_oauthlib.oauth2_session Obtained token {'access_token': 'ya29.a0AS3H6NylEJfva1FN2BI8U6lIfULOcO8ViDDKJCN7Sa9TBx89duPYKnp2XJgf_CpujMJY2jRCu5djmLS2TIpSL_6AiWqlKg0sr_w9Aqo0I8vYaVy2c0KjJbOJ8qGZcLWMi7NLjMIdVGHVt9HXJZuza22SHu1O6XuR8ME4cQEqbR7i9gaCgYKAVkSAQ8SFQHGX2Mi1yeAjZasHNNOv71NF7vtFQ0181', 'expires_in': 3599, 'refresh_token': '1//01zKwFhJDUi4hCgYIARAAGAESNwF-L9IrKFB_aqzy8rJe6hwTdYx5mBx9NEIhU_vGFn-WfKj6LbtYACOfoyhs2CnUPhAWwVoxv14', 'scope': ['https://www.googleapis.com/auth/compute', 'https://www.googleapis.com/auth/appengine.admin', 'https://www.googleapis.com/auth/sqlservice.login', 'https://www.googleapis.com/auth/userinfo.email', 'https://www.googleapis.com/auth/cloud-platform', 'openid', 'https://www.googleapis.com/auth/accounts.reauth'], 'token_type': 'Bearer', 'id_token': 'eyJhbGciOiJSUzI1NiIsImtpZCI6ImYxMDMzODYwNzE2ZTNhMmFhYjM4MGYwMGRiZTM5YTcxMTQ4NDZiYTEiLCJ0eXAiOiJKV1QifQ.eyJpc3MiOiJodHRwczovL2FjY291bnRzLmdvb2dsZS5jb20iLCJhenAiOiIzMjU1NTk0MDU1OS5hcHBzLmdvb2dsZXVzZXJjb250ZW50LmNvbSIsImF1ZCI6IjMyNTU1OTQwNTU5LmFwcHMuZ29vZ2xldXNlcmNvbnRlbnQuY29tIiwic3ViIjoiMTE3MDQxMzY0MzU0MTMzNzcyMTA2IiwiZW1haWwiOiJnZW55b3VuZ2NsaXBAZ21haWwuY29tIiwiZW1haWxfdmVyaWZpZWQiOnRydWUsImF0X2hhc2giOiJvRGZOeHpCRnNJX0ozeXlEQTVJU29RIiwiaWF0IjoxNzUyNzg2MTQyLCJleHAiOjE3NTI3ODk3NDJ9.ofcNso56eVvLGWPRwLfEitCQtI_LkgOGkOSKSfuNM5WXnLxocfpjfqpB22hyZPA9ohp3r89Hj4flJK_An2l0PM7SEmYdc6iGuAruw4bwX-7q3swSTpvaMkim6hD1qbI_XZemB0WSxMSIjgpSFnfMA4taet-eLrpQot-vY_j6m_4n19czU8dUV7LCs5uniYiShQ02cvlpTaw6y-uk5zAUffVnKeVHLapVyYZldEEaKbru-DdWjqZe5puXhcCSzMkDJNfTSTxqpZxRmskDCCdm1IJjT7wrBjb36l-4bTvGQHLkJubDDFLsK2LLsFes42vY-4_oa0ifZuaUisMp8ymh8A', 'expires_at': 1752789741.4874966}.
2025-07-17 22:02:22,509 DEBUG    root            Chosen display Format:none
2025-07-17 22:02:22,510 INFO     root            Display format: "none"
2025-07-17 22:02:22,514 DEBUG    root            Checking for updates...
2025-07-17 22:02:22,524 DEBUG    urllib3.connectionpool Starting new HTTPS connection (1): dl.google.com:443
2025-07-17 22:02:23,331 DEBUG    urllib3.connectionpool https://dl.google.com:443 "GET /dl/cloudsdk/channels/rapid/components-2.json HTTP/1.1" 200 239798
2025-07-17 22:02:24,245 DEBUG    root            Updating notification cache...
2025-07-17 22:02:24,245 DEBUG    root            Activating notification: [default]
2025-07-17 22:02:24,245 INFO     ___FILE_ONLY___ 

Updates are available for some Google Cloud CLI components.  To install them,
please run:
  $ gcloud components update


2025-07-17 22:02:24,253 INFO     ___FILE_ONLY___ You are logged in as: [genyoungclip@gmail.com].


2025-07-17 22:02:24,338 DEBUG    urllib3.connectionpool Starting new HTTPS connection (1): cloudresourcemanager.googleapis.com:443
2025-07-17 22:02:25,812 DEBUG    urllib3.connectionpool https://cloudresourcemanager.googleapis.com:443 "GET /v1/projects?alt=json&filter=lifecycleState%3AACTIVE&pageSize=201 HTTP/1.1" 200 None
2025-07-17 22:02:43,669 INFO     ___FILE_ONLY___ Your current project has been set to: [elparadisogonzalo-project].


2025-07-17 22:02:43,902 DEBUG    root            Loaded Command Group: ['gcloud', 'compute']
2025-07-17 22:02:43,923 DEBUG    root            Loaded Command Group: ['gcloud', 'compute', 'project_info']
2025-07-17 22:02:43,993 DEBUG    root            Loaded Command Group: ['gcloud', 'compute', 'project-info', 'describe']
2025-07-17 22:02:43,996 INFO     root            Executing: [gcloud compute project-info describe --quiet]
2025-07-17 22:02:43,998 DEBUG    root            Running [gcloud.compute.project-info.describe] with arguments: [--no-user-output-enabled: "false", --quiet: "True", --verbosity: "none"]
2025-07-17 22:02:45,161 DEBUG    urllib3.connectionpool Starting new HTTPS connection (1): compute.googleapis.com:443
2025-07-17 22:02:45,909 DEBUG    urllib3.connectionpool https://compute.googleapis.com:443 "GET /compute/v1/projects/elparadisogonzalo-project?alt=json HTTP/1.1" 403 None
2025-07-17 22:02:45,920 DEBUG    root            Chosen display Format:list[title="Could not fetch resource:",always-display-title]
2025-07-17 22:02:45,921 DEBUG    root            (gcloud.compute.project-info.describe) Could not fetch resource:
 - Permission denied: Consumer 'projects/elparadisogonzalo-project' has been suspended.
Traceback (most recent call last):
  File "/data/data/com.termux/files/home/google-cloud-sdk/lib/googlecloudsdk/calliope/cli.py", line 987, in Execute
    resources = calliope_command.Run(cli=self, args=args)
                ^^^^^^^^^^^^^^^^^^^^^^^^^^^^^^^^^^^^^^^^^
  File "/data/data/com.termux/files/home/google-cloud-sdk/lib/googlecloudsdk/calliope/backend.py", line 807, in Run
    resources = command_instance.Run(args)
                ^^^^^^^^^^^^^^^^^^^^^^^^^^
  File "/data/data/com.termux/files/home/google-cloud-sdk/lib/surface/compute/project_info/describe.py", line 37, in Run
    return client.MakeRequests([(client.apitools_client.projects, 'Get',
           ^^^^^^^^^^^^^^^^^^^^^^^^^^^^^^^^^^^^^^^^^^^^^^^^^^^^^^^^^^^^^
  File "/data/data/com.termux/files/home/google-cloud-sdk/lib/googlecloudsdk/api_lib/compute/client_adapter.py", line 145, in MakeRequests
    utils.RaiseToolException(
  File "/data/data/com.termux/files/home/google-cloud-sdk/lib/googlecloudsdk/api_lib/compute/utils.py", line 139, in RaiseToolException
    RaiseException(problems, calliope_exceptions.ToolException, error_message)
  File "/data/data/com.termux/files/home/google-cloud-sdk/lib/googlecloudsdk/api_lib/compute/utils.py", line 148, in RaiseException
    raise exception(
googlecloudsdk.calliope.exceptions.ToolException: Could not fetch resource:
 - Permission denied: Consumer 'projects/elparadisogonzalo-project' has been suspended.

2025-07-17 22:02:45,926 ERROR    root            (gcloud.compute.project-info.describe) Could not fetch resource:
 - Permission denied: Consumer 'projects/elparadisogonzalo-project' has been suspended.

2025-07-17 22:02:45,949 INFO     root            [compute project-info describe --quiet] has failed

2025-07-17 22:02:45,949 INFO     ___FILE_ONLY___ Not setting default zone/region (this feature makes it easier to use
[gcloud compute] by setting an appropriate default value for the
--zone and --region flag).
See https://cloud.google.com/compute/docs/gcloud-compute section on how to set
default compute region and zone manually. If you would like [gcloud init] to be
able to do this for you the next time you run it, make sure the
Compute Engine API is enabled for your project on the
https://console.developers.google.com/apis page.


2025-07-17 22:02:45,950 DEBUG    root            Executing command: ['/data/data/com.termux/files/home/google-cloud-sdk/bin/gsutil', 'config', '-n', '-o', '/data/data/com.termux/files/home/.boto']
2025-07-17 22:02:53,960 DEBUG    ___FILE_ONLY___ 
2025-07-17 22:02:53,961 DEBUG    ___FILE_ONLY___ /data/data/com.termux/files/home/google-cloud-sdk/platform/gsutil/third_party/google-auth-library-python/google/__init__.py:18: UserWarning: pkg_resources is deprecated as an API. See https://setuptools.pypa.io/en/latest/pkg_resources.html. The pkg_resources package is slated for removal as early as 2025-11-30. Refrain from using this package or pin to Setuptools<81.
  import pkg_resources
/data/data/com.termux/files/home/google-cloud-sdk/platform/gsutil/gslib/vendored/boto/boto/__init__.py:1139: SyntaxWarning: invalid escape sequence '\c'
  C:\a\b\c)
/data/data/com.termux/files/home/google-cloud-sdk/platform/gsutil/gslib/vendored/boto/boto/pyami/config.py:98: SyntaxWarning: invalid escape sequence '\s'
  match = re.match("^#import[\s\t]*([^\s^\t]*)[\s\t]*$", line)
/data/data/com.termux/files/home/google-cloud-sdk/platform/gsutil/third_party/pyasn1/pyasn1/type/constraint.py:110: SyntaxWarning: invalid escape sequence '\*'
  \*values: :class:`int`
/data/data/com.termux/files/home/google-cloud-sdk/platform/gsutil/third_party/pyasn1/pyasn1/type/constraint.py:152: SyntaxWarning: invalid escape sequence '\*'
  \*values:
/data/data/com.termux/files/home/google-cloud-sdk/platform/gsutil/third_party/pyasn1/pyasn1/type/constraint.py:313: SyntaxWarning: invalid escape sequence '\*'
  \*alphabet: :class:`str`
/data/data/com.termux/files/home/google-cloud-sdk/platform/gsutil/third_party/pyasn1/pyasn1/type/constraint.py:470: SyntaxWarning: invalid escape sequence '\*'
  \*constraints:
/data/data/com.termux/files/home/google-cloud-sdk/platform/gsutil/third_party/pyasn1/pyasn1/type/constraint.py:514: SyntaxWarning: invalid escape sequence '\*'
  \*constraints:
/data/data/com.termux/files/home/google-cloud-sdk/platform/gsutil/third_party/pyasn1/pyasn1/type/namedval.py:26: SyntaxWarning: invalid escape sequence '\*'
  \*args: variable number of two-element :py:class:`tuple`
/data/data/com.termux/files/home/google-cloud-sdk/platform/gsutil/gslib/vendored/boto/boto/connection.py:672: SyntaxWarning: invalid escape sequence '\w'
  '(?:(?P<user>[\w\-\.]+):(?P<pass>.*)@)?'
/data/data/com.termux/files/home/google-cloud-sdk/platform/gsutil/gslib/vendored/boto/boto/connection.py:673: SyntaxWarning: invalid escape sequence '\w'
  '(?P<host>[\w\-\.]+)'
/data/data/com.termux/files/home/google-cloud-sdk/platform/gsutil/gslib/vendored/boto/boto/connection.py:674: SyntaxWarning: invalid escape sequence '\d'
  '(?::(?P<port>\d+))?'
/data/data/com.termux/files/home/google-cloud-sdk/platform/gsutil/gslib/vendored/boto/boto/connection.py:1121: SyntaxWarning: invalid escape sequence '\.'
  'specific endpoint this request was sent to\.'
/data/data/com.termux/files/home/google-cloud-sdk/platform/gsutil/gslib/vendored/boto/boto/https_connection.py:80: SyntaxWarning: invalid escape sequence '\.'
  host_re = host.replace('.', '\.').replace('*', '[^.]*')
This command will create a boto config file at
/data/data/com.termux/files/home/.boto containing your credentials,
based on your responses to the following questions.

Boto config file "/data/data/com.termux/files/home/.boto" created. If
you need to use a proxy to access the Internet please see the
instructions in that file.

2025-07-17 22:02:53,962 INFO     ___FILE_ONLY___ Created a default .boto configuration file at [/data/data/com.termux/files/home/.boto]. See this file and
[https://cloud.google.com/storage/docs/gsutil/commands/config] for more
information about configuring Google Cloud Storage.

2025-07-17 22:02:53,962 INFO     ___FILE_ONLY___ Your Google Cloud SDK is configured and ready to use!


2025-07-17 22:02:53,962 INFO     ___FILE_ONLY___ * Commands that require authentication will use genyoungclip@gmail.com by default

2025-07-17 22:02:53,963 INFO     ___FILE_ONLY___ * Commands will reference project `elparadisogonzalo-project` by default

2025-07-17 22:02:53,963 INFO     ___FILE_ONLY___ Run `gcloud help config` to learn how to change individual settings


2025-07-17 22:02:53,964 INFO     ___FILE_ONLY___ This gcloud configuration is called [default]. You can create additional configurations if you work with multiple accounts and/or projects.

2025-07-17 22:02:53,964 INFO     ___FILE_ONLY___ Run `gcloud topic configurations` to learn more.


2025-07-17 22:02:53,964 INFO     ___FILE_ONLY___ Some things to try next:


2025-07-17 22:02:53,964 INFO     ___FILE_ONLY___ * Run `gcloud --help` to see the Cloud Platform services you can interact with. And run `gcloud help COMMAND` to get help on any gcloud command.

2025-07-17 22:02:53,965 INFO     ___FILE_ONLY___ * Run `gcloud topic --help` to learn about advanced features of the SDK like arg files and output formatting

2025-07-17 22:02:53,965 INFO     ___FILE_ONLY___ * Run `gcloud cheat-sheet` to see a roster of go-to `gcloud` commands.

2025-07-17 22:02:53,966 DEBUG    root            Chosen display Format:default
2025-07-17 22:02:53,968 INFO     root            Display format: "default"
2025-07-17 22:02:53,978 DEBUG    root            Metrics reporting process started...
